#! /usr/bin/vvp
:ivl_version "10.3 (stable)";
:ivl_delay_selection "TYPICAL";
:vpi_time_precision + 0;
:vpi_module "system";
:vpi_module "vhdl_sys";
:vpi_module "v2005_math";
:vpi_module "va_math";
S_0x556199037930 .scope module, "top" "top" 2 3;
 .timescale 0 0;
v0x556199068df0_0 .var "a", 31 0;
v0x556199068ed0_0 .var "b", 31 0;
v0x556199068f70_0 .net "ca", 0 0, L_0x55619907b040;  1 drivers
v0x556199069010_0 .var "cin", 0 0;
v0x5561990690b0_0 .net "sum", 31 0, L_0x55619907bd40;  1 drivers
S_0x556199037130 .scope module, "FA_0" "ThirtytwoBA" 2 9, 3 3 0, S_0x556199037930;
 .timescale 0 0;
    .port_info 0 /INPUT 32 "a"
    .port_info 1 /INPUT 32 "b"
    .port_info 2 /INPUT 1 "cin"
    .port_info 3 /OUTPUT 32 "sum"
    .port_info 4 /OUTPUT 1 "ca"
v0x5561990687b0_0 .net "a", 31 0, v0x556199068df0_0;  1 drivers
v0x5561990688b0_0 .net "b", 31 0, v0x556199068ed0_0;  1 drivers
v0x556199068990_0 .net "ca", 0 0, L_0x55619907b040;  alias, 1 drivers
v0x556199068ac0_0 .net "cin", 0 0, v0x556199069010_0;  1 drivers
v0x556199068bf0_0 .net "sum", 31 0, L_0x55619907bd40;  alias, 1 drivers
v0x556199068cb0_0 .net "w", 0 0, L_0x556199071b20;  1 drivers
L_0x5561990726e0 .part v0x556199068df0_0, 0, 16;
L_0x5561990727d0 .part v0x556199068ed0_0, 0, 16;
L_0x55619907bc00 .part v0x556199068df0_0, 16, 16;
L_0x55619907bca0 .part v0x556199068ed0_0, 16, 16;
L_0x55619907bd40 .concat8 [ 16 16 0 0], L_0x5561990725a0, L_0x55619907bac0;
S_0x556199031370 .scope module, "FB_0" "sixteenBA" 3 13, 4 3 0, S_0x556199037130;
 .timescale 0 0;
    .port_info 0 /INPUT 16 "a"
    .port_info 1 /INPUT 16 "b"
    .port_info 2 /INPUT 1 "cin"
    .port_info 3 /OUTPUT 16 "sum"
    .port_info 4 /OUTPUT 1 "ca"
v0x556199058fe0_0 .net "a", 15 0, L_0x5561990726e0;  1 drivers
v0x5561990590e0_0 .net "b", 15 0, L_0x5561990727d0;  1 drivers
v0x5561990591c0_0 .net "ca", 0 0, L_0x556199071b20;  alias, 1 drivers
v0x556199059260_0 .net "cin", 0 0, v0x556199069010_0;  alias, 1 drivers
v0x556199059300_0 .net "sum", 15 0, L_0x5561990725a0;  1 drivers
v0x5561990593c0_0 .net "w", 0 0, L_0x55619906d140;  1 drivers
L_0x55619906d9e0 .part L_0x5561990726e0, 0, 8;
L_0x55619906da80 .part L_0x5561990727d0, 0, 8;
L_0x5561990723c0 .part L_0x5561990726e0, 8, 8;
L_0x5561990724b0 .part L_0x5561990727d0, 8, 8;
L_0x5561990725a0 .concat8 [ 8 8 0 0], L_0x55619906d8a0, L_0x556199072280;
S_0x556199033e10 .scope module, "FB_0" "eightBA" 4 13, 5 3 0, S_0x556199031370;
 .timescale 0 0;
    .port_info 0 /INPUT 8 "a"
    .port_info 1 /INPUT 8 "b"
    .port_info 2 /INPUT 1 "cin"
    .port_info 3 /OUTPUT 8 "sum"
    .port_info 4 /OUTPUT 1 "ca"
v0x556199051420_0 .net "a", 7 0, L_0x55619906d9e0;  1 drivers
v0x556199051520_0 .net "b", 7 0, L_0x55619906da80;  1 drivers
v0x556199051600_0 .net "ca", 0 0, L_0x55619906d140;  alias, 1 drivers
v0x5561990516f0_0 .net "cin", 0 0, v0x556199069010_0;  alias, 1 drivers
v0x5561990517e0_0 .net "sum", 7 0, L_0x55619906d8a0;  1 drivers
v0x5561990518f0_0 .net "w", 0 0, L_0x55619906ad70;  1 drivers
L_0x55619906b2f0 .part L_0x55619906d9e0, 0, 4;
L_0x55619906b390 .part L_0x55619906da80, 0, 4;
L_0x55619906d6c0 .part L_0x55619906d9e0, 4, 4;
L_0x55619906d7b0 .part L_0x55619906da80, 4, 4;
L_0x55619906d8a0 .concat8 [ 4 4 0 0], L_0x55619906b250, L_0x55619906d620;
S_0x5561990328c0 .scope module, "FB_0" "fourBA" 5 13, 6 3 0, S_0x556199033e10;
 .timescale 0 0;
    .port_info 0 /INPUT 4 "a"
    .port_info 1 /INPUT 4 "b"
    .port_info 2 /INPUT 1 "cin"
    .port_info 3 /OUTPUT 4 "sum"
    .port_info 4 /OUTPUT 1 "ca"
v0x55619904d680_0 .net "a", 3 0, L_0x55619906b2f0;  1 drivers
v0x55619904d780_0 .net "b", 3 0, L_0x55619906b390;  1 drivers
v0x55619904d860_0 .net "c1", 0 0, L_0x556199069640;  1 drivers
v0x55619904d900_0 .net "c2", 0 0, L_0x556199069d30;  1 drivers
v0x55619904d9f0_0 .net "c3", 0 0, L_0x55619906a5b0;  1 drivers
v0x55619904db30_0 .net "ca", 0 0, L_0x55619906ad70;  alias, 1 drivers
v0x55619904dbd0_0 .net "cin", 0 0, v0x556199069010_0;  alias, 1 drivers
v0x55619904dc70_0 .net "sum", 3 0, L_0x55619906b250;  1 drivers
L_0x556199069750 .part L_0x55619906b2f0, 0, 1;
L_0x5561990697f0 .part L_0x55619906b390, 0, 1;
L_0x556199069e40 .part L_0x55619906b2f0, 1, 1;
L_0x556199069f70 .part L_0x55619906b390, 1, 1;
L_0x55619906a6c0 .part L_0x55619906b2f0, 2, 1;
L_0x55619906a7f0 .part L_0x55619906b390, 2, 1;
L_0x55619906ae80 .part L_0x55619906b2f0, 3, 1;
L_0x55619906b040 .part L_0x55619906b390, 3, 1;
L_0x55619906b250 .concat8 [ 1 1 1 1], L_0x5561990691b0, L_0x556199069900, L_0x55619906a140, L_0x55619906a9d0;
S_0x5561990352d0 .scope module, "FA_0" "fullAdder" 6 12, 7 1 0, S_0x5561990328c0;
 .timescale 0 0;
    .port_info 0 /INPUT 1 "a"
    .port_info 1 /INPUT 1 "b"
    .port_info 2 /INPUT 1 "cin"
    .port_info 3 /OUTPUT 1 "sum"
    .port_info 4 /OUTPUT 1 "ca"
L_0x556199039d20 .functor XOR 1, L_0x556199069750, L_0x5561990697f0, C4<0>, C4<0>;
L_0x5561990691b0 .functor XOR 1, L_0x556199039d20, v0x556199069010_0, C4<0>, C4<0>;
L_0x5561990692a0 .functor AND 1, L_0x556199069750, L_0x5561990697f0, C4<1>, C4<1>;
L_0x5561990693b0 .functor AND 1, L_0x556199069750, v0x556199069010_0, C4<1>, C4<1>;
L_0x556199069450 .functor AND 1, L_0x5561990697f0, v0x556199069010_0, C4<1>, C4<1>;
L_0x5561990694c0 .functor OR 1, L_0x5561990692a0, L_0x5561990693b0, C4<0>, C4<0>;
L_0x556199069640 .functor OR 1, L_0x556199069450, L_0x5561990694c0, C4<0>, C4<0>;
v0x556199038450_0 .net "a", 0 0, L_0x556199069750;  1 drivers
v0x55619901f9c0_0 .net "b", 0 0, L_0x5561990697f0;  1 drivers
v0x55619904af00_0 .net "ca", 0 0, L_0x556199069640;  alias, 1 drivers
v0x55619904afd0_0 .net "cin", 0 0, v0x556199069010_0;  alias, 1 drivers
v0x55619904b090_0 .net "sum", 0 0, L_0x5561990691b0;  1 drivers
v0x55619904b150_0 .net "w1", 0 0, L_0x556199039d20;  1 drivers
v0x55619904b210_0 .net "w2", 0 0, L_0x5561990692a0;  1 drivers
v0x55619904b2d0_0 .net "w3", 0 0, L_0x5561990693b0;  1 drivers
v0x55619904b390_0 .net "w4", 0 0, L_0x556199069450;  1 drivers
v0x55619904b450_0 .net "w5", 0 0, L_0x5561990694c0;  1 drivers
S_0x55619904b5b0 .scope module, "FA_1" "fullAdder" 6 13, 7 1 0, S_0x5561990328c0;
 .timescale 0 0;
    .port_info 0 /INPUT 1 "a"
    .port_info 1 /INPUT 1 "b"
    .port_info 2 /INPUT 1 "cin"
    .port_info 3 /OUTPUT 1 "sum"
    .port_info 4 /OUTPUT 1 "ca"
L_0x556199069890 .functor XOR 1, L_0x556199069e40, L_0x556199069f70, C4<0>, C4<0>;
L_0x556199069900 .functor XOR 1, L_0x556199069890, L_0x556199069640, C4<0>, C4<0>;
L_0x556199069a30 .functor AND 1, L_0x556199069e40, L_0x556199069f70, C4<1>, C4<1>;
L_0x556199069aa0 .functor AND 1, L_0x556199069e40, L_0x556199069640, C4<1>, C4<1>;
L_0x556199069b40 .functor AND 1, L_0x556199069f70, L_0x556199069640, C4<1>, C4<1>;
L_0x556199069bb0 .functor OR 1, L_0x556199069a30, L_0x556199069aa0, C4<0>, C4<0>;
L_0x556199069d30 .functor OR 1, L_0x556199069b40, L_0x556199069bb0, C4<0>, C4<0>;
v0x55619904b7d0_0 .net "a", 0 0, L_0x556199069e40;  1 drivers
v0x55619904b890_0 .net "b", 0 0, L_0x556199069f70;  1 drivers
v0x55619904b950_0 .net "ca", 0 0, L_0x556199069d30;  alias, 1 drivers
v0x55619904ba20_0 .net "cin", 0 0, L_0x556199069640;  alias, 1 drivers
v0x55619904baf0_0 .net "sum", 0 0, L_0x556199069900;  1 drivers
v0x55619904bb90_0 .net "w1", 0 0, L_0x556199069890;  1 drivers
v0x55619904bc50_0 .net "w2", 0 0, L_0x556199069a30;  1 drivers
v0x55619904bd10_0 .net "w3", 0 0, L_0x556199069aa0;  1 drivers
v0x55619904bdd0_0 .net "w4", 0 0, L_0x556199069b40;  1 drivers
v0x55619904bf20_0 .net "w5", 0 0, L_0x556199069bb0;  1 drivers
S_0x55619904c080 .scope module, "FA_2" "fullAdder" 6 14, 7 1 0, S_0x5561990328c0;
 .timescale 0 0;
    .port_info 0 /INPUT 1 "a"
    .port_info 1 /INPUT 1 "b"
    .port_info 2 /INPUT 1 "cin"
    .port_info 3 /OUTPUT 1 "sum"
    .port_info 4 /OUTPUT 1 "ca"
L_0x55619906a0d0 .functor XOR 1, L_0x55619906a6c0, L_0x55619906a7f0, C4<0>, C4<0>;
L_0x55619906a140 .functor XOR 1, L_0x55619906a0d0, L_0x556199069d30, C4<0>, C4<0>;
L_0x55619906a290 .functor AND 1, L_0x55619906a6c0, L_0x55619906a7f0, C4<1>, C4<1>;
L_0x55619906a350 .functor AND 1, L_0x55619906a6c0, L_0x556199069d30, C4<1>, C4<1>;
L_0x55619906a3f0 .functor AND 1, L_0x55619906a7f0, L_0x556199069d30, C4<1>, C4<1>;
L_0x55619906a460 .functor OR 1, L_0x55619906a290, L_0x55619906a350, C4<0>, C4<0>;
L_0x55619906a5b0 .functor OR 1, L_0x55619906a3f0, L_0x55619906a460, C4<0>, C4<0>;
v0x55619904c2b0_0 .net "a", 0 0, L_0x55619906a6c0;  1 drivers
v0x55619904c370_0 .net "b", 0 0, L_0x55619906a7f0;  1 drivers
v0x55619904c430_0 .net "ca", 0 0, L_0x55619906a5b0;  alias, 1 drivers
v0x55619904c500_0 .net "cin", 0 0, L_0x556199069d30;  alias, 1 drivers
v0x55619904c5d0_0 .net "sum", 0 0, L_0x55619906a140;  1 drivers
v0x55619904c670_0 .net "w1", 0 0, L_0x55619906a0d0;  1 drivers
v0x55619904c730_0 .net "w2", 0 0, L_0x55619906a290;  1 drivers
v0x55619904c7f0_0 .net "w3", 0 0, L_0x55619906a350;  1 drivers
v0x55619904c8b0_0 .net "w4", 0 0, L_0x55619906a3f0;  1 drivers
v0x55619904ca00_0 .net "w5", 0 0, L_0x55619906a460;  1 drivers
S_0x55619904cb60 .scope module, "FA_3" "fullAdder" 6 15, 7 1 0, S_0x5561990328c0;
 .timescale 0 0;
    .port_info 0 /INPUT 1 "a"
    .port_info 1 /INPUT 1 "b"
    .port_info 2 /INPUT 1 "cin"
    .port_info 3 /OUTPUT 1 "sum"
    .port_info 4 /OUTPUT 1 "ca"
L_0x55619906a960 .functor XOR 1, L_0x55619906ae80, L_0x55619906b040, C4<0>, C4<0>;
L_0x55619906a9d0 .functor XOR 1, L_0x55619906a960, L_0x55619906a5b0, C4<0>, C4<0>;
L_0x55619906aad0 .functor AND 1, L_0x55619906ae80, L_0x55619906b040, C4<1>, C4<1>;
L_0x55619906ab40 .functor AND 1, L_0x55619906ae80, L_0x55619906a5b0, C4<1>, C4<1>;
L_0x55619906abb0 .functor AND 1, L_0x55619906b040, L_0x55619906a5b0, C4<1>, C4<1>;
L_0x55619906ac20 .functor OR 1, L_0x55619906aad0, L_0x55619906ab40, C4<0>, C4<0>;
L_0x55619906ad70 .functor OR 1, L_0x55619906abb0, L_0x55619906ac20, C4<0>, C4<0>;
v0x55619904cd60_0 .net "a", 0 0, L_0x55619906ae80;  1 drivers
v0x55619904ce40_0 .net "b", 0 0, L_0x55619906b040;  1 drivers
v0x55619904cf00_0 .net "ca", 0 0, L_0x55619906ad70;  alias, 1 drivers
v0x55619904cfd0_0 .net "cin", 0 0, L_0x55619906a5b0;  alias, 1 drivers
v0x55619904d0a0_0 .net "sum", 0 0, L_0x55619906a9d0;  1 drivers
v0x55619904d190_0 .net "w1", 0 0, L_0x55619906a960;  1 drivers
v0x55619904d250_0 .net "w2", 0 0, L_0x55619906aad0;  1 drivers
v0x55619904d310_0 .net "w3", 0 0, L_0x55619906ab40;  1 drivers
v0x55619904d3d0_0 .net "w4", 0 0, L_0x55619906abb0;  1 drivers
v0x55619904d520_0 .net "w5", 0 0, L_0x55619906ac20;  1 drivers
S_0x55619904dd90 .scope module, "FB_1" "fourBA" 5 14, 6 3 0, S_0x556199033e10;
 .timescale 0 0;
    .port_info 0 /INPUT 4 "a"
    .port_info 1 /INPUT 4 "b"
    .port_info 2 /INPUT 1 "cin"
    .port_info 3 /OUTPUT 4 "sum"
    .port_info 4 /OUTPUT 1 "ca"
v0x556199050cf0_0 .net "a", 3 0, L_0x55619906d6c0;  1 drivers
v0x556199050df0_0 .net "b", 3 0, L_0x55619906d7b0;  1 drivers
v0x556199050ed0_0 .net "c1", 0 0, L_0x55619906b9b0;  1 drivers
v0x556199050f70_0 .net "c2", 0 0, L_0x55619906c100;  1 drivers
v0x556199051060_0 .net "c3", 0 0, L_0x55619906c980;  1 drivers
v0x5561990511a0_0 .net "ca", 0 0, L_0x55619906d140;  alias, 1 drivers
v0x556199051240_0 .net "cin", 0 0, L_0x55619906ad70;  alias, 1 drivers
v0x5561990512e0_0 .net "sum", 3 0, L_0x55619906d620;  1 drivers
L_0x55619906bac0 .part L_0x55619906d6c0, 0, 1;
L_0x55619906bb60 .part L_0x55619906d7b0, 0, 1;
L_0x55619906c210 .part L_0x55619906d6c0, 1, 1;
L_0x55619906c340 .part L_0x55619906d7b0, 1, 1;
L_0x55619906ca90 .part L_0x55619906d6c0, 2, 1;
L_0x55619906cbc0 .part L_0x55619906d7b0, 2, 1;
L_0x55619906d250 .part L_0x55619906d6c0, 3, 1;
L_0x55619906d410 .part L_0x55619906d7b0, 3, 1;
L_0x55619906d620 .concat8 [ 1 1 1 1], L_0x55619906b4a0, L_0x55619906bd00, L_0x55619906c510, L_0x55619906cda0;
S_0x55619904e000 .scope module, "FA_0" "fullAdder" 6 12, 7 1 0, S_0x55619904dd90;
 .timescale 0 0;
    .port_info 0 /INPUT 1 "a"
    .port_info 1 /INPUT 1 "b"
    .port_info 2 /INPUT 1 "cin"
    .port_info 3 /OUTPUT 1 "sum"
    .port_info 4 /OUTPUT 1 "ca"
L_0x55619906b430 .functor XOR 1, L_0x55619906bac0, L_0x55619906bb60, C4<0>, C4<0>;
L_0x55619906b4a0 .functor XOR 1, L_0x55619906b430, L_0x55619906ad70, C4<0>, C4<0>;
L_0x55619906b560 .functor AND 1, L_0x55619906bac0, L_0x55619906bb60, C4<1>, C4<1>;
L_0x55619906b670 .functor AND 1, L_0x55619906bac0, L_0x55619906ad70, C4<1>, C4<1>;
L_0x55619906b6e0 .functor AND 1, L_0x55619906bb60, L_0x55619906ad70, C4<1>, C4<1>;
L_0x55619906b860 .functor OR 1, L_0x55619906b560, L_0x55619906b670, C4<0>, C4<0>;
L_0x55619906b9b0 .functor OR 1, L_0x55619906b6e0, L_0x55619906b860, C4<0>, C4<0>;
v0x55619904e250_0 .net "a", 0 0, L_0x55619906bac0;  1 drivers
v0x55619904e330_0 .net "b", 0 0, L_0x55619906bb60;  1 drivers
v0x55619904e3f0_0 .net "ca", 0 0, L_0x55619906b9b0;  alias, 1 drivers
v0x55619904e4c0_0 .net "cin", 0 0, L_0x55619906ad70;  alias, 1 drivers
v0x55619904e5b0_0 .net "sum", 0 0, L_0x55619906b4a0;  1 drivers
v0x55619904e6c0_0 .net "w1", 0 0, L_0x55619906b430;  1 drivers
v0x55619904e780_0 .net "w2", 0 0, L_0x55619906b560;  1 drivers
v0x55619904e840_0 .net "w3", 0 0, L_0x55619906b670;  1 drivers
v0x55619904e900_0 .net "w4", 0 0, L_0x55619906b6e0;  1 drivers
v0x55619904ea50_0 .net "w5", 0 0, L_0x55619906b860;  1 drivers
S_0x55619904ebb0 .scope module, "FA_1" "fullAdder" 6 13, 7 1 0, S_0x55619904dd90;
 .timescale 0 0;
    .port_info 0 /INPUT 1 "a"
    .port_info 1 /INPUT 1 "b"
    .port_info 2 /INPUT 1 "cin"
    .port_info 3 /OUTPUT 1 "sum"
    .port_info 4 /OUTPUT 1 "ca"
L_0x55619906bc90 .functor XOR 1, L_0x55619906c210, L_0x55619906c340, C4<0>, C4<0>;
L_0x55619906bd00 .functor XOR 1, L_0x55619906bc90, L_0x55619906b9b0, C4<0>, C4<0>;
L_0x55619906be00 .functor AND 1, L_0x55619906c210, L_0x55619906c340, C4<1>, C4<1>;
L_0x55619906be70 .functor AND 1, L_0x55619906c210, L_0x55619906b9b0, C4<1>, C4<1>;
L_0x55619906bf10 .functor AND 1, L_0x55619906c340, L_0x55619906b9b0, C4<1>, C4<1>;
L_0x55619906bf80 .functor OR 1, L_0x55619906be00, L_0x55619906be70, C4<0>, C4<0>;
L_0x55619906c100 .functor OR 1, L_0x55619906bf10, L_0x55619906bf80, C4<0>, C4<0>;
v0x55619904edd0_0 .net "a", 0 0, L_0x55619906c210;  1 drivers
v0x55619904ee90_0 .net "b", 0 0, L_0x55619906c340;  1 drivers
v0x55619904ef50_0 .net "ca", 0 0, L_0x55619906c100;  alias, 1 drivers
v0x55619904eff0_0 .net "cin", 0 0, L_0x55619906b9b0;  alias, 1 drivers
v0x55619904f0c0_0 .net "sum", 0 0, L_0x55619906bd00;  1 drivers
v0x55619904f1b0_0 .net "w1", 0 0, L_0x55619906bc90;  1 drivers
v0x55619904f270_0 .net "w2", 0 0, L_0x55619906be00;  1 drivers
v0x55619904f330_0 .net "w3", 0 0, L_0x55619906be70;  1 drivers
v0x55619904f3f0_0 .net "w4", 0 0, L_0x55619906bf10;  1 drivers
v0x55619904f540_0 .net "w5", 0 0, L_0x55619906bf80;  1 drivers
S_0x55619904f6a0 .scope module, "FA_2" "fullAdder" 6 14, 7 1 0, S_0x55619904dd90;
 .timescale 0 0;
    .port_info 0 /INPUT 1 "a"
    .port_info 1 /INPUT 1 "b"
    .port_info 2 /INPUT 1 "cin"
    .port_info 3 /OUTPUT 1 "sum"
    .port_info 4 /OUTPUT 1 "ca"
L_0x55619906c4a0 .functor XOR 1, L_0x55619906ca90, L_0x55619906cbc0, C4<0>, C4<0>;
L_0x55619906c510 .functor XOR 1, L_0x55619906c4a0, L_0x55619906c100, C4<0>, C4<0>;
L_0x55619906c660 .functor AND 1, L_0x55619906ca90, L_0x55619906cbc0, C4<1>, C4<1>;
L_0x55619906c720 .functor AND 1, L_0x55619906ca90, L_0x55619906c100, C4<1>, C4<1>;
L_0x55619906c7c0 .functor AND 1, L_0x55619906cbc0, L_0x55619906c100, C4<1>, C4<1>;
L_0x55619906c830 .functor OR 1, L_0x55619906c660, L_0x55619906c720, C4<0>, C4<0>;
L_0x55619906c980 .functor OR 1, L_0x55619906c7c0, L_0x55619906c830, C4<0>, C4<0>;
v0x55619904f8d0_0 .net "a", 0 0, L_0x55619906ca90;  1 drivers
v0x55619904f990_0 .net "b", 0 0, L_0x55619906cbc0;  1 drivers
v0x55619904fa50_0 .net "ca", 0 0, L_0x55619906c980;  alias, 1 drivers
v0x55619904fb20_0 .net "cin", 0 0, L_0x55619906c100;  alias, 1 drivers
v0x55619904fbf0_0 .net "sum", 0 0, L_0x55619906c510;  1 drivers
v0x55619904fce0_0 .net "w1", 0 0, L_0x55619906c4a0;  1 drivers
v0x55619904fda0_0 .net "w2", 0 0, L_0x55619906c660;  1 drivers
v0x55619904fe60_0 .net "w3", 0 0, L_0x55619906c720;  1 drivers
v0x55619904ff20_0 .net "w4", 0 0, L_0x55619906c7c0;  1 drivers
v0x556199050070_0 .net "w5", 0 0, L_0x55619906c830;  1 drivers
S_0x5561990501d0 .scope module, "FA_3" "fullAdder" 6 15, 7 1 0, S_0x55619904dd90;
 .timescale 0 0;
    .port_info 0 /INPUT 1 "a"
    .port_info 1 /INPUT 1 "b"
    .port_info 2 /INPUT 1 "cin"
    .port_info 3 /OUTPUT 1 "sum"
    .port_info 4 /OUTPUT 1 "ca"
L_0x55619906cd30 .functor XOR 1, L_0x55619906d250, L_0x55619906d410, C4<0>, C4<0>;
L_0x55619906cda0 .functor XOR 1, L_0x55619906cd30, L_0x55619906c980, C4<0>, C4<0>;
L_0x55619906cea0 .functor AND 1, L_0x55619906d250, L_0x55619906d410, C4<1>, C4<1>;
L_0x55619906cf10 .functor AND 1, L_0x55619906d250, L_0x55619906c980, C4<1>, C4<1>;
L_0x55619906cf80 .functor AND 1, L_0x55619906d410, L_0x55619906c980, C4<1>, C4<1>;
L_0x55619906cff0 .functor OR 1, L_0x55619906cea0, L_0x55619906cf10, C4<0>, C4<0>;
L_0x55619906d140 .functor OR 1, L_0x55619906cf80, L_0x55619906cff0, C4<0>, C4<0>;
v0x5561990503d0_0 .net "a", 0 0, L_0x55619906d250;  1 drivers
v0x5561990504b0_0 .net "b", 0 0, L_0x55619906d410;  1 drivers
v0x556199050570_0 .net "ca", 0 0, L_0x55619906d140;  alias, 1 drivers
v0x556199050640_0 .net "cin", 0 0, L_0x55619906c980;  alias, 1 drivers
v0x556199050710_0 .net "sum", 0 0, L_0x55619906cda0;  1 drivers
v0x556199050800_0 .net "w1", 0 0, L_0x55619906cd30;  1 drivers
v0x5561990508c0_0 .net "w2", 0 0, L_0x55619906cea0;  1 drivers
v0x556199050980_0 .net "w3", 0 0, L_0x55619906cf10;  1 drivers
v0x556199050a40_0 .net "w4", 0 0, L_0x55619906cf80;  1 drivers
v0x556199050b90_0 .net "w5", 0 0, L_0x55619906cff0;  1 drivers
S_0x556199051ac0 .scope module, "FB_1" "eightBA" 4 14, 5 3 0, S_0x556199031370;
 .timescale 0 0;
    .port_info 0 /INPUT 8 "a"
    .port_info 1 /INPUT 8 "b"
    .port_info 2 /INPUT 1 "cin"
    .port_info 3 /OUTPUT 8 "sum"
    .port_info 4 /OUTPUT 1 "ca"
v0x556199058990_0 .net "a", 7 0, L_0x5561990723c0;  1 drivers
v0x556199058a90_0 .net "b", 7 0, L_0x5561990724b0;  1 drivers
v0x556199058b70_0 .net "ca", 0 0, L_0x556199071b20;  alias, 1 drivers
v0x556199058c60_0 .net "cin", 0 0, L_0x55619906d140;  alias, 1 drivers
v0x556199058d00_0 .net "sum", 7 0, L_0x556199072280;  1 drivers
v0x556199058e10_0 .net "w", 0 0, L_0x55619906f790;  1 drivers
L_0x55619906fd10 .part L_0x5561990723c0, 0, 4;
L_0x55619906fdb0 .part L_0x5561990724b0, 0, 4;
L_0x5561990720a0 .part L_0x5561990723c0, 4, 4;
L_0x556199072190 .part L_0x5561990724b0, 4, 4;
L_0x556199072280 .concat8 [ 4 4 0 0], L_0x55619906fc70, L_0x556199072000;
S_0x556199051ce0 .scope module, "FB_0" "fourBA" 5 13, 6 3 0, S_0x556199051ac0;
 .timescale 0 0;
    .port_info 0 /INPUT 4 "a"
    .port_info 1 /INPUT 4 "b"
    .port_info 2 /INPUT 1 "cin"
    .port_info 3 /OUTPUT 4 "sum"
    .port_info 4 /OUTPUT 1 "ca"
v0x556199054bc0_0 .net "a", 3 0, L_0x55619906fd10;  1 drivers
v0x556199054cc0_0 .net "b", 3 0, L_0x55619906fdb0;  1 drivers
v0x556199054da0_0 .net "c1", 0 0, L_0x55619906e060;  1 drivers
v0x556199054e40_0 .net "c2", 0 0, L_0x55619906e750;  1 drivers
v0x556199054f30_0 .net "c3", 0 0, L_0x55619906efd0;  1 drivers
v0x556199055070_0 .net "ca", 0 0, L_0x55619906f790;  alias, 1 drivers
v0x556199055110_0 .net "cin", 0 0, L_0x55619906d140;  alias, 1 drivers
v0x556199055240_0 .net "sum", 3 0, L_0x55619906fc70;  1 drivers
L_0x55619906e170 .part L_0x55619906fd10, 0, 1;
L_0x55619906e210 .part L_0x55619906fdb0, 0, 1;
L_0x55619906e860 .part L_0x55619906fd10, 1, 1;
L_0x55619906e990 .part L_0x55619906fdb0, 1, 1;
L_0x55619906f0e0 .part L_0x55619906fd10, 2, 1;
L_0x55619906f210 .part L_0x55619906fdb0, 2, 1;
L_0x55619906f8a0 .part L_0x55619906fd10, 3, 1;
L_0x55619906fa60 .part L_0x55619906fdb0, 3, 1;
L_0x55619906fc70 .concat8 [ 1 1 1 1], L_0x55619906db90, L_0x55619906e3b0, L_0x55619906eb60, L_0x55619906f3f0;
S_0x556199051f30 .scope module, "FA_0" "fullAdder" 6 12, 7 1 0, S_0x556199051ce0;
 .timescale 0 0;
    .port_info 0 /INPUT 1 "a"
    .port_info 1 /INPUT 1 "b"
    .port_info 2 /INPUT 1 "cin"
    .port_info 3 /OUTPUT 1 "sum"
    .port_info 4 /OUTPUT 1 "ca"
L_0x55619906db20 .functor XOR 1, L_0x55619906e170, L_0x55619906e210, C4<0>, C4<0>;
L_0x55619906db90 .functor XOR 1, L_0x55619906db20, L_0x55619906d140, C4<0>, C4<0>;
L_0x55619906dd60 .functor AND 1, L_0x55619906e170, L_0x55619906e210, C4<1>, C4<1>;
L_0x55619906de70 .functor AND 1, L_0x55619906e170, L_0x55619906d140, C4<1>, C4<1>;
L_0x55619906dee0 .functor AND 1, L_0x55619906e210, L_0x55619906d140, C4<1>, C4<1>;
L_0x55619906df50 .functor OR 1, L_0x55619906dd60, L_0x55619906de70, C4<0>, C4<0>;
L_0x55619906e060 .functor OR 1, L_0x55619906dee0, L_0x55619906df50, C4<0>, C4<0>;
v0x5561990521a0_0 .net "a", 0 0, L_0x55619906e170;  1 drivers
v0x556199052280_0 .net "b", 0 0, L_0x55619906e210;  1 drivers
v0x556199052340_0 .net "ca", 0 0, L_0x55619906e060;  alias, 1 drivers
v0x5561990523e0_0 .net "cin", 0 0, L_0x55619906d140;  alias, 1 drivers
v0x556199052480_0 .net "sum", 0 0, L_0x55619906db90;  1 drivers
v0x556199052590_0 .net "w1", 0 0, L_0x55619906db20;  1 drivers
v0x556199052650_0 .net "w2", 0 0, L_0x55619906dd60;  1 drivers
v0x556199052710_0 .net "w3", 0 0, L_0x55619906de70;  1 drivers
v0x5561990527d0_0 .net "w4", 0 0, L_0x55619906dee0;  1 drivers
v0x556199052920_0 .net "w5", 0 0, L_0x55619906df50;  1 drivers
S_0x556199052a80 .scope module, "FA_1" "fullAdder" 6 13, 7 1 0, S_0x556199051ce0;
 .timescale 0 0;
    .port_info 0 /INPUT 1 "a"
    .port_info 1 /INPUT 1 "b"
    .port_info 2 /INPUT 1 "cin"
    .port_info 3 /OUTPUT 1 "sum"
    .port_info 4 /OUTPUT 1 "ca"
L_0x55619906e340 .functor XOR 1, L_0x55619906e860, L_0x55619906e990, C4<0>, C4<0>;
L_0x55619906e3b0 .functor XOR 1, L_0x55619906e340, L_0x55619906e060, C4<0>, C4<0>;
L_0x55619906e4b0 .functor AND 1, L_0x55619906e860, L_0x55619906e990, C4<1>, C4<1>;
L_0x55619906e520 .functor AND 1, L_0x55619906e860, L_0x55619906e060, C4<1>, C4<1>;
L_0x55619906e590 .functor AND 1, L_0x55619906e990, L_0x55619906e060, C4<1>, C4<1>;
L_0x55619906e600 .functor OR 1, L_0x55619906e4b0, L_0x55619906e520, C4<0>, C4<0>;
L_0x55619906e750 .functor OR 1, L_0x55619906e590, L_0x55619906e600, C4<0>, C4<0>;
v0x556199052ca0_0 .net "a", 0 0, L_0x55619906e860;  1 drivers
v0x556199052d60_0 .net "b", 0 0, L_0x55619906e990;  1 drivers
v0x556199052e20_0 .net "ca", 0 0, L_0x55619906e750;  alias, 1 drivers
v0x556199052ec0_0 .net "cin", 0 0, L_0x55619906e060;  alias, 1 drivers
v0x556199052f90_0 .net "sum", 0 0, L_0x55619906e3b0;  1 drivers
v0x556199053080_0 .net "w1", 0 0, L_0x55619906e340;  1 drivers
v0x556199053140_0 .net "w2", 0 0, L_0x55619906e4b0;  1 drivers
v0x556199053200_0 .net "w3", 0 0, L_0x55619906e520;  1 drivers
v0x5561990532c0_0 .net "w4", 0 0, L_0x55619906e590;  1 drivers
v0x556199053410_0 .net "w5", 0 0, L_0x55619906e600;  1 drivers
S_0x556199053570 .scope module, "FA_2" "fullAdder" 6 14, 7 1 0, S_0x556199051ce0;
 .timescale 0 0;
    .port_info 0 /INPUT 1 "a"
    .port_info 1 /INPUT 1 "b"
    .port_info 2 /INPUT 1 "cin"
    .port_info 3 /OUTPUT 1 "sum"
    .port_info 4 /OUTPUT 1 "ca"
L_0x55619906eaf0 .functor XOR 1, L_0x55619906f0e0, L_0x55619906f210, C4<0>, C4<0>;
L_0x55619906eb60 .functor XOR 1, L_0x55619906eaf0, L_0x55619906e750, C4<0>, C4<0>;
L_0x55619906ecb0 .functor AND 1, L_0x55619906f0e0, L_0x55619906f210, C4<1>, C4<1>;
L_0x55619906ed70 .functor AND 1, L_0x55619906f0e0, L_0x55619906e750, C4<1>, C4<1>;
L_0x55619906ee10 .functor AND 1, L_0x55619906f210, L_0x55619906e750, C4<1>, C4<1>;
L_0x55619906ee80 .functor OR 1, L_0x55619906ecb0, L_0x55619906ed70, C4<0>, C4<0>;
L_0x55619906efd0 .functor OR 1, L_0x55619906ee10, L_0x55619906ee80, C4<0>, C4<0>;
v0x5561990537a0_0 .net "a", 0 0, L_0x55619906f0e0;  1 drivers
v0x556199053860_0 .net "b", 0 0, L_0x55619906f210;  1 drivers
v0x556199053920_0 .net "ca", 0 0, L_0x55619906efd0;  alias, 1 drivers
v0x5561990539f0_0 .net "cin", 0 0, L_0x55619906e750;  alias, 1 drivers
v0x556199053ac0_0 .net "sum", 0 0, L_0x55619906eb60;  1 drivers
v0x556199053bb0_0 .net "w1", 0 0, L_0x55619906eaf0;  1 drivers
v0x556199053c70_0 .net "w2", 0 0, L_0x55619906ecb0;  1 drivers
v0x556199053d30_0 .net "w3", 0 0, L_0x55619906ed70;  1 drivers
v0x556199053df0_0 .net "w4", 0 0, L_0x55619906ee10;  1 drivers
v0x556199053f40_0 .net "w5", 0 0, L_0x55619906ee80;  1 drivers
S_0x5561990540a0 .scope module, "FA_3" "fullAdder" 6 15, 7 1 0, S_0x556199051ce0;
 .timescale 0 0;
    .port_info 0 /INPUT 1 "a"
    .port_info 1 /INPUT 1 "b"
    .port_info 2 /INPUT 1 "cin"
    .port_info 3 /OUTPUT 1 "sum"
    .port_info 4 /OUTPUT 1 "ca"
L_0x55619906f380 .functor XOR 1, L_0x55619906f8a0, L_0x55619906fa60, C4<0>, C4<0>;
L_0x55619906f3f0 .functor XOR 1, L_0x55619906f380, L_0x55619906efd0, C4<0>, C4<0>;
L_0x55619906f4f0 .functor AND 1, L_0x55619906f8a0, L_0x55619906fa60, C4<1>, C4<1>;
L_0x55619906f560 .functor AND 1, L_0x55619906f8a0, L_0x55619906efd0, C4<1>, C4<1>;
L_0x55619906f5d0 .functor AND 1, L_0x55619906fa60, L_0x55619906efd0, C4<1>, C4<1>;
L_0x55619906f640 .functor OR 1, L_0x55619906f4f0, L_0x55619906f560, C4<0>, C4<0>;
L_0x55619906f790 .functor OR 1, L_0x55619906f5d0, L_0x55619906f640, C4<0>, C4<0>;
v0x5561990542a0_0 .net "a", 0 0, L_0x55619906f8a0;  1 drivers
v0x556199054380_0 .net "b", 0 0, L_0x55619906fa60;  1 drivers
v0x556199054440_0 .net "ca", 0 0, L_0x55619906f790;  alias, 1 drivers
v0x556199054510_0 .net "cin", 0 0, L_0x55619906efd0;  alias, 1 drivers
v0x5561990545e0_0 .net "sum", 0 0, L_0x55619906f3f0;  1 drivers
v0x5561990546d0_0 .net "w1", 0 0, L_0x55619906f380;  1 drivers
v0x556199054790_0 .net "w2", 0 0, L_0x55619906f4f0;  1 drivers
v0x556199054850_0 .net "w3", 0 0, L_0x55619906f560;  1 drivers
v0x556199054910_0 .net "w4", 0 0, L_0x55619906f5d0;  1 drivers
v0x556199054a60_0 .net "w5", 0 0, L_0x55619906f640;  1 drivers
S_0x556199055380 .scope module, "FB_1" "fourBA" 5 14, 6 3 0, S_0x556199051ac0;
 .timescale 0 0;
    .port_info 0 /INPUT 4 "a"
    .port_info 1 /INPUT 4 "b"
    .port_info 2 /INPUT 1 "cin"
    .port_info 3 /OUTPUT 4 "sum"
    .port_info 4 /OUTPUT 1 "ca"
v0x556199058260_0 .net "a", 3 0, L_0x5561990720a0;  1 drivers
v0x556199058360_0 .net "b", 3 0, L_0x556199072190;  1 drivers
v0x556199058440_0 .net "c1", 0 0, L_0x556199070390;  1 drivers
v0x5561990584e0_0 .net "c2", 0 0, L_0x556199070ae0;  1 drivers
v0x5561990585d0_0 .net "c3", 0 0, L_0x556199071360;  1 drivers
v0x556199058710_0 .net "ca", 0 0, L_0x556199071b20;  alias, 1 drivers
v0x5561990587b0_0 .net "cin", 0 0, L_0x55619906f790;  alias, 1 drivers
v0x556199058850_0 .net "sum", 3 0, L_0x556199072000;  1 drivers
L_0x5561990704a0 .part L_0x5561990720a0, 0, 1;
L_0x556199070540 .part L_0x556199072190, 0, 1;
L_0x556199070bf0 .part L_0x5561990720a0, 1, 1;
L_0x556199070d20 .part L_0x556199072190, 1, 1;
L_0x556199071470 .part L_0x5561990720a0, 2, 1;
L_0x5561990715a0 .part L_0x556199072190, 2, 1;
L_0x556199071c30 .part L_0x5561990720a0, 3, 1;
L_0x556199071df0 .part L_0x556199072190, 3, 1;
L_0x556199072000 .concat8 [ 1 1 1 1], L_0x55619906fec0, L_0x5561990706e0, L_0x556199070ef0, L_0x556199071780;
S_0x5561990555a0 .scope module, "FA_0" "fullAdder" 6 12, 7 1 0, S_0x556199055380;
 .timescale 0 0;
    .port_info 0 /INPUT 1 "a"
    .port_info 1 /INPUT 1 "b"
    .port_info 2 /INPUT 1 "cin"
    .port_info 3 /OUTPUT 1 "sum"
    .port_info 4 /OUTPUT 1 "ca"
L_0x55619906fe50 .functor XOR 1, L_0x5561990704a0, L_0x556199070540, C4<0>, C4<0>;
L_0x55619906fec0 .functor XOR 1, L_0x55619906fe50, L_0x55619906f790, C4<0>, C4<0>;
L_0x55619906ff80 .functor AND 1, L_0x5561990704a0, L_0x556199070540, C4<1>, C4<1>;
L_0x556199070090 .functor AND 1, L_0x5561990704a0, L_0x55619906f790, C4<1>, C4<1>;
L_0x556199070100 .functor AND 1, L_0x556199070540, L_0x55619906f790, C4<1>, C4<1>;
L_0x556199070280 .functor OR 1, L_0x55619906ff80, L_0x556199070090, C4<0>, C4<0>;
L_0x556199070390 .functor OR 1, L_0x556199070100, L_0x556199070280, C4<0>, C4<0>;
v0x5561990557f0_0 .net "a", 0 0, L_0x5561990704a0;  1 drivers
v0x5561990558d0_0 .net "b", 0 0, L_0x556199070540;  1 drivers
v0x556199055990_0 .net "ca", 0 0, L_0x556199070390;  alias, 1 drivers
v0x556199055a30_0 .net "cin", 0 0, L_0x55619906f790;  alias, 1 drivers
v0x556199055b20_0 .net "sum", 0 0, L_0x55619906fec0;  1 drivers
v0x556199055c30_0 .net "w1", 0 0, L_0x55619906fe50;  1 drivers
v0x556199055cf0_0 .net "w2", 0 0, L_0x55619906ff80;  1 drivers
v0x556199055db0_0 .net "w3", 0 0, L_0x556199070090;  1 drivers
v0x556199055e70_0 .net "w4", 0 0, L_0x556199070100;  1 drivers
v0x556199055fc0_0 .net "w5", 0 0, L_0x556199070280;  1 drivers
S_0x556199056120 .scope module, "FA_1" "fullAdder" 6 13, 7 1 0, S_0x556199055380;
 .timescale 0 0;
    .port_info 0 /INPUT 1 "a"
    .port_info 1 /INPUT 1 "b"
    .port_info 2 /INPUT 1 "cin"
    .port_info 3 /OUTPUT 1 "sum"
    .port_info 4 /OUTPUT 1 "ca"
L_0x556199070670 .functor XOR 1, L_0x556199070bf0, L_0x556199070d20, C4<0>, C4<0>;
L_0x5561990706e0 .functor XOR 1, L_0x556199070670, L_0x556199070390, C4<0>, C4<0>;
L_0x5561990707e0 .functor AND 1, L_0x556199070bf0, L_0x556199070d20, C4<1>, C4<1>;
L_0x556199070850 .functor AND 1, L_0x556199070bf0, L_0x556199070390, C4<1>, C4<1>;
L_0x5561990708f0 .functor AND 1, L_0x556199070d20, L_0x556199070390, C4<1>, C4<1>;
L_0x556199070960 .functor OR 1, L_0x5561990707e0, L_0x556199070850, C4<0>, C4<0>;
L_0x556199070ae0 .functor OR 1, L_0x5561990708f0, L_0x556199070960, C4<0>, C4<0>;
v0x556199056340_0 .net "a", 0 0, L_0x556199070bf0;  1 drivers
v0x556199056400_0 .net "b", 0 0, L_0x556199070d20;  1 drivers
v0x5561990564c0_0 .net "ca", 0 0, L_0x556199070ae0;  alias, 1 drivers
v0x556199056560_0 .net "cin", 0 0, L_0x556199070390;  alias, 1 drivers
v0x556199056630_0 .net "sum", 0 0, L_0x5561990706e0;  1 drivers
v0x556199056720_0 .net "w1", 0 0, L_0x556199070670;  1 drivers
v0x5561990567e0_0 .net "w2", 0 0, L_0x5561990707e0;  1 drivers
v0x5561990568a0_0 .net "w3", 0 0, L_0x556199070850;  1 drivers
v0x556199056960_0 .net "w4", 0 0, L_0x5561990708f0;  1 drivers
v0x556199056ab0_0 .net "w5", 0 0, L_0x556199070960;  1 drivers
S_0x556199056c10 .scope module, "FA_2" "fullAdder" 6 14, 7 1 0, S_0x556199055380;
 .timescale 0 0;
    .port_info 0 /INPUT 1 "a"
    .port_info 1 /INPUT 1 "b"
    .port_info 2 /INPUT 1 "cin"
    .port_info 3 /OUTPUT 1 "sum"
    .port_info 4 /OUTPUT 1 "ca"
L_0x556199070e80 .functor XOR 1, L_0x556199071470, L_0x5561990715a0, C4<0>, C4<0>;
L_0x556199070ef0 .functor XOR 1, L_0x556199070e80, L_0x556199070ae0, C4<0>, C4<0>;
L_0x556199071040 .functor AND 1, L_0x556199071470, L_0x5561990715a0, C4<1>, C4<1>;
L_0x556199071100 .functor AND 1, L_0x556199071470, L_0x556199070ae0, C4<1>, C4<1>;
L_0x5561990711a0 .functor AND 1, L_0x5561990715a0, L_0x556199070ae0, C4<1>, C4<1>;
L_0x556199071210 .functor OR 1, L_0x556199071040, L_0x556199071100, C4<0>, C4<0>;
L_0x556199071360 .functor OR 1, L_0x5561990711a0, L_0x556199071210, C4<0>, C4<0>;
v0x556199056e40_0 .net "a", 0 0, L_0x556199071470;  1 drivers
v0x556199056f00_0 .net "b", 0 0, L_0x5561990715a0;  1 drivers
v0x556199056fc0_0 .net "ca", 0 0, L_0x556199071360;  alias, 1 drivers
v0x556199057090_0 .net "cin", 0 0, L_0x556199070ae0;  alias, 1 drivers
v0x556199057160_0 .net "sum", 0 0, L_0x556199070ef0;  1 drivers
v0x556199057250_0 .net "w1", 0 0, L_0x556199070e80;  1 drivers
v0x556199057310_0 .net "w2", 0 0, L_0x556199071040;  1 drivers
v0x5561990573d0_0 .net "w3", 0 0, L_0x556199071100;  1 drivers
v0x556199057490_0 .net "w4", 0 0, L_0x5561990711a0;  1 drivers
v0x5561990575e0_0 .net "w5", 0 0, L_0x556199071210;  1 drivers
S_0x556199057740 .scope module, "FA_3" "fullAdder" 6 15, 7 1 0, S_0x556199055380;
 .timescale 0 0;
    .port_info 0 /INPUT 1 "a"
    .port_info 1 /INPUT 1 "b"
    .port_info 2 /INPUT 1 "cin"
    .port_info 3 /OUTPUT 1 "sum"
    .port_info 4 /OUTPUT 1 "ca"
L_0x556199071710 .functor XOR 1, L_0x556199071c30, L_0x556199071df0, C4<0>, C4<0>;
L_0x556199071780 .functor XOR 1, L_0x556199071710, L_0x556199071360, C4<0>, C4<0>;
L_0x556199071880 .functor AND 1, L_0x556199071c30, L_0x556199071df0, C4<1>, C4<1>;
L_0x5561990718f0 .functor AND 1, L_0x556199071c30, L_0x556199071360, C4<1>, C4<1>;
L_0x556199071960 .functor AND 1, L_0x556199071df0, L_0x556199071360, C4<1>, C4<1>;
L_0x5561990719d0 .functor OR 1, L_0x556199071880, L_0x5561990718f0, C4<0>, C4<0>;
L_0x556199071b20 .functor OR 1, L_0x556199071960, L_0x5561990719d0, C4<0>, C4<0>;
v0x556199057940_0 .net "a", 0 0, L_0x556199071c30;  1 drivers
v0x556199057a20_0 .net "b", 0 0, L_0x556199071df0;  1 drivers
v0x556199057ae0_0 .net "ca", 0 0, L_0x556199071b20;  alias, 1 drivers
v0x556199057bb0_0 .net "cin", 0 0, L_0x556199071360;  alias, 1 drivers
v0x556199057c80_0 .net "sum", 0 0, L_0x556199071780;  1 drivers
v0x556199057d70_0 .net "w1", 0 0, L_0x556199071710;  1 drivers
v0x556199057e30_0 .net "w2", 0 0, L_0x556199071880;  1 drivers
v0x556199057ef0_0 .net "w3", 0 0, L_0x5561990718f0;  1 drivers
v0x556199057fb0_0 .net "w4", 0 0, L_0x556199071960;  1 drivers
v0x556199058100_0 .net "w5", 0 0, L_0x5561990719d0;  1 drivers
S_0x556199059500 .scope module, "FB_1" "sixteenBA" 3 14, 4 3 0, S_0x556199037130;
 .timescale 0 0;
    .port_info 0 /INPUT 16 "a"
    .port_info 1 /INPUT 16 "b"
    .port_info 2 /INPUT 1 "cin"
    .port_info 3 /OUTPUT 16 "sum"
    .port_info 4 /OUTPUT 1 "ca"
v0x556199068290_0 .net "a", 15 0, L_0x55619907bc00;  1 drivers
v0x556199068390_0 .net "b", 15 0, L_0x55619907bca0;  1 drivers
v0x556199068470_0 .net "ca", 0 0, L_0x55619907b040;  alias, 1 drivers
v0x556199068510_0 .net "cin", 0 0, L_0x556199071b20;  alias, 1 drivers
v0x5561990685b0_0 .net "sum", 15 0, L_0x55619907bac0;  1 drivers
v0x556199068670_0 .net "w", 0 0, L_0x556199076660;  1 drivers
L_0x556199076f00 .part L_0x55619907bc00, 0, 8;
L_0x556199076fa0 .part L_0x55619907bca0, 0, 8;
L_0x55619907b8e0 .part L_0x55619907bc00, 8, 8;
L_0x55619907b9d0 .part L_0x55619907bca0, 8, 8;
L_0x55619907bac0 .concat8 [ 8 8 0 0], L_0x556199076dc0, L_0x55619907b7a0;
S_0x556199059770 .scope module, "FB_0" "eightBA" 4 13, 5 3 0, S_0x556199059500;
 .timescale 0 0;
    .port_info 0 /INPUT 8 "a"
    .port_info 1 /INPUT 8 "b"
    .port_info 2 /INPUT 1 "cin"
    .port_info 3 /OUTPUT 8 "sum"
    .port_info 4 /OUTPUT 1 "ca"
v0x5561990606f0_0 .net "a", 7 0, L_0x556199076f00;  1 drivers
v0x5561990607f0_0 .net "b", 7 0, L_0x556199076fa0;  1 drivers
v0x5561990608d0_0 .net "ca", 0 0, L_0x556199076660;  alias, 1 drivers
v0x5561990609c0_0 .net "cin", 0 0, L_0x556199071b20;  alias, 1 drivers
v0x556199060a60_0 .net "sum", 7 0, L_0x556199076dc0;  1 drivers
v0x556199060b70_0 .net "w", 0 0, L_0x5561990743d0;  1 drivers
L_0x556199074950 .part L_0x556199076f00, 0, 4;
L_0x5561990749f0 .part L_0x556199076fa0, 0, 4;
L_0x556199076be0 .part L_0x556199076f00, 4, 4;
L_0x556199076cd0 .part L_0x556199076fa0, 4, 4;
L_0x556199076dc0 .concat8 [ 4 4 0 0], L_0x5561990748b0, L_0x556199076b40;
S_0x5561990599c0 .scope module, "FB_0" "fourBA" 5 13, 6 3 0, S_0x556199059770;
 .timescale 0 0;
    .port_info 0 /INPUT 4 "a"
    .port_info 1 /INPUT 4 "b"
    .port_info 2 /INPUT 1 "cin"
    .port_info 3 /OUTPUT 4 "sum"
    .port_info 4 /OUTPUT 1 "ca"
v0x55619905c960_0 .net "a", 3 0, L_0x556199074950;  1 drivers
v0x55619905ca60_0 .net "b", 3 0, L_0x5561990749f0;  1 drivers
v0x55619905cb40_0 .net "c1", 0 0, L_0x556199072cf0;  1 drivers
v0x55619905cbe0_0 .net "c2", 0 0, L_0x556199073470;  1 drivers
v0x55619905ccd0_0 .net "c3", 0 0, L_0x556199073c90;  1 drivers
v0x55619905ce10_0 .net "ca", 0 0, L_0x5561990743d0;  alias, 1 drivers
v0x55619905ceb0_0 .net "cin", 0 0, L_0x556199071b20;  alias, 1 drivers
v0x55619905cf50_0 .net "sum", 3 0, L_0x5561990748b0;  1 drivers
L_0x556199072e00 .part L_0x556199074950, 0, 1;
L_0x556199072f30 .part L_0x5561990749f0, 0, 1;
L_0x556199073580 .part L_0x556199074950, 1, 1;
L_0x5561990736b0 .part L_0x5561990749f0, 1, 1;
L_0x556199073da0 .part L_0x556199074950, 2, 1;
L_0x556199073ed0 .part L_0x5561990749f0, 2, 1;
L_0x5561990744e0 .part L_0x556199074950, 3, 1;
L_0x5561990746a0 .part L_0x5561990749f0, 3, 1;
L_0x5561990748b0 .concat8 [ 1 1 1 1], L_0x556199072930, L_0x5561990730d0, L_0x556199073850, L_0x556199074070;
S_0x556199059c30 .scope module, "FA_0" "fullAdder" 6 12, 7 1 0, S_0x5561990599c0;
 .timescale 0 0;
    .port_info 0 /INPUT 1 "a"
    .port_info 1 /INPUT 1 "b"
    .port_info 2 /INPUT 1 "cin"
    .port_info 3 /OUTPUT 1 "sum"
    .port_info 4 /OUTPUT 1 "ca"
L_0x5561990728c0 .functor XOR 1, L_0x556199072e00, L_0x556199072f30, C4<0>, C4<0>;
L_0x556199072930 .functor XOR 1, L_0x5561990728c0, L_0x556199071b20, C4<0>, C4<0>;
L_0x5561990729f0 .functor AND 1, L_0x556199072e00, L_0x556199072f30, C4<1>, C4<1>;
L_0x556199072b00 .functor AND 1, L_0x556199072e00, L_0x556199071b20, C4<1>, C4<1>;
L_0x556199072b70 .functor AND 1, L_0x556199072f30, L_0x556199071b20, C4<1>, C4<1>;
L_0x556199072be0 .functor OR 1, L_0x5561990729f0, L_0x556199072b00, C4<0>, C4<0>;
L_0x556199072cf0 .functor OR 1, L_0x556199072b70, L_0x556199072be0, C4<0>, C4<0>;
v0x556199059ea0_0 .net "a", 0 0, L_0x556199072e00;  1 drivers
v0x556199059f80_0 .net "b", 0 0, L_0x556199072f30;  1 drivers
v0x55619905a040_0 .net "ca", 0 0, L_0x556199072cf0;  alias, 1 drivers
v0x55619905a110_0 .net "cin", 0 0, L_0x556199071b20;  alias, 1 drivers
v0x55619905a240_0 .net "sum", 0 0, L_0x556199072930;  1 drivers
v0x55619905a300_0 .net "w1", 0 0, L_0x5561990728c0;  1 drivers
v0x55619905a3c0_0 .net "w2", 0 0, L_0x5561990729f0;  1 drivers
v0x55619905a480_0 .net "w3", 0 0, L_0x556199072b00;  1 drivers
v0x55619905a540_0 .net "w4", 0 0, L_0x556199072b70;  1 drivers
v0x55619905a690_0 .net "w5", 0 0, L_0x556199072be0;  1 drivers
S_0x55619905a7f0 .scope module, "FA_1" "fullAdder" 6 13, 7 1 0, S_0x5561990599c0;
 .timescale 0 0;
    .port_info 0 /INPUT 1 "a"
    .port_info 1 /INPUT 1 "b"
    .port_info 2 /INPUT 1 "cin"
    .port_info 3 /OUTPUT 1 "sum"
    .port_info 4 /OUTPUT 1 "ca"
L_0x556199073060 .functor XOR 1, L_0x556199073580, L_0x5561990736b0, C4<0>, C4<0>;
L_0x5561990730d0 .functor XOR 1, L_0x556199073060, L_0x556199072cf0, C4<0>, C4<0>;
L_0x5561990731d0 .functor AND 1, L_0x556199073580, L_0x5561990736b0, C4<1>, C4<1>;
L_0x556199073240 .functor AND 1, L_0x556199073580, L_0x556199072cf0, C4<1>, C4<1>;
L_0x5561990732b0 .functor AND 1, L_0x5561990736b0, L_0x556199072cf0, C4<1>, C4<1>;
L_0x556199073320 .functor OR 1, L_0x5561990731d0, L_0x556199073240, C4<0>, C4<0>;
L_0x556199073470 .functor OR 1, L_0x5561990732b0, L_0x556199073320, C4<0>, C4<0>;
v0x55619905aa10_0 .net "a", 0 0, L_0x556199073580;  1 drivers
v0x55619905aad0_0 .net "b", 0 0, L_0x5561990736b0;  1 drivers
v0x55619905ab90_0 .net "ca", 0 0, L_0x556199073470;  alias, 1 drivers
v0x55619905ac60_0 .net "cin", 0 0, L_0x556199072cf0;  alias, 1 drivers
v0x55619905ad30_0 .net "sum", 0 0, L_0x5561990730d0;  1 drivers
v0x55619905ae20_0 .net "w1", 0 0, L_0x556199073060;  1 drivers
v0x55619905aee0_0 .net "w2", 0 0, L_0x5561990731d0;  1 drivers
v0x55619905afa0_0 .net "w3", 0 0, L_0x556199073240;  1 drivers
v0x55619905b060_0 .net "w4", 0 0, L_0x5561990732b0;  1 drivers
v0x55619905b1b0_0 .net "w5", 0 0, L_0x556199073320;  1 drivers
S_0x55619905b310 .scope module, "FA_2" "fullAdder" 6 14, 7 1 0, S_0x5561990599c0;
 .timescale 0 0;
    .port_info 0 /INPUT 1 "a"
    .port_info 1 /INPUT 1 "b"
    .port_info 2 /INPUT 1 "cin"
    .port_info 3 /OUTPUT 1 "sum"
    .port_info 4 /OUTPUT 1 "ca"
L_0x5561990737e0 .functor XOR 1, L_0x556199073da0, L_0x556199073ed0, C4<0>, C4<0>;
L_0x556199073850 .functor XOR 1, L_0x5561990737e0, L_0x556199073470, C4<0>, C4<0>;
L_0x5561990739a0 .functor AND 1, L_0x556199073da0, L_0x556199073ed0, C4<1>, C4<1>;
L_0x556199073a60 .functor AND 1, L_0x556199073da0, L_0x556199073470, C4<1>, C4<1>;
L_0x556199073ad0 .functor AND 1, L_0x556199073ed0, L_0x556199073470, C4<1>, C4<1>;
L_0x556199073b40 .functor OR 1, L_0x5561990739a0, L_0x556199073a60, C4<0>, C4<0>;
L_0x556199073c90 .functor OR 1, L_0x556199073ad0, L_0x556199073b40, C4<0>, C4<0>;
v0x55619905b540_0 .net "a", 0 0, L_0x556199073da0;  1 drivers
v0x55619905b600_0 .net "b", 0 0, L_0x556199073ed0;  1 drivers
v0x55619905b6c0_0 .net "ca", 0 0, L_0x556199073c90;  alias, 1 drivers
v0x55619905b790_0 .net "cin", 0 0, L_0x556199073470;  alias, 1 drivers
v0x55619905b860_0 .net "sum", 0 0, L_0x556199073850;  1 drivers
v0x55619905b950_0 .net "w1", 0 0, L_0x5561990737e0;  1 drivers
v0x55619905ba10_0 .net "w2", 0 0, L_0x5561990739a0;  1 drivers
v0x55619905bad0_0 .net "w3", 0 0, L_0x556199073a60;  1 drivers
v0x55619905bb90_0 .net "w4", 0 0, L_0x556199073ad0;  1 drivers
v0x55619905bce0_0 .net "w5", 0 0, L_0x556199073b40;  1 drivers
S_0x55619905be40 .scope module, "FA_3" "fullAdder" 6 15, 7 1 0, S_0x5561990599c0;
 .timescale 0 0;
    .port_info 0 /INPUT 1 "a"
    .port_info 1 /INPUT 1 "b"
    .port_info 2 /INPUT 1 "cin"
    .port_info 3 /OUTPUT 1 "sum"
    .port_info 4 /OUTPUT 1 "ca"
L_0x556199074000 .functor XOR 1, L_0x5561990744e0, L_0x5561990746a0, C4<0>, C4<0>;
L_0x556199074070 .functor XOR 1, L_0x556199074000, L_0x556199073c90, C4<0>, C4<0>;
L_0x556199074170 .functor AND 1, L_0x5561990744e0, L_0x5561990746a0, C4<1>, C4<1>;
L_0x5561990741e0 .functor AND 1, L_0x5561990744e0, L_0x556199073c90, C4<1>, C4<1>;
L_0x556199074250 .functor AND 1, L_0x5561990746a0, L_0x556199073c90, C4<1>, C4<1>;
L_0x5561990742c0 .functor OR 1, L_0x556199074170, L_0x5561990741e0, C4<0>, C4<0>;
L_0x5561990743d0 .functor OR 1, L_0x556199074250, L_0x5561990742c0, C4<0>, C4<0>;
v0x55619905c040_0 .net "a", 0 0, L_0x5561990744e0;  1 drivers
v0x55619905c120_0 .net "b", 0 0, L_0x5561990746a0;  1 drivers
v0x55619905c1e0_0 .net "ca", 0 0, L_0x5561990743d0;  alias, 1 drivers
v0x55619905c2b0_0 .net "cin", 0 0, L_0x556199073c90;  alias, 1 drivers
v0x55619905c380_0 .net "sum", 0 0, L_0x556199074070;  1 drivers
v0x55619905c470_0 .net "w1", 0 0, L_0x556199074000;  1 drivers
v0x55619905c530_0 .net "w2", 0 0, L_0x556199074170;  1 drivers
v0x55619905c5f0_0 .net "w3", 0 0, L_0x5561990741e0;  1 drivers
v0x55619905c6b0_0 .net "w4", 0 0, L_0x556199074250;  1 drivers
v0x55619905c800_0 .net "w5", 0 0, L_0x5561990742c0;  1 drivers
S_0x55619905d090 .scope module, "FB_1" "fourBA" 5 14, 6 3 0, S_0x556199059770;
 .timescale 0 0;
    .port_info 0 /INPUT 4 "a"
    .port_info 1 /INPUT 4 "b"
    .port_info 2 /INPUT 1 "cin"
    .port_info 3 /OUTPUT 4 "sum"
    .port_info 4 /OUTPUT 1 "ca"
v0x55619905ffc0_0 .net "a", 3 0, L_0x556199076be0;  1 drivers
v0x5561990600c0_0 .net "b", 3 0, L_0x556199076cd0;  1 drivers
v0x5561990601a0_0 .net "c1", 0 0, L_0x556199074fd0;  1 drivers
v0x556199060240_0 .net "c2", 0 0, L_0x556199075680;  1 drivers
v0x556199060330_0 .net "c3", 0 0, L_0x556199075ea0;  1 drivers
v0x556199060470_0 .net "ca", 0 0, L_0x556199076660;  alias, 1 drivers
v0x556199060510_0 .net "cin", 0 0, L_0x5561990743d0;  alias, 1 drivers
v0x5561990605b0_0 .net "sum", 3 0, L_0x556199076b40;  1 drivers
L_0x5561990750e0 .part L_0x556199076be0, 0, 1;
L_0x556199075180 .part L_0x556199076cd0, 0, 1;
L_0x556199075790 .part L_0x556199076be0, 1, 1;
L_0x5561990758c0 .part L_0x556199076cd0, 1, 1;
L_0x556199075fb0 .part L_0x556199076be0, 2, 1;
L_0x5561990760e0 .part L_0x556199076cd0, 2, 1;
L_0x556199076770 .part L_0x556199076be0, 3, 1;
L_0x556199076930 .part L_0x556199076cd0, 3, 1;
L_0x556199076b40 .concat8 [ 1 1 1 1], L_0x556199074b00, L_0x556199075320, L_0x556199075a60, L_0x5561990762c0;
S_0x55619905d300 .scope module, "FA_0" "fullAdder" 6 12, 7 1 0, S_0x55619905d090;
 .timescale 0 0;
    .port_info 0 /INPUT 1 "a"
    .port_info 1 /INPUT 1 "b"
    .port_info 2 /INPUT 1 "cin"
    .port_info 3 /OUTPUT 1 "sum"
    .port_info 4 /OUTPUT 1 "ca"
L_0x556199074a90 .functor XOR 1, L_0x5561990750e0, L_0x556199075180, C4<0>, C4<0>;
L_0x556199074b00 .functor XOR 1, L_0x556199074a90, L_0x5561990743d0, C4<0>, C4<0>;
L_0x556199074bc0 .functor AND 1, L_0x5561990750e0, L_0x556199075180, C4<1>, C4<1>;
L_0x556199074cd0 .functor AND 1, L_0x5561990750e0, L_0x5561990743d0, C4<1>, C4<1>;
L_0x556199074d40 .functor AND 1, L_0x556199075180, L_0x5561990743d0, C4<1>, C4<1>;
L_0x556199074ec0 .functor OR 1, L_0x556199074bc0, L_0x556199074cd0, C4<0>, C4<0>;
L_0x556199074fd0 .functor OR 1, L_0x556199074d40, L_0x556199074ec0, C4<0>, C4<0>;
v0x55619905d550_0 .net "a", 0 0, L_0x5561990750e0;  1 drivers
v0x55619905d630_0 .net "b", 0 0, L_0x556199075180;  1 drivers
v0x55619905d6f0_0 .net "ca", 0 0, L_0x556199074fd0;  alias, 1 drivers
v0x55619905d790_0 .net "cin", 0 0, L_0x5561990743d0;  alias, 1 drivers
v0x55619905d880_0 .net "sum", 0 0, L_0x556199074b00;  1 drivers
v0x55619905d990_0 .net "w1", 0 0, L_0x556199074a90;  1 drivers
v0x55619905da50_0 .net "w2", 0 0, L_0x556199074bc0;  1 drivers
v0x55619905db10_0 .net "w3", 0 0, L_0x556199074cd0;  1 drivers
v0x55619905dbd0_0 .net "w4", 0 0, L_0x556199074d40;  1 drivers
v0x55619905dd20_0 .net "w5", 0 0, L_0x556199074ec0;  1 drivers
S_0x55619905de80 .scope module, "FA_1" "fullAdder" 6 13, 7 1 0, S_0x55619905d090;
 .timescale 0 0;
    .port_info 0 /INPUT 1 "a"
    .port_info 1 /INPUT 1 "b"
    .port_info 2 /INPUT 1 "cin"
    .port_info 3 /OUTPUT 1 "sum"
    .port_info 4 /OUTPUT 1 "ca"
L_0x5561990752b0 .functor XOR 1, L_0x556199075790, L_0x5561990758c0, C4<0>, C4<0>;
L_0x556199075320 .functor XOR 1, L_0x5561990752b0, L_0x556199074fd0, C4<0>, C4<0>;
L_0x556199075420 .functor AND 1, L_0x556199075790, L_0x5561990758c0, C4<1>, C4<1>;
L_0x556199075490 .functor AND 1, L_0x556199075790, L_0x556199074fd0, C4<1>, C4<1>;
L_0x556199075500 .functor AND 1, L_0x5561990758c0, L_0x556199074fd0, C4<1>, C4<1>;
L_0x556199075570 .functor OR 1, L_0x556199075420, L_0x556199075490, C4<0>, C4<0>;
L_0x556199075680 .functor OR 1, L_0x556199075500, L_0x556199075570, C4<0>, C4<0>;
v0x55619905e0a0_0 .net "a", 0 0, L_0x556199075790;  1 drivers
v0x55619905e160_0 .net "b", 0 0, L_0x5561990758c0;  1 drivers
v0x55619905e220_0 .net "ca", 0 0, L_0x556199075680;  alias, 1 drivers
v0x55619905e2c0_0 .net "cin", 0 0, L_0x556199074fd0;  alias, 1 drivers
v0x55619905e390_0 .net "sum", 0 0, L_0x556199075320;  1 drivers
v0x55619905e480_0 .net "w1", 0 0, L_0x5561990752b0;  1 drivers
v0x55619905e540_0 .net "w2", 0 0, L_0x556199075420;  1 drivers
v0x55619905e600_0 .net "w3", 0 0, L_0x556199075490;  1 drivers
v0x55619905e6c0_0 .net "w4", 0 0, L_0x556199075500;  1 drivers
v0x55619905e810_0 .net "w5", 0 0, L_0x556199075570;  1 drivers
S_0x55619905e970 .scope module, "FA_2" "fullAdder" 6 14, 7 1 0, S_0x55619905d090;
 .timescale 0 0;
    .port_info 0 /INPUT 1 "a"
    .port_info 1 /INPUT 1 "b"
    .port_info 2 /INPUT 1 "cin"
    .port_info 3 /OUTPUT 1 "sum"
    .port_info 4 /OUTPUT 1 "ca"
L_0x5561990759f0 .functor XOR 1, L_0x556199075fb0, L_0x5561990760e0, C4<0>, C4<0>;
L_0x556199075a60 .functor XOR 1, L_0x5561990759f0, L_0x556199075680, C4<0>, C4<0>;
L_0x556199075bb0 .functor AND 1, L_0x556199075fb0, L_0x5561990760e0, C4<1>, C4<1>;
L_0x556199075c70 .functor AND 1, L_0x556199075fb0, L_0x556199075680, C4<1>, C4<1>;
L_0x556199075ce0 .functor AND 1, L_0x5561990760e0, L_0x556199075680, C4<1>, C4<1>;
L_0x556199075d50 .functor OR 1, L_0x556199075bb0, L_0x556199075c70, C4<0>, C4<0>;
L_0x556199075ea0 .functor OR 1, L_0x556199075ce0, L_0x556199075d50, C4<0>, C4<0>;
v0x55619905eba0_0 .net "a", 0 0, L_0x556199075fb0;  1 drivers
v0x55619905ec60_0 .net "b", 0 0, L_0x5561990760e0;  1 drivers
v0x55619905ed20_0 .net "ca", 0 0, L_0x556199075ea0;  alias, 1 drivers
v0x55619905edf0_0 .net "cin", 0 0, L_0x556199075680;  alias, 1 drivers
v0x55619905eec0_0 .net "sum", 0 0, L_0x556199075a60;  1 drivers
v0x55619905efb0_0 .net "w1", 0 0, L_0x5561990759f0;  1 drivers
v0x55619905f070_0 .net "w2", 0 0, L_0x556199075bb0;  1 drivers
v0x55619905f130_0 .net "w3", 0 0, L_0x556199075c70;  1 drivers
v0x55619905f1f0_0 .net "w4", 0 0, L_0x556199075ce0;  1 drivers
v0x55619905f340_0 .net "w5", 0 0, L_0x556199075d50;  1 drivers
S_0x55619905f4a0 .scope module, "FA_3" "fullAdder" 6 15, 7 1 0, S_0x55619905d090;
 .timescale 0 0;
    .port_info 0 /INPUT 1 "a"
    .port_info 1 /INPUT 1 "b"
    .port_info 2 /INPUT 1 "cin"
    .port_info 3 /OUTPUT 1 "sum"
    .port_info 4 /OUTPUT 1 "ca"
L_0x556199076250 .functor XOR 1, L_0x556199076770, L_0x556199076930, C4<0>, C4<0>;
L_0x5561990762c0 .functor XOR 1, L_0x556199076250, L_0x556199075ea0, C4<0>, C4<0>;
L_0x5561990763c0 .functor AND 1, L_0x556199076770, L_0x556199076930, C4<1>, C4<1>;
L_0x556199076430 .functor AND 1, L_0x556199076770, L_0x556199075ea0, C4<1>, C4<1>;
L_0x5561990764a0 .functor AND 1, L_0x556199076930, L_0x556199075ea0, C4<1>, C4<1>;
L_0x556199076510 .functor OR 1, L_0x5561990763c0, L_0x556199076430, C4<0>, C4<0>;
L_0x556199076660 .functor OR 1, L_0x5561990764a0, L_0x556199076510, C4<0>, C4<0>;
v0x55619905f6a0_0 .net "a", 0 0, L_0x556199076770;  1 drivers
v0x55619905f780_0 .net "b", 0 0, L_0x556199076930;  1 drivers
v0x55619905f840_0 .net "ca", 0 0, L_0x556199076660;  alias, 1 drivers
v0x55619905f910_0 .net "cin", 0 0, L_0x556199075ea0;  alias, 1 drivers
v0x55619905f9e0_0 .net "sum", 0 0, L_0x5561990762c0;  1 drivers
v0x55619905fad0_0 .net "w1", 0 0, L_0x556199076250;  1 drivers
v0x55619905fb90_0 .net "w2", 0 0, L_0x5561990763c0;  1 drivers
v0x55619905fc50_0 .net "w3", 0 0, L_0x556199076430;  1 drivers
v0x55619905fd10_0 .net "w4", 0 0, L_0x5561990764a0;  1 drivers
v0x55619905fe60_0 .net "w5", 0 0, L_0x556199076510;  1 drivers
S_0x556199060d40 .scope module, "FB_1" "eightBA" 4 14, 5 3 0, S_0x556199059500;
 .timescale 0 0;
    .port_info 0 /INPUT 8 "a"
    .port_info 1 /INPUT 8 "b"
    .port_info 2 /INPUT 1 "cin"
    .port_info 3 /OUTPUT 8 "sum"
    .port_info 4 /OUTPUT 1 "ca"
v0x556199067c40_0 .net "a", 7 0, L_0x55619907b8e0;  1 drivers
v0x556199067d40_0 .net "b", 7 0, L_0x55619907b9d0;  1 drivers
v0x556199067e20_0 .net "ca", 0 0, L_0x55619907b040;  alias, 1 drivers
v0x556199067f10_0 .net "cin", 0 0, L_0x556199076660;  alias, 1 drivers
v0x556199067fb0_0 .net "sum", 7 0, L_0x55619907b7a0;  1 drivers
v0x5561990680c0_0 .net "w", 0 0, L_0x556199078cb0;  1 drivers
L_0x556199079230 .part L_0x55619907b8e0, 0, 4;
L_0x5561990792d0 .part L_0x55619907b9d0, 0, 4;
L_0x55619907b5c0 .part L_0x55619907b8e0, 4, 4;
L_0x55619907b6b0 .part L_0x55619907b9d0, 4, 4;
L_0x55619907b7a0 .concat8 [ 4 4 0 0], L_0x556199079190, L_0x55619907b520;
S_0x556199060f60 .scope module, "FB_0" "fourBA" 5 13, 6 3 0, S_0x556199060d40;
 .timescale 0 0;
    .port_info 0 /INPUT 4 "a"
    .port_info 1 /INPUT 4 "b"
    .port_info 2 /INPUT 1 "cin"
    .port_info 3 /OUTPUT 4 "sum"
    .port_info 4 /OUTPUT 1 "ca"
v0x556199063e70_0 .net "a", 3 0, L_0x556199079230;  1 drivers
v0x556199063f70_0 .net "b", 3 0, L_0x5561990792d0;  1 drivers
v0x556199064050_0 .net "c1", 0 0, L_0x556199077580;  1 drivers
v0x5561990640f0_0 .net "c2", 0 0, L_0x556199077c70;  1 drivers
v0x5561990641e0_0 .net "c3", 0 0, L_0x5561990784f0;  1 drivers
v0x556199064320_0 .net "ca", 0 0, L_0x556199078cb0;  alias, 1 drivers
v0x5561990643c0_0 .net "cin", 0 0, L_0x556199076660;  alias, 1 drivers
v0x5561990644f0_0 .net "sum", 3 0, L_0x556199079190;  1 drivers
L_0x556199077690 .part L_0x556199079230, 0, 1;
L_0x556199077730 .part L_0x5561990792d0, 0, 1;
L_0x556199077d80 .part L_0x556199079230, 1, 1;
L_0x556199077eb0 .part L_0x5561990792d0, 1, 1;
L_0x556199078600 .part L_0x556199079230, 2, 1;
L_0x556199078730 .part L_0x5561990792d0, 2, 1;
L_0x556199078dc0 .part L_0x556199079230, 3, 1;
L_0x556199078f80 .part L_0x5561990792d0, 3, 1;
L_0x556199079190 .concat8 [ 1 1 1 1], L_0x5561990770b0, L_0x5561990778d0, L_0x556199078080, L_0x556199078910;
S_0x5561990611b0 .scope module, "FA_0" "fullAdder" 6 12, 7 1 0, S_0x556199060f60;
 .timescale 0 0;
    .port_info 0 /INPUT 1 "a"
    .port_info 1 /INPUT 1 "b"
    .port_info 2 /INPUT 1 "cin"
    .port_info 3 /OUTPUT 1 "sum"
    .port_info 4 /OUTPUT 1 "ca"
L_0x556199077040 .functor XOR 1, L_0x556199077690, L_0x556199077730, C4<0>, C4<0>;
L_0x5561990770b0 .functor XOR 1, L_0x556199077040, L_0x556199076660, C4<0>, C4<0>;
L_0x556199077280 .functor AND 1, L_0x556199077690, L_0x556199077730, C4<1>, C4<1>;
L_0x556199077390 .functor AND 1, L_0x556199077690, L_0x556199076660, C4<1>, C4<1>;
L_0x556199077400 .functor AND 1, L_0x556199077730, L_0x556199076660, C4<1>, C4<1>;
L_0x556199077470 .functor OR 1, L_0x556199077280, L_0x556199077390, C4<0>, C4<0>;
L_0x556199077580 .functor OR 1, L_0x556199077400, L_0x556199077470, C4<0>, C4<0>;
v0x556199061420_0 .net "a", 0 0, L_0x556199077690;  1 drivers
v0x556199061500_0 .net "b", 0 0, L_0x556199077730;  1 drivers
v0x5561990615c0_0 .net "ca", 0 0, L_0x556199077580;  alias, 1 drivers
v0x556199061660_0 .net "cin", 0 0, L_0x556199076660;  alias, 1 drivers
v0x556199061700_0 .net "sum", 0 0, L_0x5561990770b0;  1 drivers
v0x556199061810_0 .net "w1", 0 0, L_0x556199077040;  1 drivers
v0x5561990618d0_0 .net "w2", 0 0, L_0x556199077280;  1 drivers
v0x556199061990_0 .net "w3", 0 0, L_0x556199077390;  1 drivers
v0x556199061a50_0 .net "w4", 0 0, L_0x556199077400;  1 drivers
v0x556199061ba0_0 .net "w5", 0 0, L_0x556199077470;  1 drivers
S_0x556199061d00 .scope module, "FA_1" "fullAdder" 6 13, 7 1 0, S_0x556199060f60;
 .timescale 0 0;
    .port_info 0 /INPUT 1 "a"
    .port_info 1 /INPUT 1 "b"
    .port_info 2 /INPUT 1 "cin"
    .port_info 3 /OUTPUT 1 "sum"
    .port_info 4 /OUTPUT 1 "ca"
L_0x556199077860 .functor XOR 1, L_0x556199077d80, L_0x556199077eb0, C4<0>, C4<0>;
L_0x5561990778d0 .functor XOR 1, L_0x556199077860, L_0x556199077580, C4<0>, C4<0>;
L_0x5561990779d0 .functor AND 1, L_0x556199077d80, L_0x556199077eb0, C4<1>, C4<1>;
L_0x556199077a40 .functor AND 1, L_0x556199077d80, L_0x556199077580, C4<1>, C4<1>;
L_0x556199077ab0 .functor AND 1, L_0x556199077eb0, L_0x556199077580, C4<1>, C4<1>;
L_0x556199077b20 .functor OR 1, L_0x5561990779d0, L_0x556199077a40, C4<0>, C4<0>;
L_0x556199077c70 .functor OR 1, L_0x556199077ab0, L_0x556199077b20, C4<0>, C4<0>;
v0x556199061f20_0 .net "a", 0 0, L_0x556199077d80;  1 drivers
v0x556199061fe0_0 .net "b", 0 0, L_0x556199077eb0;  1 drivers
v0x5561990620a0_0 .net "ca", 0 0, L_0x556199077c70;  alias, 1 drivers
v0x556199062170_0 .net "cin", 0 0, L_0x556199077580;  alias, 1 drivers
v0x556199062240_0 .net "sum", 0 0, L_0x5561990778d0;  1 drivers
v0x556199062330_0 .net "w1", 0 0, L_0x556199077860;  1 drivers
v0x5561990623f0_0 .net "w2", 0 0, L_0x5561990779d0;  1 drivers
v0x5561990624b0_0 .net "w3", 0 0, L_0x556199077a40;  1 drivers
v0x556199062570_0 .net "w4", 0 0, L_0x556199077ab0;  1 drivers
v0x5561990626c0_0 .net "w5", 0 0, L_0x556199077b20;  1 drivers
S_0x556199062820 .scope module, "FA_2" "fullAdder" 6 14, 7 1 0, S_0x556199060f60;
 .timescale 0 0;
    .port_info 0 /INPUT 1 "a"
    .port_info 1 /INPUT 1 "b"
    .port_info 2 /INPUT 1 "cin"
    .port_info 3 /OUTPUT 1 "sum"
    .port_info 4 /OUTPUT 1 "ca"
L_0x556199078010 .functor XOR 1, L_0x556199078600, L_0x556199078730, C4<0>, C4<0>;
L_0x556199078080 .functor XOR 1, L_0x556199078010, L_0x556199077c70, C4<0>, C4<0>;
L_0x5561990781d0 .functor AND 1, L_0x556199078600, L_0x556199078730, C4<1>, C4<1>;
L_0x556199078290 .functor AND 1, L_0x556199078600, L_0x556199077c70, C4<1>, C4<1>;
L_0x556199078330 .functor AND 1, L_0x556199078730, L_0x556199077c70, C4<1>, C4<1>;
L_0x5561990783a0 .functor OR 1, L_0x5561990781d0, L_0x556199078290, C4<0>, C4<0>;
L_0x5561990784f0 .functor OR 1, L_0x556199078330, L_0x5561990783a0, C4<0>, C4<0>;
v0x556199062a50_0 .net "a", 0 0, L_0x556199078600;  1 drivers
v0x556199062b10_0 .net "b", 0 0, L_0x556199078730;  1 drivers
v0x556199062bd0_0 .net "ca", 0 0, L_0x5561990784f0;  alias, 1 drivers
v0x556199062ca0_0 .net "cin", 0 0, L_0x556199077c70;  alias, 1 drivers
v0x556199062d70_0 .net "sum", 0 0, L_0x556199078080;  1 drivers
v0x556199062e60_0 .net "w1", 0 0, L_0x556199078010;  1 drivers
v0x556199062f20_0 .net "w2", 0 0, L_0x5561990781d0;  1 drivers
v0x556199062fe0_0 .net "w3", 0 0, L_0x556199078290;  1 drivers
v0x5561990630a0_0 .net "w4", 0 0, L_0x556199078330;  1 drivers
v0x5561990631f0_0 .net "w5", 0 0, L_0x5561990783a0;  1 drivers
S_0x556199063350 .scope module, "FA_3" "fullAdder" 6 15, 7 1 0, S_0x556199060f60;
 .timescale 0 0;
    .port_info 0 /INPUT 1 "a"
    .port_info 1 /INPUT 1 "b"
    .port_info 2 /INPUT 1 "cin"
    .port_info 3 /OUTPUT 1 "sum"
    .port_info 4 /OUTPUT 1 "ca"
L_0x5561990788a0 .functor XOR 1, L_0x556199078dc0, L_0x556199078f80, C4<0>, C4<0>;
L_0x556199078910 .functor XOR 1, L_0x5561990788a0, L_0x5561990784f0, C4<0>, C4<0>;
L_0x556199078a10 .functor AND 1, L_0x556199078dc0, L_0x556199078f80, C4<1>, C4<1>;
L_0x556199078a80 .functor AND 1, L_0x556199078dc0, L_0x5561990784f0, C4<1>, C4<1>;
L_0x556199078af0 .functor AND 1, L_0x556199078f80, L_0x5561990784f0, C4<1>, C4<1>;
L_0x556199078b60 .functor OR 1, L_0x556199078a10, L_0x556199078a80, C4<0>, C4<0>;
L_0x556199078cb0 .functor OR 1, L_0x556199078af0, L_0x556199078b60, C4<0>, C4<0>;
v0x556199063550_0 .net "a", 0 0, L_0x556199078dc0;  1 drivers
v0x556199063630_0 .net "b", 0 0, L_0x556199078f80;  1 drivers
v0x5561990636f0_0 .net "ca", 0 0, L_0x556199078cb0;  alias, 1 drivers
v0x5561990637c0_0 .net "cin", 0 0, L_0x5561990784f0;  alias, 1 drivers
v0x556199063890_0 .net "sum", 0 0, L_0x556199078910;  1 drivers
v0x556199063980_0 .net "w1", 0 0, L_0x5561990788a0;  1 drivers
v0x556199063a40_0 .net "w2", 0 0, L_0x556199078a10;  1 drivers
v0x556199063b00_0 .net "w3", 0 0, L_0x556199078a80;  1 drivers
v0x556199063bc0_0 .net "w4", 0 0, L_0x556199078af0;  1 drivers
v0x556199063d10_0 .net "w5", 0 0, L_0x556199078b60;  1 drivers
S_0x556199064630 .scope module, "FB_1" "fourBA" 5 14, 6 3 0, S_0x556199060d40;
 .timescale 0 0;
    .port_info 0 /INPUT 4 "a"
    .port_info 1 /INPUT 4 "b"
    .port_info 2 /INPUT 1 "cin"
    .port_info 3 /OUTPUT 4 "sum"
    .port_info 4 /OUTPUT 1 "ca"
v0x556199067510_0 .net "a", 3 0, L_0x55619907b5c0;  1 drivers
v0x556199067610_0 .net "b", 3 0, L_0x55619907b6b0;  1 drivers
v0x5561990676f0_0 .net "c1", 0 0, L_0x5561990798b0;  1 drivers
v0x556199067790_0 .net "c2", 0 0, L_0x55619907a000;  1 drivers
v0x556199067880_0 .net "c3", 0 0, L_0x55619907a880;  1 drivers
v0x5561990679c0_0 .net "ca", 0 0, L_0x55619907b040;  alias, 1 drivers
v0x556199067a60_0 .net "cin", 0 0, L_0x556199078cb0;  alias, 1 drivers
v0x556199067b00_0 .net "sum", 3 0, L_0x55619907b520;  1 drivers
L_0x5561990799c0 .part L_0x55619907b5c0, 0, 1;
L_0x556199079a60 .part L_0x55619907b6b0, 0, 1;
L_0x55619907a110 .part L_0x55619907b5c0, 1, 1;
L_0x55619907a240 .part L_0x55619907b6b0, 1, 1;
L_0x55619907a990 .part L_0x55619907b5c0, 2, 1;
L_0x55619907aac0 .part L_0x55619907b6b0, 2, 1;
L_0x55619907b150 .part L_0x55619907b5c0, 3, 1;
L_0x55619907b310 .part L_0x55619907b6b0, 3, 1;
L_0x55619907b520 .concat8 [ 1 1 1 1], L_0x5561990793e0, L_0x556199079c00, L_0x55619907a410, L_0x55619907aca0;
S_0x556199064850 .scope module, "FA_0" "fullAdder" 6 12, 7 1 0, S_0x556199064630;
 .timescale 0 0;
    .port_info 0 /INPUT 1 "a"
    .port_info 1 /INPUT 1 "b"
    .port_info 2 /INPUT 1 "cin"
    .port_info 3 /OUTPUT 1 "sum"
    .port_info 4 /OUTPUT 1 "ca"
L_0x556199079370 .functor XOR 1, L_0x5561990799c0, L_0x556199079a60, C4<0>, C4<0>;
L_0x5561990793e0 .functor XOR 1, L_0x556199079370, L_0x556199078cb0, C4<0>, C4<0>;
L_0x5561990794a0 .functor AND 1, L_0x5561990799c0, L_0x556199079a60, C4<1>, C4<1>;
L_0x5561990795b0 .functor AND 1, L_0x5561990799c0, L_0x556199078cb0, C4<1>, C4<1>;
L_0x556199079620 .functor AND 1, L_0x556199079a60, L_0x556199078cb0, C4<1>, C4<1>;
L_0x5561990797a0 .functor OR 1, L_0x5561990794a0, L_0x5561990795b0, C4<0>, C4<0>;
L_0x5561990798b0 .functor OR 1, L_0x556199079620, L_0x5561990797a0, C4<0>, C4<0>;
v0x556199064aa0_0 .net "a", 0 0, L_0x5561990799c0;  1 drivers
v0x556199064b80_0 .net "b", 0 0, L_0x556199079a60;  1 drivers
v0x556199064c40_0 .net "ca", 0 0, L_0x5561990798b0;  alias, 1 drivers
v0x556199064ce0_0 .net "cin", 0 0, L_0x556199078cb0;  alias, 1 drivers
v0x556199064dd0_0 .net "sum", 0 0, L_0x5561990793e0;  1 drivers
v0x556199064ee0_0 .net "w1", 0 0, L_0x556199079370;  1 drivers
v0x556199064fa0_0 .net "w2", 0 0, L_0x5561990794a0;  1 drivers
v0x556199065060_0 .net "w3", 0 0, L_0x5561990795b0;  1 drivers
v0x556199065120_0 .net "w4", 0 0, L_0x556199079620;  1 drivers
v0x556199065270_0 .net "w5", 0 0, L_0x5561990797a0;  1 drivers
S_0x5561990653d0 .scope module, "FA_1" "fullAdder" 6 13, 7 1 0, S_0x556199064630;
 .timescale 0 0;
    .port_info 0 /INPUT 1 "a"
    .port_info 1 /INPUT 1 "b"
    .port_info 2 /INPUT 1 "cin"
    .port_info 3 /OUTPUT 1 "sum"
    .port_info 4 /OUTPUT 1 "ca"
L_0x556199079b90 .functor XOR 1, L_0x55619907a110, L_0x55619907a240, C4<0>, C4<0>;
L_0x556199079c00 .functor XOR 1, L_0x556199079b90, L_0x5561990798b0, C4<0>, C4<0>;
L_0x556199079d00 .functor AND 1, L_0x55619907a110, L_0x55619907a240, C4<1>, C4<1>;
L_0x556199079d70 .functor AND 1, L_0x55619907a110, L_0x5561990798b0, C4<1>, C4<1>;
L_0x556199079e10 .functor AND 1, L_0x55619907a240, L_0x5561990798b0, C4<1>, C4<1>;
L_0x556199079e80 .functor OR 1, L_0x556199079d00, L_0x556199079d70, C4<0>, C4<0>;
L_0x55619907a000 .functor OR 1, L_0x556199079e10, L_0x556199079e80, C4<0>, C4<0>;
v0x5561990655f0_0 .net "a", 0 0, L_0x55619907a110;  1 drivers
v0x5561990656b0_0 .net "b", 0 0, L_0x55619907a240;  1 drivers
v0x556199065770_0 .net "ca", 0 0, L_0x55619907a000;  alias, 1 drivers
v0x556199065810_0 .net "cin", 0 0, L_0x5561990798b0;  alias, 1 drivers
v0x5561990658e0_0 .net "sum", 0 0, L_0x556199079c00;  1 drivers
v0x5561990659d0_0 .net "w1", 0 0, L_0x556199079b90;  1 drivers
v0x556199065a90_0 .net "w2", 0 0, L_0x556199079d00;  1 drivers
v0x556199065b50_0 .net "w3", 0 0, L_0x556199079d70;  1 drivers
v0x556199065c10_0 .net "w4", 0 0, L_0x556199079e10;  1 drivers
v0x556199065d60_0 .net "w5", 0 0, L_0x556199079e80;  1 drivers
S_0x556199065ec0 .scope module, "FA_2" "fullAdder" 6 14, 7 1 0, S_0x556199064630;
 .timescale 0 0;
    .port_info 0 /INPUT 1 "a"
    .port_info 1 /INPUT 1 "b"
    .port_info 2 /INPUT 1 "cin"
    .port_info 3 /OUTPUT 1 "sum"
    .port_info 4 /OUTPUT 1 "ca"
L_0x55619907a3a0 .functor XOR 1, L_0x55619907a990, L_0x55619907aac0, C4<0>, C4<0>;
L_0x55619907a410 .functor XOR 1, L_0x55619907a3a0, L_0x55619907a000, C4<0>, C4<0>;
L_0x55619907a560 .functor AND 1, L_0x55619907a990, L_0x55619907aac0, C4<1>, C4<1>;
L_0x55619907a620 .functor AND 1, L_0x55619907a990, L_0x55619907a000, C4<1>, C4<1>;
L_0x55619907a6c0 .functor AND 1, L_0x55619907aac0, L_0x55619907a000, C4<1>, C4<1>;
L_0x55619907a730 .functor OR 1, L_0x55619907a560, L_0x55619907a620, C4<0>, C4<0>;
L_0x55619907a880 .functor OR 1, L_0x55619907a6c0, L_0x55619907a730, C4<0>, C4<0>;
v0x5561990660f0_0 .net "a", 0 0, L_0x55619907a990;  1 drivers
v0x5561990661b0_0 .net "b", 0 0, L_0x55619907aac0;  1 drivers
v0x556199066270_0 .net "ca", 0 0, L_0x55619907a880;  alias, 1 drivers
v0x556199066340_0 .net "cin", 0 0, L_0x55619907a000;  alias, 1 drivers
v0x556199066410_0 .net "sum", 0 0, L_0x55619907a410;  1 drivers
v0x556199066500_0 .net "w1", 0 0, L_0x55619907a3a0;  1 drivers
v0x5561990665c0_0 .net "w2", 0 0, L_0x55619907a560;  1 drivers
v0x556199066680_0 .net "w3", 0 0, L_0x55619907a620;  1 drivers
v0x556199066740_0 .net "w4", 0 0, L_0x55619907a6c0;  1 drivers
v0x556199066890_0 .net "w5", 0 0, L_0x55619907a730;  1 drivers
S_0x5561990669f0 .scope module, "FA_3" "fullAdder" 6 15, 7 1 0, S_0x556199064630;
 .timescale 0 0;
    .port_info 0 /INPUT 1 "a"
    .port_info 1 /INPUT 1 "b"
    .port_info 2 /INPUT 1 "cin"
    .port_info 3 /OUTPUT 1 "sum"
    .port_info 4 /OUTPUT 1 "ca"
L_0x55619907ac30 .functor XOR 1, L_0x55619907b150, L_0x55619907b310, C4<0>, C4<0>;
L_0x55619907aca0 .functor XOR 1, L_0x55619907ac30, L_0x55619907a880, C4<0>, C4<0>;
L_0x55619907ada0 .functor AND 1, L_0x55619907b150, L_0x55619907b310, C4<1>, C4<1>;
L_0x55619907ae10 .functor AND 1, L_0x55619907b150, L_0x55619907a880, C4<1>, C4<1>;
L_0x55619907ae80 .functor AND 1, L_0x55619907b310, L_0x55619907a880, C4<1>, C4<1>;
L_0x55619907aef0 .functor OR 1, L_0x55619907ada0, L_0x55619907ae10, C4<0>, C4<0>;
L_0x55619907b040 .functor OR 1, L_0x55619907ae80, L_0x55619907aef0, C4<0>, C4<0>;
v0x556199066bf0_0 .net "a", 0 0, L_0x55619907b150;  1 drivers
v0x556199066cd0_0 .net "b", 0 0, L_0x55619907b310;  1 drivers
v0x556199066d90_0 .net "ca", 0 0, L_0x55619907b040;  alias, 1 drivers
v0x556199066e60_0 .net "cin", 0 0, L_0x55619907a880;  alias, 1 drivers
v0x556199066f30_0 .net "sum", 0 0, L_0x55619907aca0;  1 drivers
v0x556199067020_0 .net "w1", 0 0, L_0x55619907ac30;  1 drivers
v0x5561990670e0_0 .net "w2", 0 0, L_0x55619907ada0;  1 drivers
v0x5561990671a0_0 .net "w3", 0 0, L_0x55619907ae10;  1 drivers
v0x556199067260_0 .net "w4", 0 0, L_0x55619907ae80;  1 drivers
v0x5561990673b0_0 .net "w5", 0 0, L_0x55619907aef0;  1 drivers
    .scope S_0x556199037930;
T_0 ;
    %pushi/vec4 0, 0, 32;
    %store/vec4 v0x556199068df0_0, 0, 32;
    %delay 5, 0;
    %pushi/vec4 0, 0, 32;
    %store/vec4 v0x556199068ed0_0, 0, 32;
    %delay 5, 0;
    %pushi/vec4 0, 0, 1;
    %store/vec4 v0x556199069010_0, 0, 1;
    %delay 5, 0;
    %pushi/vec4 4294967295, 0, 32;
    %store/vec4 v0x556199068df0_0, 0, 32;
    %delay 5, 0;
    %pushi/vec4 4294967295, 0, 32;
    %store/vec4 v0x556199068ed0_0, 0, 32;
    %delay 5, 0;
    %pushi/vec4 1, 0, 1;
    %store/vec4 v0x556199069010_0, 0, 1;
    %delay 5, 0;
    %pushi/vec4 2863311530, 0, 32;
    %store/vec4 v0x556199068df0_0, 0, 32;
    %end;
    .thread T_0;
    .scope S_0x556199037930;
T_1 ;
    %vpi_call 2 24 "$monitor", $time, "  a = %b; b = %b; cin = %b; sum = %b; ca = %b", v0x556199068df0_0, v0x556199068ed0_0, v0x556199069010_0, v0x5561990690b0_0, v0x556199068f70_0 {0 0 0};
    %vpi_call 2 25 "$dumpfile", "32_RCA.vcd" {0 0 0};
    %vpi_call 2 26 "$dumpvars" {0 0 0};
    %end;
    .thread T_1;
# The file index is used to find the file name in the following table.
:file_names 8;
    "N/A";
    "<interactive>";
    "32_RCA_tb.v";
    "./32_RCA.v";
    "./16_RCA.v";
    "./8_RCA.v";
    "./4_RCA.v";
    "./FAgate.v";
