#! /usr/bin/vvp
:ivl_version "10.3 (stable)";
:ivl_delay_selection "TYPICAL";
:vpi_time_precision + 0;
:vpi_module "system";
:vpi_module "vhdl_sys";
:vpi_module "v2005_math";
:vpi_module "va_math";
S_0x5570d99c0da0 .scope module, "top" "top" 2 3;
 .timescale 0 0;
v0x5570d99ef710_0 .var "clk", 0 0;
v0x5570d99ef7d0_0 .var "lftin", 0 0;
v0x5570d99ef890_0 .net "out", 7 0, L_0x5570d99fb100;  1 drivers
v0x5570d99ef930_0 .var "pload", 7 0;
v0x5570d99ef9d0_0 .var "rghtin", 0 0;
v0x5570d99efac0_0 .var "select", 1 0;
S_0x5570d99b05e0 .scope module, "usr0" "eightbUSR" 2 11, 3 3 0, S_0x5570d99c0da0;
 .timescale 0 0;
    .port_info 0 /OUTPUT 8 "out"
    .port_info 1 /INPUT 8 "pload"
    .port_info 2 /INPUT 1 "lftin"
    .port_info 3 /INPUT 1 "rghtin"
    .port_info 4 /INPUT 2 "select"
    .port_info 5 /INPUT 1 "clk"
v0x5570d99ef100_0 .net "clk", 0 0, v0x5570d99ef710_0;  1 drivers
v0x5570d99ef1c0_0 .net "lftin", 0 0, v0x5570d99ef7d0_0;  1 drivers
v0x5570d99ef2d0_0 .net "out", 7 0, L_0x5570d99fb100;  alias, 1 drivers
v0x5570d99ef370_0 .net "pload", 7 0, v0x5570d99ef930_0;  1 drivers
v0x5570d99ef450_0 .net "rghtin", 0 0, v0x5570d99ef9d0_0;  1 drivers
v0x5570d99ef590_0 .net "select", 1 0, v0x5570d99efac0_0;  1 drivers
L_0x5570d99f59c0 .part v0x5570d99ef930_0, 4, 4;
L_0x5570d99f5a60 .part L_0x5570d99fb100, 3, 1;
L_0x5570d99fb100 .concat8 [ 4 4 0 0], L_0x5570d99f6ee0, L_0x5570d99f10c0;
L_0x5570d99fb1a0 .part v0x5570d99ef930_0, 0, 4;
L_0x5570d99fb240 .part L_0x5570d99fb100, 4, 1;
S_0x5570d99b01f0 .scope module, "fb_usr0" "fourbUSR" 3 13, 4 4 0, S_0x5570d99b05e0;
 .timescale 0 0;
    .port_info 0 /OUTPUT 4 "out"
    .port_info 1 /INPUT 4 "pload"
    .port_info 2 /INPUT 1 "lftin"
    .port_info 3 /INPUT 1 "rghtin"
    .port_info 4 /INPUT 2 "select"
    .port_info 5 /INPUT 1 "clk"
v0x5570d99e6d30_0 .net "clk", 0 0, v0x5570d99ef710_0;  alias, 1 drivers
v0x5570d99e6df0_0 .net "lftin", 0 0, v0x5570d99ef7d0_0;  alias, 1 drivers
v0x5570d99e6eb0_0 .net "out", 3 0, L_0x5570d99f6ee0;  1 drivers
v0x5570d99e6f80_0 .net "pload", 3 0, L_0x5570d99fb1a0;  1 drivers
v0x5570d99e7040_0 .net "rghtin", 0 0, L_0x5570d99fb240;  1 drivers
v0x5570d99e70e0_0 .net "select", 1 0, v0x5570d99efac0_0;  alias, 1 drivers
v0x5570d99e7180_0 .net "w0", 0 0, L_0x5570d99fab30;  1 drivers
v0x5570d99e7220_0 .net "w1", 0 0, L_0x5570d99f9b30;  1 drivers
v0x5570d99e72c0_0 .net "w2", 0 0, L_0x5570d99f8a70;  1 drivers
v0x5570d99e73f0_0 .net "w3", 0 0, L_0x5570d99f7ab0;  1 drivers
L_0x5570d99f6ee0 .concat8 [ 1 1 1 1], L_0x5570d99f6ce0, L_0x5570d99f67e0, L_0x5570d99f62e0, L_0x5570d99f5de0;
L_0x5570d99f7ca0 .part L_0x5570d99f6ee0, 3, 1;
L_0x5570d99f7de0 .part L_0x5570d99f6ee0, 2, 1;
L_0x5570d99f7ed0 .part L_0x5570d99fb1a0, 3, 1;
L_0x5570d99f8c60 .part L_0x5570d99f6ee0, 2, 1;
L_0x5570d99f8de0 .part L_0x5570d99f6ee0, 3, 1;
L_0x5570d99f8ec0 .part L_0x5570d99f6ee0, 1, 1;
L_0x5570d99f8fb0 .part L_0x5570d99fb1a0, 2, 1;
L_0x5570d99f9d20 .part L_0x5570d99f6ee0, 1, 1;
L_0x5570d99f9e10 .part L_0x5570d99f6ee0, 2, 1;
L_0x5570d99f9f60 .part L_0x5570d99f6ee0, 0, 1;
L_0x5570d99fa000 .part L_0x5570d99fb1a0, 1, 1;
L_0x5570d99fad20 .part L_0x5570d99f6ee0, 0, 1;
L_0x5570d99fae10 .part L_0x5570d99f6ee0, 1, 1;
L_0x5570d99faf80 .part L_0x5570d99fb1a0, 0, 1;
S_0x5570d99adb20 .scope module, "df0" "DFF" 4 18, 5 1 0, S_0x5570d99b01f0;
 .timescale 0 0;
    .port_info 0 /OUTPUT 1 "Q"
    .port_info 1 /INPUT 1 "D"
    .port_info 2 /INPUT 1 "clk"
L_0x5570d99f69e0 .functor NAND 1, L_0x5570d99f6a50, L_0x5570d99f6c20, C4<1>, C4<1>;
L_0x5570d99f6a50 .functor NAND 1, L_0x5570d99f69e0, v0x5570d99ef710_0, C4<1>, C4<1>;
L_0x5570d99f6b60 .functor NAND 1, L_0x5570d99f6a50, L_0x5570d99f6c20, v0x5570d99ef710_0, C4<1>;
L_0x5570d99f6c20 .functor NAND 1, L_0x5570d99f6b60, L_0x5570d99fab30, C4<1>, C4<1>;
L_0x5570d99f6ce0 .functor NAND 1, L_0x5570d99f6a50, L_0x5570d99f6de0, C4<1>, C4<1>;
L_0x5570d99f6de0 .functor NAND 1, L_0x5570d99f6b60, L_0x5570d99f6ce0, C4<1>, C4<1>;
v0x5570d99c0780_0 .net "D", 0 0, L_0x5570d99fab30;  alias, 1 drivers
v0x5570d99e04d0_0 .net "Q", 0 0, L_0x5570d99f6ce0;  1 drivers
v0x5570d99e0590_0 .net "Q_bar", 0 0, L_0x5570d99f6de0;  1 drivers
v0x5570d99e0630_0 .net "clk", 0 0, v0x5570d99ef710_0;  alias, 1 drivers
v0x5570d99e06f0_0 .net "w0", 0 0, L_0x5570d99f69e0;  1 drivers
v0x5570d99e0800_0 .net "w1", 0 0, L_0x5570d99f6a50;  1 drivers
v0x5570d99e08c0_0 .net "w2", 0 0, L_0x5570d99f6b60;  1 drivers
v0x5570d99e0980_0 .net "w3", 0 0, L_0x5570d99f6c20;  1 drivers
S_0x5570d99e0ac0 .scope module, "df1" "DFF" 4 17, 5 1 0, S_0x5570d99b01f0;
 .timescale 0 0;
    .port_info 0 /OUTPUT 1 "Q"
    .port_info 1 /INPUT 1 "D"
    .port_info 2 /INPUT 1 "clk"
L_0x5570d99f64e0 .functor NAND 1, L_0x5570d99f6550, L_0x5570d99f6720, C4<1>, C4<1>;
L_0x5570d99f6550 .functor NAND 1, L_0x5570d99f64e0, v0x5570d99ef710_0, C4<1>, C4<1>;
L_0x5570d99f6660 .functor NAND 1, L_0x5570d99f6550, L_0x5570d99f6720, v0x5570d99ef710_0, C4<1>;
L_0x5570d99f6720 .functor NAND 1, L_0x5570d99f6660, L_0x5570d99f9b30, C4<1>, C4<1>;
L_0x5570d99f67e0 .functor NAND 1, L_0x5570d99f6550, L_0x5570d99f68e0, C4<1>, C4<1>;
L_0x5570d99f68e0 .functor NAND 1, L_0x5570d99f6660, L_0x5570d99f67e0, C4<1>, C4<1>;
v0x5570d99e0ce0_0 .net "D", 0 0, L_0x5570d99f9b30;  alias, 1 drivers
v0x5570d99e0dc0_0 .net "Q", 0 0, L_0x5570d99f67e0;  1 drivers
v0x5570d99e0e80_0 .net "Q_bar", 0 0, L_0x5570d99f68e0;  1 drivers
v0x5570d99e0f20_0 .net "clk", 0 0, v0x5570d99ef710_0;  alias, 1 drivers
v0x5570d99e0fc0_0 .net "w0", 0 0, L_0x5570d99f64e0;  1 drivers
v0x5570d99e10b0_0 .net "w1", 0 0, L_0x5570d99f6550;  1 drivers
v0x5570d99e1170_0 .net "w2", 0 0, L_0x5570d99f6660;  1 drivers
v0x5570d99e1230_0 .net "w3", 0 0, L_0x5570d99f6720;  1 drivers
S_0x5570d99e1370 .scope module, "df2" "DFF" 4 16, 5 1 0, S_0x5570d99b01f0;
 .timescale 0 0;
    .port_info 0 /OUTPUT 1 "Q"
    .port_info 1 /INPUT 1 "D"
    .port_info 2 /INPUT 1 "clk"
L_0x5570d99f5fe0 .functor NAND 1, L_0x5570d99f6050, L_0x5570d99f6220, C4<1>, C4<1>;
L_0x5570d99f6050 .functor NAND 1, L_0x5570d99f5fe0, v0x5570d99ef710_0, C4<1>, C4<1>;
L_0x5570d99f6160 .functor NAND 1, L_0x5570d99f6050, L_0x5570d99f6220, v0x5570d99ef710_0, C4<1>;
L_0x5570d99f6220 .functor NAND 1, L_0x5570d99f6160, L_0x5570d99f8a70, C4<1>, C4<1>;
L_0x5570d99f62e0 .functor NAND 1, L_0x5570d99f6050, L_0x5570d99f63e0, C4<1>, C4<1>;
L_0x5570d99f63e0 .functor NAND 1, L_0x5570d99f6160, L_0x5570d99f62e0, C4<1>, C4<1>;
v0x5570d99e1590_0 .net "D", 0 0, L_0x5570d99f8a70;  alias, 1 drivers
v0x5570d99e1650_0 .net "Q", 0 0, L_0x5570d99f62e0;  1 drivers
v0x5570d99e1710_0 .net "Q_bar", 0 0, L_0x5570d99f63e0;  1 drivers
v0x5570d99e17b0_0 .net "clk", 0 0, v0x5570d99ef710_0;  alias, 1 drivers
v0x5570d99e18a0_0 .net "w0", 0 0, L_0x5570d99f5fe0;  1 drivers
v0x5570d99e19b0_0 .net "w1", 0 0, L_0x5570d99f6050;  1 drivers
v0x5570d99e1a70_0 .net "w2", 0 0, L_0x5570d99f6160;  1 drivers
v0x5570d99e1b30_0 .net "w3", 0 0, L_0x5570d99f6220;  1 drivers
S_0x5570d99e1c70 .scope module, "df3" "DFF" 4 15, 5 1 0, S_0x5570d99b01f0;
 .timescale 0 0;
    .port_info 0 /OUTPUT 1 "Q"
    .port_info 1 /INPUT 1 "D"
    .port_info 2 /INPUT 1 "clk"
L_0x5570d99f45c0 .functor NAND 1, L_0x5570d99f5b50, L_0x5570d99f5d20, C4<1>, C4<1>;
L_0x5570d99f5b50 .functor NAND 1, L_0x5570d99f45c0, v0x5570d99ef710_0, C4<1>, C4<1>;
L_0x5570d99f5c60 .functor NAND 1, L_0x5570d99f5b50, L_0x5570d99f5d20, v0x5570d99ef710_0, C4<1>;
L_0x5570d99f5d20 .functor NAND 1, L_0x5570d99f5c60, L_0x5570d99f7ab0, C4<1>, C4<1>;
L_0x5570d99f5de0 .functor NAND 1, L_0x5570d99f5b50, L_0x5570d99f5ee0, C4<1>, C4<1>;
L_0x5570d99f5ee0 .functor NAND 1, L_0x5570d99f5c60, L_0x5570d99f5de0, C4<1>, C4<1>;
v0x5570d99e1e90_0 .net "D", 0 0, L_0x5570d99f7ab0;  alias, 1 drivers
v0x5570d99e1f70_0 .net "Q", 0 0, L_0x5570d99f5de0;  1 drivers
v0x5570d99e2030_0 .net "Q_bar", 0 0, L_0x5570d99f5ee0;  1 drivers
v0x5570d99e20d0_0 .net "clk", 0 0, v0x5570d99ef710_0;  alias, 1 drivers
v0x5570d99e2170_0 .net "w0", 0 0, L_0x5570d99f45c0;  1 drivers
v0x5570d99e2280_0 .net "w1", 0 0, L_0x5570d99f5b50;  1 drivers
v0x5570d99e2340_0 .net "w2", 0 0, L_0x5570d99f5c60;  1 drivers
v0x5570d99e2400_0 .net "w3", 0 0, L_0x5570d99f5d20;  1 drivers
S_0x5570d99e2540 .scope module, "mx0" "m41" 4 23, 6 1 0, S_0x5570d99b01f0;
 .timescale 0 0;
    .port_info 0 /OUTPUT 1 "out"
    .port_info 1 /INPUT 1 "i0"
    .port_info 2 /INPUT 1 "i1"
    .port_info 3 /INPUT 1 "i2"
    .port_info 4 /INPUT 1 "i3"
    .port_info 5 /INPUT 2 "select"
L_0x5570d99fa160 .functor NOT 1, L_0x5570d99fa1d0, C4<0>, C4<0>, C4<0>;
L_0x5570d99fa2c0 .functor NOT 1, L_0x5570d99fa330, C4<0>, C4<0>, C4<0>;
L_0x5570d99fa420 .functor AND 1, L_0x5570d99fa2c0, L_0x5570d99fa160, L_0x5570d99fad20, C4<1>;
L_0x5570d99fa530 .functor AND 1, L_0x5570d99fa2c0, L_0x5570d99fa5a0, L_0x5570d99fae10, C4<1>;
L_0x5570d99fa690 .functor AND 1, L_0x5570d99fa700, L_0x5570d99fa160, v0x5570d99ef7d0_0, C4<1>;
L_0x5570d99fa7d0 .functor AND 1, L_0x5570d99fa910, L_0x5570d99faa00, L_0x5570d99faf80, C4<1>;
L_0x5570d99fab30 .functor OR 1, L_0x5570d99fa420, L_0x5570d99fa530, L_0x5570d99fa690, L_0x5570d99fa7d0;
v0x5570d99e2800_0 .net *"_s1", 0 0, L_0x5570d99fa1d0;  1 drivers
v0x5570d99e28e0_0 .net *"_s11", 0 0, L_0x5570d99faa00;  1 drivers
v0x5570d99e29c0_0 .net *"_s3", 0 0, L_0x5570d99fa330;  1 drivers
v0x5570d99e2a80_0 .net *"_s5", 0 0, L_0x5570d99fa5a0;  1 drivers
v0x5570d99e2b60_0 .net *"_s7", 0 0, L_0x5570d99fa700;  1 drivers
v0x5570d99e2c90_0 .net *"_s9", 0 0, L_0x5570d99fa910;  1 drivers
v0x5570d99e2d70_0 .net "a0", 0 0, L_0x5570d99fa420;  1 drivers
v0x5570d99e2e30_0 .net "a1", 0 0, L_0x5570d99fa530;  1 drivers
v0x5570d99e2ef0_0 .net "a2", 0 0, L_0x5570d99fa690;  1 drivers
v0x5570d99e2fb0_0 .net "a3", 0 0, L_0x5570d99fa7d0;  1 drivers
v0x5570d99e3070_0 .net "i0", 0 0, L_0x5570d99fad20;  1 drivers
v0x5570d99e3130_0 .net "i1", 0 0, L_0x5570d99fae10;  1 drivers
v0x5570d99e31f0_0 .net "i2", 0 0, v0x5570d99ef7d0_0;  alias, 1 drivers
v0x5570d99e32b0_0 .net "i3", 0 0, L_0x5570d99faf80;  1 drivers
v0x5570d99e3370_0 .net "out", 0 0, L_0x5570d99fab30;  alias, 1 drivers
v0x5570d99e3410_0 .net "s0_not", 0 0, L_0x5570d99fa160;  1 drivers
v0x5570d99e34b0_0 .net "s1_not", 0 0, L_0x5570d99fa2c0;  1 drivers
v0x5570d99e3570_0 .net "select", 1 0, v0x5570d99efac0_0;  alias, 1 drivers
L_0x5570d99fa1d0 .part v0x5570d99efac0_0, 0, 1;
L_0x5570d99fa330 .part v0x5570d99efac0_0, 1, 1;
L_0x5570d99fa5a0 .part v0x5570d99efac0_0, 0, 1;
L_0x5570d99fa700 .part v0x5570d99efac0_0, 1, 1;
L_0x5570d99fa910 .part v0x5570d99efac0_0, 1, 1;
L_0x5570d99faa00 .part v0x5570d99efac0_0, 0, 1;
S_0x5570d99e3710 .scope module, "mx1" "m41" 4 22, 6 1 0, S_0x5570d99b01f0;
 .timescale 0 0;
    .port_info 0 /OUTPUT 1 "out"
    .port_info 1 /INPUT 1 "i0"
    .port_info 2 /INPUT 1 "i1"
    .port_info 3 /INPUT 1 "i2"
    .port_info 4 /INPUT 1 "i3"
    .port_info 5 /INPUT 2 "select"
L_0x5570d99f9140 .functor NOT 1, L_0x5570d99f91b0, C4<0>, C4<0>, C4<0>;
L_0x5570d99f92a0 .functor NOT 1, L_0x5570d99f9310, C4<0>, C4<0>, C4<0>;
L_0x5570d99f9400 .functor AND 1, L_0x5570d99f92a0, L_0x5570d99f9140, L_0x5570d99f9d20, C4<1>;
L_0x5570d99f9510 .functor AND 1, L_0x5570d99f92a0, L_0x5570d99f9580, L_0x5570d99f9e10, C4<1>;
L_0x5570d99f9670 .functor AND 1, L_0x5570d99f96e0, L_0x5570d99f9140, L_0x5570d99f9f60, C4<1>;
L_0x5570d99f9800 .functor AND 1, L_0x5570d99f9910, L_0x5570d99f9a00, L_0x5570d99fa000, C4<1>;
L_0x5570d99f9b30 .functor OR 1, L_0x5570d99f9400, L_0x5570d99f9510, L_0x5570d99f9670, L_0x5570d99f9800;
v0x5570d99e3930_0 .net *"_s1", 0 0, L_0x5570d99f91b0;  1 drivers
v0x5570d99e3a30_0 .net *"_s11", 0 0, L_0x5570d99f9a00;  1 drivers
v0x5570d99e3b10_0 .net *"_s3", 0 0, L_0x5570d99f9310;  1 drivers
v0x5570d99e3bd0_0 .net *"_s5", 0 0, L_0x5570d99f9580;  1 drivers
v0x5570d99e3cb0_0 .net *"_s7", 0 0, L_0x5570d99f96e0;  1 drivers
v0x5570d99e3de0_0 .net *"_s9", 0 0, L_0x5570d99f9910;  1 drivers
v0x5570d99e3ec0_0 .net "a0", 0 0, L_0x5570d99f9400;  1 drivers
v0x5570d99e3f80_0 .net "a1", 0 0, L_0x5570d99f9510;  1 drivers
v0x5570d99e4040_0 .net "a2", 0 0, L_0x5570d99f9670;  1 drivers
v0x5570d99e4100_0 .net "a3", 0 0, L_0x5570d99f9800;  1 drivers
v0x5570d99e41c0_0 .net "i0", 0 0, L_0x5570d99f9d20;  1 drivers
v0x5570d99e4280_0 .net "i1", 0 0, L_0x5570d99f9e10;  1 drivers
v0x5570d99e4340_0 .net "i2", 0 0, L_0x5570d99f9f60;  1 drivers
v0x5570d99e4400_0 .net "i3", 0 0, L_0x5570d99fa000;  1 drivers
v0x5570d99e44c0_0 .net "out", 0 0, L_0x5570d99f9b30;  alias, 1 drivers
v0x5570d99e4560_0 .net "s0_not", 0 0, L_0x5570d99f9140;  1 drivers
v0x5570d99e4600_0 .net "s1_not", 0 0, L_0x5570d99f92a0;  1 drivers
v0x5570d99e46c0_0 .net "select", 1 0, v0x5570d99efac0_0;  alias, 1 drivers
L_0x5570d99f91b0 .part v0x5570d99efac0_0, 0, 1;
L_0x5570d99f9310 .part v0x5570d99efac0_0, 1, 1;
L_0x5570d99f9580 .part v0x5570d99efac0_0, 0, 1;
L_0x5570d99f96e0 .part v0x5570d99efac0_0, 1, 1;
L_0x5570d99f9910 .part v0x5570d99efac0_0, 1, 1;
L_0x5570d99f9a00 .part v0x5570d99efac0_0, 0, 1;
S_0x5570d99e4820 .scope module, "mx2" "m41" 4 21, 6 1 0, S_0x5570d99b01f0;
 .timescale 0 0;
    .port_info 0 /OUTPUT 1 "out"
    .port_info 1 /INPUT 1 "i0"
    .port_info 2 /INPUT 1 "i1"
    .port_info 3 /INPUT 1 "i2"
    .port_info 4 /INPUT 1 "i3"
    .port_info 5 /INPUT 2 "select"
L_0x5570d99f7fc0 .functor NOT 1, L_0x5570d99f8030, C4<0>, C4<0>, C4<0>;
L_0x5570d99f8120 .functor NOT 1, L_0x5570d99f8190, C4<0>, C4<0>, C4<0>;
L_0x5570d99f8280 .functor AND 1, L_0x5570d99f8120, L_0x5570d99f7fc0, L_0x5570d99f8c60, C4<1>;
L_0x5570d99f8390 .functor AND 1, L_0x5570d99f8120, L_0x5570d99f8400, L_0x5570d99f8de0, C4<1>;
L_0x5570d99f84f0 .functor AND 1, L_0x5570d99f85c0, L_0x5570d99f7fc0, L_0x5570d99f8ec0, C4<1>;
L_0x5570d99f86e0 .functor AND 1, L_0x5570d99f8850, L_0x5570d99f8940, L_0x5570d99f8fb0, C4<1>;
L_0x5570d99f8a70 .functor OR 1, L_0x5570d99f8280, L_0x5570d99f8390, L_0x5570d99f84f0, L_0x5570d99f86e0;
v0x5570d99e4a40_0 .net *"_s1", 0 0, L_0x5570d99f8030;  1 drivers
v0x5570d99e4b40_0 .net *"_s11", 0 0, L_0x5570d99f8940;  1 drivers
v0x5570d99e4c20_0 .net *"_s3", 0 0, L_0x5570d99f8190;  1 drivers
v0x5570d99e4ce0_0 .net *"_s5", 0 0, L_0x5570d99f8400;  1 drivers
v0x5570d99e4dc0_0 .net *"_s7", 0 0, L_0x5570d99f85c0;  1 drivers
v0x5570d99e4ef0_0 .net *"_s9", 0 0, L_0x5570d99f8850;  1 drivers
v0x5570d99e4fd0_0 .net "a0", 0 0, L_0x5570d99f8280;  1 drivers
v0x5570d99e5090_0 .net "a1", 0 0, L_0x5570d99f8390;  1 drivers
v0x5570d99e5150_0 .net "a2", 0 0, L_0x5570d99f84f0;  1 drivers
v0x5570d99e5210_0 .net "a3", 0 0, L_0x5570d99f86e0;  1 drivers
v0x5570d99e52d0_0 .net "i0", 0 0, L_0x5570d99f8c60;  1 drivers
v0x5570d99e5390_0 .net "i1", 0 0, L_0x5570d99f8de0;  1 drivers
v0x5570d99e5450_0 .net "i2", 0 0, L_0x5570d99f8ec0;  1 drivers
v0x5570d99e5510_0 .net "i3", 0 0, L_0x5570d99f8fb0;  1 drivers
v0x5570d99e55d0_0 .net "out", 0 0, L_0x5570d99f8a70;  alias, 1 drivers
v0x5570d99e5670_0 .net "s0_not", 0 0, L_0x5570d99f7fc0;  1 drivers
v0x5570d99e5710_0 .net "s1_not", 0 0, L_0x5570d99f8120;  1 drivers
v0x5570d99e58e0_0 .net "select", 1 0, v0x5570d99efac0_0;  alias, 1 drivers
L_0x5570d99f8030 .part v0x5570d99efac0_0, 0, 1;
L_0x5570d99f8190 .part v0x5570d99efac0_0, 1, 1;
L_0x5570d99f8400 .part v0x5570d99efac0_0, 0, 1;
L_0x5570d99f85c0 .part v0x5570d99efac0_0, 1, 1;
L_0x5570d99f8850 .part v0x5570d99efac0_0, 1, 1;
L_0x5570d99f8940 .part v0x5570d99efac0_0, 0, 1;
S_0x5570d99e5a60 .scope module, "mx3" "m41" 4 20, 6 1 0, S_0x5570d99b01f0;
 .timescale 0 0;
    .port_info 0 /OUTPUT 1 "out"
    .port_info 1 /INPUT 1 "i0"
    .port_info 2 /INPUT 1 "i1"
    .port_info 3 /INPUT 1 "i2"
    .port_info 4 /INPUT 1 "i3"
    .port_info 5 /INPUT 2 "select"
L_0x5570d99f6f80 .functor NOT 1, L_0x5570d99f6ff0, C4<0>, C4<0>, C4<0>;
L_0x5570d99f70e0 .functor NOT 1, L_0x5570d99f7150, C4<0>, C4<0>, C4<0>;
L_0x5570d99f7240 .functor AND 1, L_0x5570d99f70e0, L_0x5570d99f6f80, L_0x5570d99f7ca0, C4<1>;
L_0x5570d99f7350 .functor AND 1, L_0x5570d99f70e0, L_0x5570d99f7440, L_0x5570d99fb240, C4<1>;
L_0x5570d99f7530 .functor AND 1, L_0x5570d99f7600, L_0x5570d99f6f80, L_0x5570d99f7de0, C4<1>;
L_0x5570d99f7720 .functor AND 1, L_0x5570d99f7890, L_0x5570d99f7980, L_0x5570d99f7ed0, C4<1>;
L_0x5570d99f7ab0 .functor OR 1, L_0x5570d99f7240, L_0x5570d99f7350, L_0x5570d99f7530, L_0x5570d99f7720;
v0x5570d99e5cd0_0 .net *"_s1", 0 0, L_0x5570d99f6ff0;  1 drivers
v0x5570d99e5dd0_0 .net *"_s11", 0 0, L_0x5570d99f7980;  1 drivers
v0x5570d99e5eb0_0 .net *"_s3", 0 0, L_0x5570d99f7150;  1 drivers
v0x5570d99e5f70_0 .net *"_s5", 0 0, L_0x5570d99f7440;  1 drivers
v0x5570d99e6050_0 .net *"_s7", 0 0, L_0x5570d99f7600;  1 drivers
v0x5570d99e6180_0 .net *"_s9", 0 0, L_0x5570d99f7890;  1 drivers
v0x5570d99e6260_0 .net "a0", 0 0, L_0x5570d99f7240;  1 drivers
v0x5570d99e6320_0 .net "a1", 0 0, L_0x5570d99f7350;  1 drivers
v0x5570d99e63e0_0 .net "a2", 0 0, L_0x5570d99f7530;  1 drivers
v0x5570d99e64a0_0 .net "a3", 0 0, L_0x5570d99f7720;  1 drivers
v0x5570d99e6560_0 .net "i0", 0 0, L_0x5570d99f7ca0;  1 drivers
v0x5570d99e6620_0 .net "i1", 0 0, L_0x5570d99fb240;  alias, 1 drivers
v0x5570d99e66e0_0 .net "i2", 0 0, L_0x5570d99f7de0;  1 drivers
v0x5570d99e67a0_0 .net "i3", 0 0, L_0x5570d99f7ed0;  1 drivers
v0x5570d99e6860_0 .net "out", 0 0, L_0x5570d99f7ab0;  alias, 1 drivers
v0x5570d99e6900_0 .net "s0_not", 0 0, L_0x5570d99f6f80;  1 drivers
v0x5570d99e69a0_0 .net "s1_not", 0 0, L_0x5570d99f70e0;  1 drivers
v0x5570d99e6b70_0 .net "select", 1 0, v0x5570d99efac0_0;  alias, 1 drivers
L_0x5570d99f6ff0 .part v0x5570d99efac0_0, 0, 1;
L_0x5570d99f7150 .part v0x5570d99efac0_0, 1, 1;
L_0x5570d99f7440 .part v0x5570d99efac0_0, 0, 1;
L_0x5570d99f7600 .part v0x5570d99efac0_0, 1, 1;
L_0x5570d99f7890 .part v0x5570d99efac0_0, 1, 1;
L_0x5570d99f7980 .part v0x5570d99efac0_0, 0, 1;
S_0x5570d99e75a0 .scope module, "fb_usr1" "fourbUSR" 3 12, 4 4 0, S_0x5570d99b05e0;
 .timescale 0 0;
    .port_info 0 /OUTPUT 4 "out"
    .port_info 1 /INPUT 4 "pload"
    .port_info 2 /INPUT 1 "lftin"
    .port_info 3 /INPUT 1 "rghtin"
    .port_info 4 /INPUT 2 "select"
    .port_info 5 /INPUT 1 "clk"
v0x5570d99ee850_0 .net "clk", 0 0, v0x5570d99ef710_0;  alias, 1 drivers
v0x5570d99ee910_0 .net "lftin", 0 0, L_0x5570d99f5a60;  1 drivers
v0x5570d99eea00_0 .net "out", 3 0, L_0x5570d99f10c0;  1 drivers
v0x5570d99eead0_0 .net "pload", 3 0, L_0x5570d99f59c0;  1 drivers
v0x5570d99eeb90_0 .net "rghtin", 0 0, v0x5570d99ef9d0_0;  alias, 1 drivers
v0x5570d99eec30_0 .net "select", 1 0, v0x5570d99efac0_0;  alias, 1 drivers
v0x5570d99eecd0_0 .net "w0", 0 0, L_0x5570d99f5480;  1 drivers
v0x5570d99eedc0_0 .net "w1", 0 0, L_0x5570d99f4000;  1 drivers
v0x5570d99eeeb0_0 .net "w2", 0 0, L_0x5570d99f2f40;  1 drivers
v0x5570d99eef50_0 .net "w3", 0 0, L_0x5570d99f1f80;  1 drivers
L_0x5570d99f10c0 .concat8 [ 1 1 1 1], L_0x5570d99f0ec0, L_0x5570d99f0990, L_0x5570d99f0250, L_0x5570d99efdb0;
L_0x5570d99f2170 .part L_0x5570d99f10c0, 3, 1;
L_0x5570d99f22b0 .part L_0x5570d99f10c0, 2, 1;
L_0x5570d99f23a0 .part L_0x5570d99f59c0, 3, 1;
L_0x5570d99f3130 .part L_0x5570d99f10c0, 2, 1;
L_0x5570d99f32b0 .part L_0x5570d99f10c0, 3, 1;
L_0x5570d99f3390 .part L_0x5570d99f10c0, 1, 1;
L_0x5570d99f3480 .part L_0x5570d99f59c0, 2, 1;
L_0x5570d99f41f0 .part L_0x5570d99f10c0, 1, 1;
L_0x5570d99f42e0 .part L_0x5570d99f10c0, 2, 1;
L_0x5570d99f4430 .part L_0x5570d99f10c0, 0, 1;
L_0x5570d99f44d0 .part L_0x5570d99f59c0, 1, 1;
L_0x5570d99f55e0 .part L_0x5570d99f10c0, 0, 1;
L_0x5570d99f56d0 .part L_0x5570d99f10c0, 1, 1;
L_0x5570d99f5840 .part L_0x5570d99f59c0, 0, 1;
S_0x5570d99e7830 .scope module, "df0" "DFF" 4 18, 5 1 0, S_0x5570d99e75a0;
 .timescale 0 0;
    .port_info 0 /OUTPUT 1 "Q"
    .port_info 1 /INPUT 1 "D"
    .port_info 2 /INPUT 1 "clk"
L_0x5570d99f0b90 .functor NAND 1, L_0x5570d99f0c00, L_0x5570d99f0dd0, C4<1>, C4<1>;
L_0x5570d99f0c00 .functor NAND 1, L_0x5570d99f0b90, v0x5570d99ef710_0, C4<1>, C4<1>;
L_0x5570d99f0d10 .functor NAND 1, L_0x5570d99f0c00, L_0x5570d99f0dd0, v0x5570d99ef710_0, C4<1>;
L_0x5570d99f0dd0 .functor NAND 1, L_0x5570d99f0d10, L_0x5570d99f5480, C4<1>, C4<1>;
L_0x5570d99f0ec0 .functor NAND 1, L_0x5570d99f0c00, L_0x5570d99f0fc0, C4<1>, C4<1>;
L_0x5570d99f0fc0 .functor NAND 1, L_0x5570d99f0d10, L_0x5570d99f0ec0, C4<1>, C4<1>;
v0x5570d99e7a70_0 .net "D", 0 0, L_0x5570d99f5480;  alias, 1 drivers
v0x5570d99e7b50_0 .net "Q", 0 0, L_0x5570d99f0ec0;  1 drivers
v0x5570d99e7c10_0 .net "Q_bar", 0 0, L_0x5570d99f0fc0;  1 drivers
v0x5570d99e7cb0_0 .net "clk", 0 0, v0x5570d99ef710_0;  alias, 1 drivers
v0x5570d99e7d50_0 .net "w0", 0 0, L_0x5570d99f0b90;  1 drivers
v0x5570d99e7e60_0 .net "w1", 0 0, L_0x5570d99f0c00;  1 drivers
v0x5570d99e7f20_0 .net "w2", 0 0, L_0x5570d99f0d10;  1 drivers
v0x5570d99e7fe0_0 .net "w3", 0 0, L_0x5570d99f0dd0;  1 drivers
S_0x5570d99e8120 .scope module, "df1" "DFF" 4 17, 5 1 0, S_0x5570d99e75a0;
 .timescale 0 0;
    .port_info 0 /OUTPUT 1 "Q"
    .port_info 1 /INPUT 1 "D"
    .port_info 2 /INPUT 1 "clk"
L_0x5570d99f0450 .functor NAND 1, L_0x5570d99f04c0, L_0x5570d99f08a0, C4<1>, C4<1>;
L_0x5570d99f04c0 .functor NAND 1, L_0x5570d99f0450, v0x5570d99ef710_0, C4<1>, C4<1>;
L_0x5570d99f07e0 .functor NAND 1, L_0x5570d99f04c0, L_0x5570d99f08a0, v0x5570d99ef710_0, C4<1>;
L_0x5570d99f08a0 .functor NAND 1, L_0x5570d99f07e0, L_0x5570d99f4000, C4<1>, C4<1>;
L_0x5570d99f0990 .functor NAND 1, L_0x5570d99f04c0, L_0x5570d99f0a90, C4<1>, C4<1>;
L_0x5570d99f0a90 .functor NAND 1, L_0x5570d99f07e0, L_0x5570d99f0990, C4<1>, C4<1>;
v0x5570d99e8340_0 .net "D", 0 0, L_0x5570d99f4000;  alias, 1 drivers
v0x5570d99e8420_0 .net "Q", 0 0, L_0x5570d99f0990;  1 drivers
v0x5570d99e84e0_0 .net "Q_bar", 0 0, L_0x5570d99f0a90;  1 drivers
v0x5570d99e8580_0 .net "clk", 0 0, v0x5570d99ef710_0;  alias, 1 drivers
v0x5570d99e8620_0 .net "w0", 0 0, L_0x5570d99f0450;  1 drivers
v0x5570d99e8730_0 .net "w1", 0 0, L_0x5570d99f04c0;  1 drivers
v0x5570d99e87f0_0 .net "w2", 0 0, L_0x5570d99f07e0;  1 drivers
v0x5570d99e88b0_0 .net "w3", 0 0, L_0x5570d99f08a0;  1 drivers
S_0x5570d99e89f0 .scope module, "df2" "DFF" 4 16, 5 1 0, S_0x5570d99e75a0;
 .timescale 0 0;
    .port_info 0 /OUTPUT 1 "Q"
    .port_info 1 /INPUT 1 "D"
    .port_info 2 /INPUT 1 "clk"
L_0x5570d99eff20 .functor NAND 1, L_0x5570d99eff90, L_0x5570d99f0160, C4<1>, C4<1>;
L_0x5570d99eff90 .functor NAND 1, L_0x5570d99eff20, v0x5570d99ef710_0, C4<1>, C4<1>;
L_0x5570d99f00a0 .functor NAND 1, L_0x5570d99eff90, L_0x5570d99f0160, v0x5570d99ef710_0, C4<1>;
L_0x5570d99f0160 .functor NAND 1, L_0x5570d99f00a0, L_0x5570d99f2f40, C4<1>, C4<1>;
L_0x5570d99f0250 .functor NAND 1, L_0x5570d99eff90, L_0x5570d99f0350, C4<1>, C4<1>;
L_0x5570d99f0350 .functor NAND 1, L_0x5570d99f00a0, L_0x5570d99f0250, C4<1>, C4<1>;
v0x5570d99e8c10_0 .net "D", 0 0, L_0x5570d99f2f40;  alias, 1 drivers
v0x5570d99e8cd0_0 .net "Q", 0 0, L_0x5570d99f0250;  1 drivers
v0x5570d99e8d90_0 .net "Q_bar", 0 0, L_0x5570d99f0350;  1 drivers
v0x5570d99e8e30_0 .net "clk", 0 0, v0x5570d99ef710_0;  alias, 1 drivers
v0x5570d99e8ed0_0 .net "w0", 0 0, L_0x5570d99eff20;  1 drivers
v0x5570d99e8fe0_0 .net "w1", 0 0, L_0x5570d99eff90;  1 drivers
v0x5570d99e90a0_0 .net "w2", 0 0, L_0x5570d99f00a0;  1 drivers
v0x5570d99e9160_0 .net "w3", 0 0, L_0x5570d99f0160;  1 drivers
S_0x5570d99e92a0 .scope module, "df3" "DFF" 4 15, 5 1 0, S_0x5570d99e75a0;
 .timescale 0 0;
    .port_info 0 /OUTPUT 1 "Q"
    .port_info 1 /INPUT 1 "D"
    .port_info 2 /INPUT 1 "clk"
L_0x5570d99c4400 .functor NAND 1, L_0x5570d99c4470, L_0x5570d99efcc0, C4<1>, C4<1>;
L_0x5570d99c4470 .functor NAND 1, L_0x5570d99c4400, v0x5570d99ef710_0, C4<1>, C4<1>;
L_0x5570d99efc00 .functor NAND 1, L_0x5570d99c4470, L_0x5570d99efcc0, v0x5570d99ef710_0, C4<1>;
L_0x5570d99efcc0 .functor NAND 1, L_0x5570d99efc00, L_0x5570d99f1f80, C4<1>, C4<1>;
L_0x5570d99efdb0 .functor NAND 1, L_0x5570d99c4470, L_0x5570d99efe20, C4<1>, C4<1>;
L_0x5570d99efe20 .functor NAND 1, L_0x5570d99efc00, L_0x5570d99efdb0, C4<1>, C4<1>;
v0x5570d99e94c0_0 .net "D", 0 0, L_0x5570d99f1f80;  alias, 1 drivers
v0x5570d99e95a0_0 .net "Q", 0 0, L_0x5570d99efdb0;  1 drivers
v0x5570d99e9660_0 .net "Q_bar", 0 0, L_0x5570d99efe20;  1 drivers
v0x5570d99e9700_0 .net "clk", 0 0, v0x5570d99ef710_0;  alias, 1 drivers
v0x5570d99e98b0_0 .net "w0", 0 0, L_0x5570d99c4400;  1 drivers
v0x5570d99e99c0_0 .net "w1", 0 0, L_0x5570d99c4470;  1 drivers
v0x5570d99e9a80_0 .net "w2", 0 0, L_0x5570d99efc00;  1 drivers
v0x5570d99e9b40_0 .net "w3", 0 0, L_0x5570d99efcc0;  1 drivers
S_0x5570d99e9c80 .scope module, "mx0" "m41" 4 23, 6 1 0, S_0x5570d99e75a0;
 .timescale 0 0;
    .port_info 0 /OUTPUT 1 "out"
    .port_info 1 /INPUT 1 "i0"
    .port_info 2 /INPUT 1 "i1"
    .port_info 3 /INPUT 1 "i2"
    .port_info 4 /INPUT 1 "i3"
    .port_info 5 /INPUT 2 "select"
L_0x5570d99f4630 .functor NOT 1, L_0x5570d99f46a0, C4<0>, C4<0>, C4<0>;
L_0x5570d99f4790 .functor NOT 1, L_0x5570d99f4800, C4<0>, C4<0>, C4<0>;
L_0x5570d99f48f0 .functor AND 1, L_0x5570d99f4790, L_0x5570d99f4630, L_0x5570d99f55e0, C4<1>;
L_0x5570d99f4a00 .functor AND 1, L_0x5570d99f4790, L_0x5570d99f4a70, L_0x5570d99f56d0, C4<1>;
L_0x5570d99f4f70 .functor AND 1, L_0x5570d99f5030, L_0x5570d99f4630, L_0x5570d99f5a60, C4<1>;
L_0x5570d99f5150 .functor AND 1, L_0x5570d99f5260, L_0x5570d99f5350, L_0x5570d99f5840, C4<1>;
L_0x5570d99f5480 .functor OR 1, L_0x5570d99f48f0, L_0x5570d99f4a00, L_0x5570d99f4f70, L_0x5570d99f5150;
v0x5570d99e9f80_0 .net *"_s1", 0 0, L_0x5570d99f46a0;  1 drivers
v0x5570d99ea060_0 .net *"_s11", 0 0, L_0x5570d99f5350;  1 drivers
v0x5570d99ea140_0 .net *"_s3", 0 0, L_0x5570d99f4800;  1 drivers
v0x5570d99ea200_0 .net *"_s5", 0 0, L_0x5570d99f4a70;  1 drivers
v0x5570d99ea2e0_0 .net *"_s7", 0 0, L_0x5570d99f5030;  1 drivers
v0x5570d99ea410_0 .net *"_s9", 0 0, L_0x5570d99f5260;  1 drivers
v0x5570d99ea4f0_0 .net "a0", 0 0, L_0x5570d99f48f0;  1 drivers
v0x5570d99ea5b0_0 .net "a1", 0 0, L_0x5570d99f4a00;  1 drivers
v0x5570d99ea670_0 .net "a2", 0 0, L_0x5570d99f4f70;  1 drivers
v0x5570d99ea730_0 .net "a3", 0 0, L_0x5570d99f5150;  1 drivers
v0x5570d99ea7f0_0 .net "i0", 0 0, L_0x5570d99f55e0;  1 drivers
v0x5570d99ea8b0_0 .net "i1", 0 0, L_0x5570d99f56d0;  1 drivers
v0x5570d99ea970_0 .net "i2", 0 0, L_0x5570d99f5a60;  alias, 1 drivers
v0x5570d99eaa30_0 .net "i3", 0 0, L_0x5570d99f5840;  1 drivers
v0x5570d99eaaf0_0 .net "out", 0 0, L_0x5570d99f5480;  alias, 1 drivers
v0x5570d99eab90_0 .net "s0_not", 0 0, L_0x5570d99f4630;  1 drivers
v0x5570d99eac30_0 .net "s1_not", 0 0, L_0x5570d99f4790;  1 drivers
v0x5570d99eae00_0 .net "select", 1 0, v0x5570d99efac0_0;  alias, 1 drivers
L_0x5570d99f46a0 .part v0x5570d99efac0_0, 0, 1;
L_0x5570d99f4800 .part v0x5570d99efac0_0, 1, 1;
L_0x5570d99f4a70 .part v0x5570d99efac0_0, 0, 1;
L_0x5570d99f5030 .part v0x5570d99efac0_0, 1, 1;
L_0x5570d99f5260 .part v0x5570d99efac0_0, 1, 1;
L_0x5570d99f5350 .part v0x5570d99efac0_0, 0, 1;
S_0x5570d99eafc0 .scope module, "mx1" "m41" 4 22, 6 1 0, S_0x5570d99e75a0;
 .timescale 0 0;
    .port_info 0 /OUTPUT 1 "out"
    .port_info 1 /INPUT 1 "i0"
    .port_info 2 /INPUT 1 "i1"
    .port_info 3 /INPUT 1 "i2"
    .port_info 4 /INPUT 1 "i3"
    .port_info 5 /INPUT 2 "select"
L_0x5570d99f3610 .functor NOT 1, L_0x5570d99f3680, C4<0>, C4<0>, C4<0>;
L_0x5570d99f3770 .functor NOT 1, L_0x5570d99f37e0, C4<0>, C4<0>, C4<0>;
L_0x5570d99f38d0 .functor AND 1, L_0x5570d99f3770, L_0x5570d99f3610, L_0x5570d99f41f0, C4<1>;
L_0x5570d99f39e0 .functor AND 1, L_0x5570d99f3770, L_0x5570d99f3a50, L_0x5570d99f42e0, C4<1>;
L_0x5570d99f3b40 .functor AND 1, L_0x5570d99f3bb0, L_0x5570d99f3610, L_0x5570d99f4430, C4<1>;
L_0x5570d99f3cd0 .functor AND 1, L_0x5570d99f3de0, L_0x5570d99f3ed0, L_0x5570d99f44d0, C4<1>;
L_0x5570d99f4000 .functor OR 1, L_0x5570d99f38d0, L_0x5570d99f39e0, L_0x5570d99f3b40, L_0x5570d99f3cd0;
v0x5570d99eb1e0_0 .net *"_s1", 0 0, L_0x5570d99f3680;  1 drivers
v0x5570d99eb2e0_0 .net *"_s11", 0 0, L_0x5570d99f3ed0;  1 drivers
v0x5570d99eb3c0_0 .net *"_s3", 0 0, L_0x5570d99f37e0;  1 drivers
v0x5570d99eb480_0 .net *"_s5", 0 0, L_0x5570d99f3a50;  1 drivers
v0x5570d99eb560_0 .net *"_s7", 0 0, L_0x5570d99f3bb0;  1 drivers
v0x5570d99eb690_0 .net *"_s9", 0 0, L_0x5570d99f3de0;  1 drivers
v0x5570d99eb770_0 .net "a0", 0 0, L_0x5570d99f38d0;  1 drivers
v0x5570d99eb830_0 .net "a1", 0 0, L_0x5570d99f39e0;  1 drivers
v0x5570d99eb8f0_0 .net "a2", 0 0, L_0x5570d99f3b40;  1 drivers
v0x5570d99eb9b0_0 .net "a3", 0 0, L_0x5570d99f3cd0;  1 drivers
v0x5570d99eba70_0 .net "i0", 0 0, L_0x5570d99f41f0;  1 drivers
v0x5570d99ebb30_0 .net "i1", 0 0, L_0x5570d99f42e0;  1 drivers
v0x5570d99ebbf0_0 .net "i2", 0 0, L_0x5570d99f4430;  1 drivers
v0x5570d99ebcb0_0 .net "i3", 0 0, L_0x5570d99f44d0;  1 drivers
v0x5570d99ebd70_0 .net "out", 0 0, L_0x5570d99f4000;  alias, 1 drivers
v0x5570d99ebe10_0 .net "s0_not", 0 0, L_0x5570d99f3610;  1 drivers
v0x5570d99ebeb0_0 .net "s1_not", 0 0, L_0x5570d99f3770;  1 drivers
v0x5570d99ec080_0 .net "select", 1 0, v0x5570d99efac0_0;  alias, 1 drivers
L_0x5570d99f3680 .part v0x5570d99efac0_0, 0, 1;
L_0x5570d99f37e0 .part v0x5570d99efac0_0, 1, 1;
L_0x5570d99f3a50 .part v0x5570d99efac0_0, 0, 1;
L_0x5570d99f3bb0 .part v0x5570d99efac0_0, 1, 1;
L_0x5570d99f3de0 .part v0x5570d99efac0_0, 1, 1;
L_0x5570d99f3ed0 .part v0x5570d99efac0_0, 0, 1;
S_0x5570d99ec240 .scope module, "mx2" "m41" 4 21, 6 1 0, S_0x5570d99e75a0;
 .timescale 0 0;
    .port_info 0 /OUTPUT 1 "out"
    .port_info 1 /INPUT 1 "i0"
    .port_info 2 /INPUT 1 "i1"
    .port_info 3 /INPUT 1 "i2"
    .port_info 4 /INPUT 1 "i3"
    .port_info 5 /INPUT 2 "select"
L_0x5570d99f2490 .functor NOT 1, L_0x5570d99f2500, C4<0>, C4<0>, C4<0>;
L_0x5570d99f25f0 .functor NOT 1, L_0x5570d99f2660, C4<0>, C4<0>, C4<0>;
L_0x5570d99f2750 .functor AND 1, L_0x5570d99f25f0, L_0x5570d99f2490, L_0x5570d99f3130, C4<1>;
L_0x5570d99f2860 .functor AND 1, L_0x5570d99f25f0, L_0x5570d99f28d0, L_0x5570d99f32b0, C4<1>;
L_0x5570d99f29c0 .functor AND 1, L_0x5570d99f2a90, L_0x5570d99f2490, L_0x5570d99f3390, C4<1>;
L_0x5570d99f2bb0 .functor AND 1, L_0x5570d99f2d20, L_0x5570d99f2e10, L_0x5570d99f3480, C4<1>;
L_0x5570d99f2f40 .functor OR 1, L_0x5570d99f2750, L_0x5570d99f2860, L_0x5570d99f29c0, L_0x5570d99f2bb0;
v0x5570d99ec460_0 .net *"_s1", 0 0, L_0x5570d99f2500;  1 drivers
v0x5570d99ec560_0 .net *"_s11", 0 0, L_0x5570d99f2e10;  1 drivers
v0x5570d99ec640_0 .net *"_s3", 0 0, L_0x5570d99f2660;  1 drivers
v0x5570d99ec700_0 .net *"_s5", 0 0, L_0x5570d99f28d0;  1 drivers
v0x5570d99ec7e0_0 .net *"_s7", 0 0, L_0x5570d99f2a90;  1 drivers
v0x5570d99ec910_0 .net *"_s9", 0 0, L_0x5570d99f2d20;  1 drivers
v0x5570d99ec9f0_0 .net "a0", 0 0, L_0x5570d99f2750;  1 drivers
v0x5570d99ecab0_0 .net "a1", 0 0, L_0x5570d99f2860;  1 drivers
v0x5570d99ecb70_0 .net "a2", 0 0, L_0x5570d99f29c0;  1 drivers
v0x5570d99ecc30_0 .net "a3", 0 0, L_0x5570d99f2bb0;  1 drivers
v0x5570d99eccf0_0 .net "i0", 0 0, L_0x5570d99f3130;  1 drivers
v0x5570d99ecdb0_0 .net "i1", 0 0, L_0x5570d99f32b0;  1 drivers
v0x5570d99ece70_0 .net "i2", 0 0, L_0x5570d99f3390;  1 drivers
v0x5570d99ecf30_0 .net "i3", 0 0, L_0x5570d99f3480;  1 drivers
v0x5570d99ecff0_0 .net "out", 0 0, L_0x5570d99f2f40;  alias, 1 drivers
v0x5570d99ed090_0 .net "s0_not", 0 0, L_0x5570d99f2490;  1 drivers
v0x5570d99ed130_0 .net "s1_not", 0 0, L_0x5570d99f25f0;  1 drivers
v0x5570d99ed300_0 .net "select", 1 0, v0x5570d99efac0_0;  alias, 1 drivers
L_0x5570d99f2500 .part v0x5570d99efac0_0, 0, 1;
L_0x5570d99f2660 .part v0x5570d99efac0_0, 1, 1;
L_0x5570d99f28d0 .part v0x5570d99efac0_0, 0, 1;
L_0x5570d99f2a90 .part v0x5570d99efac0_0, 1, 1;
L_0x5570d99f2d20 .part v0x5570d99efac0_0, 1, 1;
L_0x5570d99f2e10 .part v0x5570d99efac0_0, 0, 1;
S_0x5570d99ed4c0 .scope module, "mx3" "m41" 4 20, 6 1 0, S_0x5570d99e75a0;
 .timescale 0 0;
    .port_info 0 /OUTPUT 1 "out"
    .port_info 1 /INPUT 1 "i0"
    .port_info 2 /INPUT 1 "i1"
    .port_info 3 /INPUT 1 "i2"
    .port_info 4 /INPUT 1 "i3"
    .port_info 5 /INPUT 2 "select"
L_0x5570d99f1160 .functor NOT 1, L_0x5570d99f11d0, C4<0>, C4<0>, C4<0>;
L_0x5570d99f12c0 .functor NOT 1, L_0x5570d99f1360, C4<0>, C4<0>, C4<0>;
L_0x5570d99f1450 .functor AND 1, L_0x5570d99f12c0, L_0x5570d99f1160, L_0x5570d99f2170, C4<1>;
L_0x5570d99f1590 .functor AND 1, L_0x5570d99f12c0, L_0x5570d99f1720, v0x5570d99ef9d0_0, C4<1>;
L_0x5570d99f17c0 .functor AND 1, L_0x5570d99f18c0, L_0x5570d99f1160, L_0x5570d99f22b0, C4<1>;
L_0x5570d99f19e0 .functor AND 1, L_0x5570d99f1b50, L_0x5570d99f1e50, L_0x5570d99f23a0, C4<1>;
L_0x5570d99f1f80 .functor OR 1, L_0x5570d99f1450, L_0x5570d99f1590, L_0x5570d99f17c0, L_0x5570d99f19e0;
v0x5570d99ed6e0_0 .net *"_s1", 0 0, L_0x5570d99f11d0;  1 drivers
v0x5570d99ed7e0_0 .net *"_s11", 0 0, L_0x5570d99f1e50;  1 drivers
v0x5570d99ed8c0_0 .net *"_s3", 0 0, L_0x5570d99f1360;  1 drivers
v0x5570d99ed980_0 .net *"_s5", 0 0, L_0x5570d99f1720;  1 drivers
v0x5570d99eda60_0 .net *"_s7", 0 0, L_0x5570d99f18c0;  1 drivers
v0x5570d99edb90_0 .net *"_s9", 0 0, L_0x5570d99f1b50;  1 drivers
v0x5570d99edc70_0 .net "a0", 0 0, L_0x5570d99f1450;  1 drivers
v0x5570d99edd30_0 .net "a1", 0 0, L_0x5570d99f1590;  1 drivers
v0x5570d99eddf0_0 .net "a2", 0 0, L_0x5570d99f17c0;  1 drivers
v0x5570d99edeb0_0 .net "a3", 0 0, L_0x5570d99f19e0;  1 drivers
v0x5570d99edf70_0 .net "i0", 0 0, L_0x5570d99f2170;  1 drivers
v0x5570d99ee030_0 .net "i1", 0 0, v0x5570d99ef9d0_0;  alias, 1 drivers
v0x5570d99ee0f0_0 .net "i2", 0 0, L_0x5570d99f22b0;  1 drivers
v0x5570d99ee1b0_0 .net "i3", 0 0, L_0x5570d99f23a0;  1 drivers
v0x5570d99ee270_0 .net "out", 0 0, L_0x5570d99f1f80;  alias, 1 drivers
v0x5570d99ee310_0 .net "s0_not", 0 0, L_0x5570d99f1160;  1 drivers
v0x5570d99ee3b0_0 .net "s1_not", 0 0, L_0x5570d99f12c0;  1 drivers
v0x5570d99ee580_0 .net "select", 1 0, v0x5570d99efac0_0;  alias, 1 drivers
L_0x5570d99f11d0 .part v0x5570d99efac0_0, 0, 1;
L_0x5570d99f1360 .part v0x5570d99efac0_0, 1, 1;
L_0x5570d99f1720 .part v0x5570d99efac0_0, 0, 1;
L_0x5570d99f18c0 .part v0x5570d99efac0_0, 1, 1;
L_0x5570d99f1b50 .part v0x5570d99efac0_0, 1, 1;
L_0x5570d99f1e50 .part v0x5570d99efac0_0, 0, 1;
    .scope S_0x5570d99c0da0;
T_0 ;
    %delay 5, 0;
    %load/vec4 v0x5570d99ef710_0;
    %nor/r;
    %store/vec4 v0x5570d99ef710_0, 0, 1;
    %jmp T_0;
    .thread T_0;
    .scope S_0x5570d99c0da0;
T_1 ;
    %pushi/vec4 0, 0, 1;
    %store/vec4 v0x5570d99ef710_0, 0, 1;
    %pushi/vec4 3, 0, 2;
    %store/vec4 v0x5570d99efac0_0, 0, 2;
    %pushi/vec4 0, 0, 8;
    %store/vec4 v0x5570d99ef930_0, 0, 8;
    %pushi/vec4 0, 0, 1;
    %store/vec4 v0x5570d99ef7d0_0, 0, 1;
    %pushi/vec4 0, 0, 1;
    %store/vec4 v0x5570d99ef9d0_0, 0, 1;
    %delay 10, 0;
    %pushi/vec4 3, 0, 2;
    %store/vec4 v0x5570d99efac0_0, 0, 2;
    %pushi/vec4 65, 0, 8;
    %store/vec4 v0x5570d99ef930_0, 0, 8;
    %delay 10, 0;
    %pushi/vec4 3, 0, 2;
    %store/vec4 v0x5570d99efac0_0, 0, 2;
    %pushi/vec4 142, 0, 8;
    %store/vec4 v0x5570d99ef930_0, 0, 8;
    %delay 10, 0;
    %pushi/vec4 3, 0, 2;
    %store/vec4 v0x5570d99efac0_0, 0, 2;
    %pushi/vec4 165, 0, 8;
    %store/vec4 v0x5570d99ef930_0, 0, 8;
    %delay 10, 0;
    %pushi/vec4 1, 0, 2;
    %store/vec4 v0x5570d99efac0_0, 0, 2;
    %pushi/vec4 1, 0, 1;
    %store/vec4 v0x5570d99ef9d0_0, 0, 1;
    %delay 10, 0;
    %pushi/vec4 1, 0, 2;
    %store/vec4 v0x5570d99efac0_0, 0, 2;
    %pushi/vec4 1, 0, 1;
    %store/vec4 v0x5570d99ef9d0_0, 0, 1;
    %delay 10, 0;
    %pushi/vec4 1, 0, 2;
    %store/vec4 v0x5570d99efac0_0, 0, 2;
    %pushi/vec4 0, 0, 1;
    %store/vec4 v0x5570d99ef9d0_0, 0, 1;
    %delay 10, 0;
    %pushi/vec4 1, 0, 2;
    %store/vec4 v0x5570d99efac0_0, 0, 2;
    %pushi/vec4 0, 0, 1;
    %store/vec4 v0x5570d99ef9d0_0, 0, 1;
    %delay 10, 0;
    %pushi/vec4 1, 0, 2;
    %store/vec4 v0x5570d99efac0_0, 0, 2;
    %pushi/vec4 0, 0, 1;
    %store/vec4 v0x5570d99ef9d0_0, 0, 1;
    %delay 10, 0;
    %pushi/vec4 0, 0, 2;
    %store/vec4 v0x5570d99efac0_0, 0, 2;
    %delay 10, 0;
    %pushi/vec4 2, 0, 2;
    %store/vec4 v0x5570d99efac0_0, 0, 2;
    %pushi/vec4 1, 0, 1;
    %store/vec4 v0x5570d99ef7d0_0, 0, 1;
    %delay 10, 0;
    %pushi/vec4 2, 0, 2;
    %store/vec4 v0x5570d99efac0_0, 0, 2;
    %pushi/vec4 1, 0, 1;
    %store/vec4 v0x5570d99ef7d0_0, 0, 1;
    %delay 10, 0;
    %pushi/vec4 2, 0, 2;
    %store/vec4 v0x5570d99efac0_0, 0, 2;
    %pushi/vec4 1, 0, 1;
    %store/vec4 v0x5570d99ef7d0_0, 0, 1;
    %delay 10, 0;
    %pushi/vec4 2, 0, 2;
    %store/vec4 v0x5570d99efac0_0, 0, 2;
    %pushi/vec4 0, 0, 1;
    %store/vec4 v0x5570d99ef7d0_0, 0, 1;
    %delay 10, 0;
    %pushi/vec4 2, 0, 2;
    %store/vec4 v0x5570d99efac0_0, 0, 2;
    %pushi/vec4 0, 0, 1;
    %store/vec4 v0x5570d99ef7d0_0, 0, 1;
    %end;
    .thread T_1;
    .scope S_0x5570d99c0da0;
T_2 ;
    %delay 150, 0;
    %vpi_call 2 52 "$finish" {0 0 0};
    %end;
    .thread T_2;
    .scope S_0x5570d99c0da0;
T_3 ;
    %vpi_call 2 57 "$monitor", $time, "\011SelectInputs = %2b ---- Parallelload = %8b --- lftin = %b, rghtin = %b, -- out = %8b", v0x5570d99efac0_0, v0x5570d99ef930_0, v0x5570d99ef7d0_0, v0x5570d99ef9d0_0, v0x5570d99ef890_0 {0 0 0};
    %vpi_call 2 58 "$dumpfile", "USR.vcd" {0 0 0};
    %vpi_call 2 59 "$dumpvars" {0 0 0};
    %end;
    .thread T_3;
# The file index is used to find the file name in the following table.
:file_names 7;
    "N/A";
    "<interactive>";
    "8bit_USR_tb.v";
    "./8bit_USR.v";
    "./4bit_USR.v";
    "./DFF.v";
    "./MUX41.v";
