#! /usr/bin/vvp
:ivl_version "10.3 (stable)";
:ivl_delay_selection "TYPICAL";
:vpi_time_precision + 0;
:vpi_module "system";
:vpi_module "vhdl_sys";
:vpi_module "v2005_math";
:vpi_module "va_math";
S_0x5606ef87ea80 .scope module, "top" "top" 2 3;
 .timescale 0 0;
v0x5606ef8b1fa0_0 .var/s "a", 31 0;
v0x5606ef8b2080_0 .var/s "b", 31 0;
v0x5606ef8b2150_0 .net/s "s", 31 0, v0x5606ef8b1960_0;  1 drivers
v0x5606ef8b2250_0 .var "xin", 7 0;
v0x5606ef8b2320_0 .net "xout", 7 0, L_0x5606ef8b5830;  1 drivers
S_0x5606ef87d840 .scope module, "adder_0" "adder" 2 8, 3 4 0, S_0x5606ef87ea80;
 .timescale 0 0;
    .port_info 0 /OUTPUT 32 "si"
    .port_info 1 /OUTPUT 8 "xout"
    .port_info 2 /INPUT 32 "a"
    .port_info 3 /INPUT 32 "b"
    .port_info 4 /INPUT 8 "xin"
L_0x5606ef8b6e80 .functor BUFZ 8, v0x5606ef8b2250_0, C4<00000000>, C4<00000000>, C4<00000000>;
L_0x5606ef8b5830 .functor BUFZ 8, v0x5606ef8b1e10_0, C4<00000000>, C4<00000000>, C4<00000000>;
v0x5606ef8b15d0_0 .net *"_s28", 7 0, L_0x5606ef8b6e80;  1 drivers
v0x5606ef8b16b0_0 .net "a", 31 0, v0x5606ef8b1fa0_0;  1 drivers
v0x5606ef8b1790_0 .net "b", 31 0, v0x5606ef8b2080_0;  1 drivers
v0x5606ef8b1880_0 .var/i "i", 31 0;
v0x5606ef8b1960_0 .var "si", 31 0;
v0x5606ef8b1a90_0 .net "x", 263 0, L_0x5606ef8b7940;  1 drivers
v0x5606ef8b1b50_0 .net "xin", 7 0, v0x5606ef8b2250_0;  1 drivers
v0x5606ef8b1c30_0 .net "xout", 7 0, L_0x5606ef8b5830;  alias, 1 drivers
v0x5606ef8b1d10_0 .net "y", 255 0, v0x5606ef8b1460_0;  1 drivers
v0x5606ef8b1e10_0 .var "y_end", 7 0;
E_0x5606ef84d7e0/0 .event edge, v0x5606ef8b1a90_0, v0x5606ef8b1460_0, v0x5606ef8b1880_0, v0x5606ef8b16b0_0;
E_0x5606ef84d7e0/1 .event edge, v0x5606ef8b1790_0;
E_0x5606ef84d7e0 .event/or E_0x5606ef84d7e0/0, E_0x5606ef84d7e0/1;
L_0x5606ef8b36b0 .part v0x5606ef8b1fa0_0, 0, 8;
L_0x5606ef8b3750 .part v0x5606ef8b2080_0, 0, 8;
L_0x5606ef8b4c10 .part v0x5606ef8b1fa0_0, 8, 8;
L_0x5606ef8b4cb0 .part v0x5606ef8b2080_0, 8, 8;
L_0x5606ef8b6160 .part v0x5606ef8b1fa0_0, 16, 8;
L_0x5606ef8b6200 .part v0x5606ef8b2080_0, 16, 8;
L_0x5606ef8b77b0 .part v0x5606ef8b1fa0_0, 24, 8;
L_0x5606ef8b7850 .part v0x5606ef8b2080_0, 24, 8;
LS_0x5606ef8b7940_0_0 .concat8 [ 8 64 64 64], L_0x5606ef8b6e80, L_0x5606ef8b3230, L_0x5606ef8b4570, L_0x5606ef8b5ac0;
LS_0x5606ef8b7940_0_4 .concat8 [ 64 0 0 0], L_0x5606ef8b7110;
L_0x5606ef8b7940 .concat8 [ 200 64 0 0], LS_0x5606ef8b7940_0_0, LS_0x5606ef8b7940_0_4;
L_0x5606ef8b7ae0 .part L_0x5606ef8b7940, 0, 256;
S_0x5606ef887110 .scope module, "kpg_0" "kpg_gen" 3 17, 4 3 0, S_0x5606ef87d840;
 .timescale 0 0;
    .port_info 0 /OUTPUT 64 "out"
    .port_info 1 /INPUT 8 "ai"
    .port_info 2 /INPUT 8 "bi"
v0x5606ef8a70a0_0 .net "ai", 7 0, L_0x5606ef8b36b0;  1 drivers
v0x5606ef8a7180_0 .net "bi", 7 0, L_0x5606ef8b3750;  1 drivers
v0x5606ef8a7260_0 .net "out", 63 0, L_0x5606ef8b3230;  1 drivers
L_0x5606ef8b23c0 .part L_0x5606ef8b36b0, 0, 1;
L_0x5606ef8b24c0 .part L_0x5606ef8b3750, 0, 1;
L_0x5606ef8b25c0 .part L_0x5606ef8b36b0, 1, 1;
L_0x5606ef8b26e0 .part L_0x5606ef8b3750, 1, 1;
L_0x5606ef8b2800 .part L_0x5606ef8b36b0, 2, 1;
L_0x5606ef8b28a0 .part L_0x5606ef8b3750, 2, 1;
L_0x5606ef8b29b0 .part L_0x5606ef8b36b0, 3, 1;
L_0x5606ef8b2a50 .part L_0x5606ef8b3750, 3, 1;
L_0x5606ef8b2c00 .part L_0x5606ef8b36b0, 4, 1;
L_0x5606ef8b2cd0 .part L_0x5606ef8b3750, 4, 1;
L_0x5606ef8b2e00 .part L_0x5606ef8b36b0, 5, 1;
L_0x5606ef8b2ed0 .part L_0x5606ef8b3750, 5, 1;
L_0x5606ef8b3010 .part L_0x5606ef8b36b0, 6, 1;
L_0x5606ef8b30e0 .part L_0x5606ef8b3750, 6, 1;
LS_0x5606ef8b3230_0_0 .concat8 [ 8 8 8 8], v0x5606ef8a4980_0, v0x5606ef8a4ec0_0, v0x5606ef8a53e0_0, v0x5606ef8a5920_0;
LS_0x5606ef8b3230_0_4 .concat8 [ 8 8 8 8], v0x5606ef8a5eb0_0, v0x5606ef8a6430_0, v0x5606ef8a69b0_0, v0x5606ef8a6f30_0;
L_0x5606ef8b3230 .concat8 [ 32 32 0 0], LS_0x5606ef8b3230_0_0, LS_0x5606ef8b3230_0_4;
L_0x5606ef8b3480 .part L_0x5606ef8b36b0, 7, 1;
L_0x5606ef8b35e0 .part L_0x5606ef8b3750, 7, 1;
S_0x5606ef886e10 .scope module, "kpg_0" "kpg" 4 9, 5 1 0, S_0x5606ef887110;
 .timescale 0 0;
    .port_info 0 /OUTPUT 8 "out"
    .port_info 1 /INPUT 1 "ai"
    .port_info 2 /INPUT 1 "bi"
v0x5606ef887ac0_0 .net "ai", 0 0, L_0x5606ef8b23c0;  1 drivers
v0x5606ef8a48c0_0 .net "bi", 0 0, L_0x5606ef8b24c0;  1 drivers
v0x5606ef8a4980_0 .var "out", 7 0;
E_0x5606ef84d4e0 .event edge, v0x5606ef8a48c0_0, v0x5606ef887ac0_0;
S_0x5606ef8a4ac0 .scope module, "kpg_1" "kpg" 4 10, 5 1 0, S_0x5606ef887110;
 .timescale 0 0;
    .port_info 0 /OUTPUT 8 "out"
    .port_info 1 /INPUT 1 "ai"
    .port_info 2 /INPUT 1 "bi"
v0x5606ef8a4d20_0 .net "ai", 0 0, L_0x5606ef8b25c0;  1 drivers
v0x5606ef8a4e00_0 .net "bi", 0 0, L_0x5606ef8b26e0;  1 drivers
v0x5606ef8a4ec0_0 .var "out", 7 0;
E_0x5606ef84e400 .event edge, v0x5606ef8a4e00_0, v0x5606ef8a4d20_0;
S_0x5606ef8a5000 .scope module, "kpg_2" "kpg" 4 11, 5 1 0, S_0x5606ef887110;
 .timescale 0 0;
    .port_info 0 /OUTPUT 8 "out"
    .port_info 1 /INPUT 1 "ai"
    .port_info 2 /INPUT 1 "bi"
v0x5606ef8a5240_0 .net "ai", 0 0, L_0x5606ef8b2800;  1 drivers
v0x5606ef8a5320_0 .net "bi", 0 0, L_0x5606ef8b28a0;  1 drivers
v0x5606ef8a53e0_0 .var "out", 7 0;
E_0x5606ef84e770 .event edge, v0x5606ef8a5320_0, v0x5606ef8a5240_0;
S_0x5606ef8a5520 .scope module, "kpg_3" "kpg" 4 12, 5 1 0, S_0x5606ef887110;
 .timescale 0 0;
    .port_info 0 /OUTPUT 8 "out"
    .port_info 1 /INPUT 1 "ai"
    .port_info 2 /INPUT 1 "bi"
v0x5606ef8a5780_0 .net "ai", 0 0, L_0x5606ef8b29b0;  1 drivers
v0x5606ef8a5860_0 .net "bi", 0 0, L_0x5606ef8b2a50;  1 drivers
v0x5606ef8a5920_0 .var "out", 7 0;
E_0x5606ef84e140 .event edge, v0x5606ef8a5860_0, v0x5606ef8a5780_0;
S_0x5606ef8a5a60 .scope module, "kpg_4" "kpg" 4 13, 5 1 0, S_0x5606ef887110;
 .timescale 0 0;
    .port_info 0 /OUTPUT 8 "out"
    .port_info 1 /INPUT 1 "ai"
    .port_info 2 /INPUT 1 "bi"
v0x5606ef8a5d10_0 .net "ai", 0 0, L_0x5606ef8b2c00;  1 drivers
v0x5606ef8a5df0_0 .net "bi", 0 0, L_0x5606ef8b2cd0;  1 drivers
v0x5606ef8a5eb0_0 .var "out", 7 0;
E_0x5606ef88fec0 .event edge, v0x5606ef8a5df0_0, v0x5606ef8a5d10_0;
S_0x5606ef8a5ff0 .scope module, "kpg_5" "kpg" 4 14, 5 1 0, S_0x5606ef887110;
 .timescale 0 0;
    .port_info 0 /OUTPUT 8 "out"
    .port_info 1 /INPUT 1 "ai"
    .port_info 2 /INPUT 1 "bi"
v0x5606ef8a6290_0 .net "ai", 0 0, L_0x5606ef8b2e00;  1 drivers
v0x5606ef8a6370_0 .net "bi", 0 0, L_0x5606ef8b2ed0;  1 drivers
v0x5606ef8a6430_0 .var "out", 7 0;
E_0x5606ef8a6210 .event edge, v0x5606ef8a6370_0, v0x5606ef8a6290_0;
S_0x5606ef8a6570 .scope module, "kpg_6" "kpg" 4 15, 5 1 0, S_0x5606ef887110;
 .timescale 0 0;
    .port_info 0 /OUTPUT 8 "out"
    .port_info 1 /INPUT 1 "ai"
    .port_info 2 /INPUT 1 "bi"
v0x5606ef8a6810_0 .net "ai", 0 0, L_0x5606ef8b3010;  1 drivers
v0x5606ef8a68f0_0 .net "bi", 0 0, L_0x5606ef8b30e0;  1 drivers
v0x5606ef8a69b0_0 .var "out", 7 0;
E_0x5606ef8a6790 .event edge, v0x5606ef8a68f0_0, v0x5606ef8a6810_0;
S_0x5606ef8a6af0 .scope module, "kpg_7" "kpg" 4 16, 5 1 0, S_0x5606ef887110;
 .timescale 0 0;
    .port_info 0 /OUTPUT 8 "out"
    .port_info 1 /INPUT 1 "ai"
    .port_info 2 /INPUT 1 "bi"
v0x5606ef8a6d90_0 .net "ai", 0 0, L_0x5606ef8b3480;  1 drivers
v0x5606ef8a6e70_0 .net "bi", 0 0, L_0x5606ef8b35e0;  1 drivers
v0x5606ef8a6f30_0 .var "out", 7 0;
E_0x5606ef8a6d10 .event edge, v0x5606ef8a6e70_0, v0x5606ef8a6d90_0;
S_0x5606ef8a73e0 .scope module, "kpg_1" "kpg_gen" 3 18, 4 3 0, S_0x5606ef87d840;
 .timescale 0 0;
    .port_info 0 /OUTPUT 64 "out"
    .port_info 1 /INPUT 8 "ai"
    .port_info 2 /INPUT 8 "bi"
v0x5606ef8aa3f0_0 .net "ai", 7 0, L_0x5606ef8b4c10;  1 drivers
v0x5606ef8aa4d0_0 .net "bi", 7 0, L_0x5606ef8b4cb0;  1 drivers
v0x5606ef8aa5b0_0 .net "out", 63 0, L_0x5606ef8b4570;  1 drivers
L_0x5606ef8b37f0 .part L_0x5606ef8b4c10, 0, 1;
L_0x5606ef8b3890 .part L_0x5606ef8b4cb0, 0, 1;
L_0x5606ef8b3990 .part L_0x5606ef8b4c10, 1, 1;
L_0x5606ef8b3ab0 .part L_0x5606ef8b4cb0, 1, 1;
L_0x5606ef8b3bd0 .part L_0x5606ef8b4c10, 2, 1;
L_0x5606ef8b3c70 .part L_0x5606ef8b4cb0, 2, 1;
L_0x5606ef8b3d80 .part L_0x5606ef8b4c10, 3, 1;
L_0x5606ef8b3e20 .part L_0x5606ef8b4cb0, 3, 1;
L_0x5606ef8b3f40 .part L_0x5606ef8b4c10, 4, 1;
L_0x5606ef8b4010 .part L_0x5606ef8b4cb0, 4, 1;
L_0x5606ef8b4140 .part L_0x5606ef8b4c10, 5, 1;
L_0x5606ef8b4210 .part L_0x5606ef8b4cb0, 5, 1;
L_0x5606ef8b4350 .part L_0x5606ef8b4c10, 6, 1;
L_0x5606ef8b4420 .part L_0x5606ef8b4cb0, 6, 1;
LS_0x5606ef8b4570_0_0 .concat8 [ 8 8 8 8], v0x5606ef8a7a80_0, v0x5606ef8a8030_0, v0x5606ef8a85f0_0, v0x5606ef8a8ba0_0;
LS_0x5606ef8b4570_0_4 .concat8 [ 8 8 8 8], v0x5606ef8a91a0_0, v0x5606ef8a9720_0, v0x5606ef8a9cd0_0, v0x5606ef8aa280_0;
L_0x5606ef8b4570 .concat8 [ 32 32 0 0], LS_0x5606ef8b4570_0_0, LS_0x5606ef8b4570_0_4;
L_0x5606ef8b47c0 .part L_0x5606ef8b4c10, 7, 1;
L_0x5606ef8b4a30 .part L_0x5606ef8b4cb0, 7, 1;
S_0x5606ef8a7600 .scope module, "kpg_0" "kpg" 4 9, 5 1 0, S_0x5606ef8a73e0;
 .timescale 0 0;
    .port_info 0 /OUTPUT 8 "out"
    .port_info 1 /INPUT 1 "ai"
    .port_info 2 /INPUT 1 "bi"
v0x5606ef8a78e0_0 .net "ai", 0 0, L_0x5606ef8b37f0;  1 drivers
v0x5606ef8a79c0_0 .net "bi", 0 0, L_0x5606ef8b3890;  1 drivers
v0x5606ef8a7a80_0 .var "out", 7 0;
E_0x5606ef8a7860 .event edge, v0x5606ef8a79c0_0, v0x5606ef8a78e0_0;
S_0x5606ef8a7bf0 .scope module, "kpg_1" "kpg" 4 10, 5 1 0, S_0x5606ef8a73e0;
 .timescale 0 0;
    .port_info 0 /OUTPUT 8 "out"
    .port_info 1 /INPUT 1 "ai"
    .port_info 2 /INPUT 1 "bi"
v0x5606ef8a7e90_0 .net "ai", 0 0, L_0x5606ef8b3990;  1 drivers
v0x5606ef8a7f70_0 .net "bi", 0 0, L_0x5606ef8b3ab0;  1 drivers
v0x5606ef8a8030_0 .var "out", 7 0;
E_0x5606ef8a7e10 .event edge, v0x5606ef8a7f70_0, v0x5606ef8a7e90_0;
S_0x5606ef8a81a0 .scope module, "kpg_2" "kpg" 4 11, 5 1 0, S_0x5606ef8a73e0;
 .timescale 0 0;
    .port_info 0 /OUTPUT 8 "out"
    .port_info 1 /INPUT 1 "ai"
    .port_info 2 /INPUT 1 "bi"
v0x5606ef8a8450_0 .net "ai", 0 0, L_0x5606ef8b3bd0;  1 drivers
v0x5606ef8a8530_0 .net "bi", 0 0, L_0x5606ef8b3c70;  1 drivers
v0x5606ef8a85f0_0 .var "out", 7 0;
E_0x5606ef8a83f0 .event edge, v0x5606ef8a8530_0, v0x5606ef8a8450_0;
S_0x5606ef8a8760 .scope module, "kpg_3" "kpg" 4 12, 5 1 0, S_0x5606ef8a73e0;
 .timescale 0 0;
    .port_info 0 /OUTPUT 8 "out"
    .port_info 1 /INPUT 1 "ai"
    .port_info 2 /INPUT 1 "bi"
v0x5606ef8a8a00_0 .net "ai", 0 0, L_0x5606ef8b3d80;  1 drivers
v0x5606ef8a8ae0_0 .net "bi", 0 0, L_0x5606ef8b3e20;  1 drivers
v0x5606ef8a8ba0_0 .var "out", 7 0;
E_0x5606ef8a8980 .event edge, v0x5606ef8a8ae0_0, v0x5606ef8a8a00_0;
S_0x5606ef8a8d10 .scope module, "kpg_4" "kpg" 4 13, 5 1 0, S_0x5606ef8a73e0;
 .timescale 0 0;
    .port_info 0 /OUTPUT 8 "out"
    .port_info 1 /INPUT 1 "ai"
    .port_info 2 /INPUT 1 "bi"
v0x5606ef8a9000_0 .net "ai", 0 0, L_0x5606ef8b3f40;  1 drivers
v0x5606ef8a90e0_0 .net "bi", 0 0, L_0x5606ef8b4010;  1 drivers
v0x5606ef8a91a0_0 .var "out", 7 0;
E_0x5606ef8a8f80 .event edge, v0x5606ef8a90e0_0, v0x5606ef8a9000_0;
S_0x5606ef8a92e0 .scope module, "kpg_5" "kpg" 4 14, 5 1 0, S_0x5606ef8a73e0;
 .timescale 0 0;
    .port_info 0 /OUTPUT 8 "out"
    .port_info 1 /INPUT 1 "ai"
    .port_info 2 /INPUT 1 "bi"
v0x5606ef8a9580_0 .net "ai", 0 0, L_0x5606ef8b4140;  1 drivers
v0x5606ef8a9660_0 .net "bi", 0 0, L_0x5606ef8b4210;  1 drivers
v0x5606ef8a9720_0 .var "out", 7 0;
E_0x5606ef8a9500 .event edge, v0x5606ef8a9660_0, v0x5606ef8a9580_0;
S_0x5606ef8a9890 .scope module, "kpg_6" "kpg" 4 15, 5 1 0, S_0x5606ef8a73e0;
 .timescale 0 0;
    .port_info 0 /OUTPUT 8 "out"
    .port_info 1 /INPUT 1 "ai"
    .port_info 2 /INPUT 1 "bi"
v0x5606ef8a9b30_0 .net "ai", 0 0, L_0x5606ef8b4350;  1 drivers
v0x5606ef8a9c10_0 .net "bi", 0 0, L_0x5606ef8b4420;  1 drivers
v0x5606ef8a9cd0_0 .var "out", 7 0;
E_0x5606ef8a9ab0 .event edge, v0x5606ef8a9c10_0, v0x5606ef8a9b30_0;
S_0x5606ef8a9e40 .scope module, "kpg_7" "kpg" 4 16, 5 1 0, S_0x5606ef8a73e0;
 .timescale 0 0;
    .port_info 0 /OUTPUT 8 "out"
    .port_info 1 /INPUT 1 "ai"
    .port_info 2 /INPUT 1 "bi"
v0x5606ef8aa0e0_0 .net "ai", 0 0, L_0x5606ef8b47c0;  1 drivers
v0x5606ef8aa1c0_0 .net "bi", 0 0, L_0x5606ef8b4a30;  1 drivers
v0x5606ef8aa280_0 .var "out", 7 0;
E_0x5606ef8aa060 .event edge, v0x5606ef8aa1c0_0, v0x5606ef8aa0e0_0;
S_0x5606ef8aa730 .scope module, "kpg_2" "kpg_gen" 3 19, 4 3 0, S_0x5606ef87d840;
 .timescale 0 0;
    .port_info 0 /OUTPUT 64 "out"
    .port_info 1 /INPUT 8 "ai"
    .port_info 2 /INPUT 8 "bi"
v0x5606ef8ad750_0 .net "ai", 7 0, L_0x5606ef8b6160;  1 drivers
v0x5606ef8ad830_0 .net "bi", 7 0, L_0x5606ef8b6200;  1 drivers
v0x5606ef8ad910_0 .net "out", 63 0, L_0x5606ef8b5ac0;  1 drivers
L_0x5606ef8b4d80 .part L_0x5606ef8b6160, 0, 1;
L_0x5606ef8b4e80 .part L_0x5606ef8b6200, 0, 1;
L_0x5606ef8b4f80 .part L_0x5606ef8b6160, 1, 1;
L_0x5606ef8b5050 .part L_0x5606ef8b6200, 1, 1;
L_0x5606ef8b5120 .part L_0x5606ef8b6160, 2, 1;
L_0x5606ef8b51c0 .part L_0x5606ef8b6200, 2, 1;
L_0x5606ef8b52d0 .part L_0x5606ef8b6160, 3, 1;
L_0x5606ef8b5370 .part L_0x5606ef8b6200, 3, 1;
L_0x5606ef8b5490 .part L_0x5606ef8b6160, 4, 1;
L_0x5606ef8b5560 .part L_0x5606ef8b6200, 4, 1;
L_0x5606ef8b5690 .part L_0x5606ef8b6160, 5, 1;
L_0x5606ef8b5760 .part L_0x5606ef8b6200, 5, 1;
L_0x5606ef8b58a0 .part L_0x5606ef8b6160, 6, 1;
L_0x5606ef8b5970 .part L_0x5606ef8b6200, 6, 1;
LS_0x5606ef8b5ac0_0_0 .concat8 [ 8 8 8 8], v0x5606ef8aade0_0, v0x5606ef8ab390_0, v0x5606ef8ab950_0, v0x5606ef8abf00_0;
LS_0x5606ef8b5ac0_0_4 .concat8 [ 8 8 8 8], v0x5606ef8ac500_0, v0x5606ef8aca80_0, v0x5606ef8ad030_0, v0x5606ef8ad5e0_0;
L_0x5606ef8b5ac0 .concat8 [ 32 32 0 0], LS_0x5606ef8b5ac0_0_0, LS_0x5606ef8b5ac0_0_4;
L_0x5606ef8b5d10 .part L_0x5606ef8b6160, 7, 1;
L_0x5606ef8b5f80 .part L_0x5606ef8b6200, 7, 1;
S_0x5606ef8aa980 .scope module, "kpg_0" "kpg" 4 9, 5 1 0, S_0x5606ef8aa730;
 .timescale 0 0;
    .port_info 0 /OUTPUT 8 "out"
    .port_info 1 /INPUT 1 "ai"
    .port_info 2 /INPUT 1 "bi"
v0x5606ef8aac40_0 .net "ai", 0 0, L_0x5606ef8b4d80;  1 drivers
v0x5606ef8aad20_0 .net "bi", 0 0, L_0x5606ef8b4e80;  1 drivers
v0x5606ef8aade0_0 .var "out", 7 0;
E_0x5606ef8aabc0 .event edge, v0x5606ef8aad20_0, v0x5606ef8aac40_0;
S_0x5606ef8aaf50 .scope module, "kpg_1" "kpg" 4 10, 5 1 0, S_0x5606ef8aa730;
 .timescale 0 0;
    .port_info 0 /OUTPUT 8 "out"
    .port_info 1 /INPUT 1 "ai"
    .port_info 2 /INPUT 1 "bi"
v0x5606ef8ab1f0_0 .net "ai", 0 0, L_0x5606ef8b4f80;  1 drivers
v0x5606ef8ab2d0_0 .net "bi", 0 0, L_0x5606ef8b5050;  1 drivers
v0x5606ef8ab390_0 .var "out", 7 0;
E_0x5606ef8ab170 .event edge, v0x5606ef8ab2d0_0, v0x5606ef8ab1f0_0;
S_0x5606ef8ab500 .scope module, "kpg_2" "kpg" 4 11, 5 1 0, S_0x5606ef8aa730;
 .timescale 0 0;
    .port_info 0 /OUTPUT 8 "out"
    .port_info 1 /INPUT 1 "ai"
    .port_info 2 /INPUT 1 "bi"
v0x5606ef8ab7b0_0 .net "ai", 0 0, L_0x5606ef8b5120;  1 drivers
v0x5606ef8ab890_0 .net "bi", 0 0, L_0x5606ef8b51c0;  1 drivers
v0x5606ef8ab950_0 .var "out", 7 0;
E_0x5606ef8ab750 .event edge, v0x5606ef8ab890_0, v0x5606ef8ab7b0_0;
S_0x5606ef8abac0 .scope module, "kpg_3" "kpg" 4 12, 5 1 0, S_0x5606ef8aa730;
 .timescale 0 0;
    .port_info 0 /OUTPUT 8 "out"
    .port_info 1 /INPUT 1 "ai"
    .port_info 2 /INPUT 1 "bi"
v0x5606ef8abd60_0 .net "ai", 0 0, L_0x5606ef8b52d0;  1 drivers
v0x5606ef8abe40_0 .net "bi", 0 0, L_0x5606ef8b5370;  1 drivers
v0x5606ef8abf00_0 .var "out", 7 0;
E_0x5606ef8abce0 .event edge, v0x5606ef8abe40_0, v0x5606ef8abd60_0;
S_0x5606ef8ac070 .scope module, "kpg_4" "kpg" 4 13, 5 1 0, S_0x5606ef8aa730;
 .timescale 0 0;
    .port_info 0 /OUTPUT 8 "out"
    .port_info 1 /INPUT 1 "ai"
    .port_info 2 /INPUT 1 "bi"
v0x5606ef8ac360_0 .net "ai", 0 0, L_0x5606ef8b5490;  1 drivers
v0x5606ef8ac440_0 .net "bi", 0 0, L_0x5606ef8b5560;  1 drivers
v0x5606ef8ac500_0 .var "out", 7 0;
E_0x5606ef8ac2e0 .event edge, v0x5606ef8ac440_0, v0x5606ef8ac360_0;
S_0x5606ef8ac640 .scope module, "kpg_5" "kpg" 4 14, 5 1 0, S_0x5606ef8aa730;
 .timescale 0 0;
    .port_info 0 /OUTPUT 8 "out"
    .port_info 1 /INPUT 1 "ai"
    .port_info 2 /INPUT 1 "bi"
v0x5606ef8ac8e0_0 .net "ai", 0 0, L_0x5606ef8b5690;  1 drivers
v0x5606ef8ac9c0_0 .net "bi", 0 0, L_0x5606ef8b5760;  1 drivers
v0x5606ef8aca80_0 .var "out", 7 0;
E_0x5606ef8ac860 .event edge, v0x5606ef8ac9c0_0, v0x5606ef8ac8e0_0;
S_0x5606ef8acbf0 .scope module, "kpg_6" "kpg" 4 15, 5 1 0, S_0x5606ef8aa730;
 .timescale 0 0;
    .port_info 0 /OUTPUT 8 "out"
    .port_info 1 /INPUT 1 "ai"
    .port_info 2 /INPUT 1 "bi"
v0x5606ef8ace90_0 .net "ai", 0 0, L_0x5606ef8b58a0;  1 drivers
v0x5606ef8acf70_0 .net "bi", 0 0, L_0x5606ef8b5970;  1 drivers
v0x5606ef8ad030_0 .var "out", 7 0;
E_0x5606ef8ace10 .event edge, v0x5606ef8acf70_0, v0x5606ef8ace90_0;
S_0x5606ef8ad1a0 .scope module, "kpg_7" "kpg" 4 16, 5 1 0, S_0x5606ef8aa730;
 .timescale 0 0;
    .port_info 0 /OUTPUT 8 "out"
    .port_info 1 /INPUT 1 "ai"
    .port_info 2 /INPUT 1 "bi"
v0x5606ef8ad440_0 .net "ai", 0 0, L_0x5606ef8b5d10;  1 drivers
v0x5606ef8ad520_0 .net "bi", 0 0, L_0x5606ef8b5f80;  1 drivers
v0x5606ef8ad5e0_0 .var "out", 7 0;
E_0x5606ef8ad3c0 .event edge, v0x5606ef8ad520_0, v0x5606ef8ad440_0;
S_0x5606ef8ada90 .scope module, "kpg_3" "kpg_gen" 3 20, 4 3 0, S_0x5606ef87d840;
 .timescale 0 0;
    .port_info 0 /OUTPUT 64 "out"
    .port_info 1 /INPUT 8 "ai"
    .port_info 2 /INPUT 8 "bi"
v0x5606ef8b0aa0_0 .net "ai", 7 0, L_0x5606ef8b77b0;  1 drivers
v0x5606ef8b0b80_0 .net "bi", 7 0, L_0x5606ef8b7850;  1 drivers
v0x5606ef8b0c60_0 .net "out", 63 0, L_0x5606ef8b7110;  1 drivers
L_0x5606ef8b62e0 .part L_0x5606ef8b77b0, 0, 1;
L_0x5606ef8b63b0 .part L_0x5606ef8b7850, 0, 1;
L_0x5606ef8b64b0 .part L_0x5606ef8b77b0, 1, 1;
L_0x5606ef8b6580 .part L_0x5606ef8b7850, 1, 1;
L_0x5606ef8b6650 .part L_0x5606ef8b77b0, 2, 1;
L_0x5606ef8b66f0 .part L_0x5606ef8b7850, 2, 1;
L_0x5606ef8b6800 .part L_0x5606ef8b77b0, 3, 1;
L_0x5606ef8b6930 .part L_0x5606ef8b7850, 3, 1;
L_0x5606ef8b6ae0 .part L_0x5606ef8b77b0, 4, 1;
L_0x5606ef8b6bb0 .part L_0x5606ef8b7850, 4, 1;
L_0x5606ef8b6ce0 .part L_0x5606ef8b77b0, 5, 1;
L_0x5606ef8b6db0 .part L_0x5606ef8b7850, 5, 1;
L_0x5606ef8b6ef0 .part L_0x5606ef8b77b0, 6, 1;
L_0x5606ef8b6fc0 .part L_0x5606ef8b7850, 6, 1;
LS_0x5606ef8b7110_0_0 .concat8 [ 8 8 8 8], v0x5606ef8ae130_0, v0x5606ef8ae6e0_0, v0x5606ef8aeca0_0, v0x5606ef8af250_0;
LS_0x5606ef8b7110_0_4 .concat8 [ 8 8 8 8], v0x5606ef8af850_0, v0x5606ef8afdd0_0, v0x5606ef8b0380_0, v0x5606ef8b0930_0;
L_0x5606ef8b7110 .concat8 [ 32 32 0 0], LS_0x5606ef8b7110_0_0, LS_0x5606ef8b7110_0_4;
L_0x5606ef8b7360 .part L_0x5606ef8b77b0, 7, 1;
L_0x5606ef8b75d0 .part L_0x5606ef8b7850, 7, 1;
S_0x5606ef8adcb0 .scope module, "kpg_0" "kpg" 4 9, 5 1 0, S_0x5606ef8ada90;
 .timescale 0 0;
    .port_info 0 /OUTPUT 8 "out"
    .port_info 1 /INPUT 1 "ai"
    .port_info 2 /INPUT 1 "bi"
v0x5606ef8adf90_0 .net "ai", 0 0, L_0x5606ef8b62e0;  1 drivers
v0x5606ef8ae070_0 .net "bi", 0 0, L_0x5606ef8b63b0;  1 drivers
v0x5606ef8ae130_0 .var "out", 7 0;
E_0x5606ef8adf10 .event edge, v0x5606ef8ae070_0, v0x5606ef8adf90_0;
S_0x5606ef8ae2a0 .scope module, "kpg_1" "kpg" 4 10, 5 1 0, S_0x5606ef8ada90;
 .timescale 0 0;
    .port_info 0 /OUTPUT 8 "out"
    .port_info 1 /INPUT 1 "ai"
    .port_info 2 /INPUT 1 "bi"
v0x5606ef8ae540_0 .net "ai", 0 0, L_0x5606ef8b64b0;  1 drivers
v0x5606ef8ae620_0 .net "bi", 0 0, L_0x5606ef8b6580;  1 drivers
v0x5606ef8ae6e0_0 .var "out", 7 0;
E_0x5606ef8ae4c0 .event edge, v0x5606ef8ae620_0, v0x5606ef8ae540_0;
S_0x5606ef8ae850 .scope module, "kpg_2" "kpg" 4 11, 5 1 0, S_0x5606ef8ada90;
 .timescale 0 0;
    .port_info 0 /OUTPUT 8 "out"
    .port_info 1 /INPUT 1 "ai"
    .port_info 2 /INPUT 1 "bi"
v0x5606ef8aeb00_0 .net "ai", 0 0, L_0x5606ef8b6650;  1 drivers
v0x5606ef8aebe0_0 .net "bi", 0 0, L_0x5606ef8b66f0;  1 drivers
v0x5606ef8aeca0_0 .var "out", 7 0;
E_0x5606ef8aeaa0 .event edge, v0x5606ef8aebe0_0, v0x5606ef8aeb00_0;
S_0x5606ef8aee10 .scope module, "kpg_3" "kpg" 4 12, 5 1 0, S_0x5606ef8ada90;
 .timescale 0 0;
    .port_info 0 /OUTPUT 8 "out"
    .port_info 1 /INPUT 1 "ai"
    .port_info 2 /INPUT 1 "bi"
v0x5606ef8af0b0_0 .net "ai", 0 0, L_0x5606ef8b6800;  1 drivers
v0x5606ef8af190_0 .net "bi", 0 0, L_0x5606ef8b6930;  1 drivers
v0x5606ef8af250_0 .var "out", 7 0;
E_0x5606ef8af030 .event edge, v0x5606ef8af190_0, v0x5606ef8af0b0_0;
S_0x5606ef8af3c0 .scope module, "kpg_4" "kpg" 4 13, 5 1 0, S_0x5606ef8ada90;
 .timescale 0 0;
    .port_info 0 /OUTPUT 8 "out"
    .port_info 1 /INPUT 1 "ai"
    .port_info 2 /INPUT 1 "bi"
v0x5606ef8af6b0_0 .net "ai", 0 0, L_0x5606ef8b6ae0;  1 drivers
v0x5606ef8af790_0 .net "bi", 0 0, L_0x5606ef8b6bb0;  1 drivers
v0x5606ef8af850_0 .var "out", 7 0;
E_0x5606ef8af630 .event edge, v0x5606ef8af790_0, v0x5606ef8af6b0_0;
S_0x5606ef8af990 .scope module, "kpg_5" "kpg" 4 14, 5 1 0, S_0x5606ef8ada90;
 .timescale 0 0;
    .port_info 0 /OUTPUT 8 "out"
    .port_info 1 /INPUT 1 "ai"
    .port_info 2 /INPUT 1 "bi"
v0x5606ef8afc30_0 .net "ai", 0 0, L_0x5606ef8b6ce0;  1 drivers
v0x5606ef8afd10_0 .net "bi", 0 0, L_0x5606ef8b6db0;  1 drivers
v0x5606ef8afdd0_0 .var "out", 7 0;
E_0x5606ef8afbb0 .event edge, v0x5606ef8afd10_0, v0x5606ef8afc30_0;
S_0x5606ef8aff40 .scope module, "kpg_6" "kpg" 4 15, 5 1 0, S_0x5606ef8ada90;
 .timescale 0 0;
    .port_info 0 /OUTPUT 8 "out"
    .port_info 1 /INPUT 1 "ai"
    .port_info 2 /INPUT 1 "bi"
v0x5606ef8b01e0_0 .net "ai", 0 0, L_0x5606ef8b6ef0;  1 drivers
v0x5606ef8b02c0_0 .net "bi", 0 0, L_0x5606ef8b6fc0;  1 drivers
v0x5606ef8b0380_0 .var "out", 7 0;
E_0x5606ef8b0160 .event edge, v0x5606ef8b02c0_0, v0x5606ef8b01e0_0;
S_0x5606ef8b04f0 .scope module, "kpg_7" "kpg" 4 16, 5 1 0, S_0x5606ef8ada90;
 .timescale 0 0;
    .port_info 0 /OUTPUT 8 "out"
    .port_info 1 /INPUT 1 "ai"
    .port_info 2 /INPUT 1 "bi"
v0x5606ef8b0790_0 .net "ai", 0 0, L_0x5606ef8b7360;  1 drivers
v0x5606ef8b0870_0 .net "bi", 0 0, L_0x5606ef8b75d0;  1 drivers
v0x5606ef8b0930_0 .var "out", 7 0;
E_0x5606ef8b0710 .event edge, v0x5606ef8b0870_0, v0x5606ef8b0790_0;
S_0x5606ef8b0de0 .scope module, "ppc_0" "ppc" 3 24, 6 1 0, S_0x5606ef87d840;
 .timescale 0 0;
    .port_info 0 /OUTPUT 256 "y"
    .port_info 1 /INPUT 256 "x"
v0x5606ef8b10d0_0 .var/i "i", 31 0;
v0x5606ef8b11d0_0 .var/i "j", 31 0;
v0x5606ef8b12b0_0 .var/i "n", 31 0;
v0x5606ef8b1370_0 .net "x", 255 0, L_0x5606ef8b7ae0;  1 drivers
v0x5606ef8b1460_0 .var "y", 255 0;
E_0x5606ef8b1040/0 .event edge, v0x5606ef8b10d0_0, v0x5606ef8b12b0_0, v0x5606ef8b1370_0, v0x5606ef8b11d0_0;
E_0x5606ef8b1040/1 .event edge, v0x5606ef8b1460_0;
E_0x5606ef8b1040 .event/or E_0x5606ef8b1040/0, E_0x5606ef8b1040/1;
    .scope S_0x5606ef886e10;
T_0 ;
    %wait E_0x5606ef84d4e0;
    %load/vec4 v0x5606ef887ac0_0;
    %load/vec4 v0x5606ef8a48c0_0;
    %cmp/e;
    %jmp/0xz  T_0.0, 4;
    %load/vec4 v0x5606ef887ac0_0;
    %pad/u 32;
    %cmpi/e 0, 0, 32;
    %jmp/0xz  T_0.2, 4;
    %pushi/vec4 107, 0, 8; draw_string_vec4
    %store/vec4 v0x5606ef8a4980_0, 0, 8;
    %jmp T_0.3;
T_0.2 ;
    %pushi/vec4 103, 0, 8; draw_string_vec4
    %store/vec4 v0x5606ef8a4980_0, 0, 8;
T_0.3 ;
    %jmp T_0.1;
T_0.0 ;
    %pushi/vec4 112, 0, 8; draw_string_vec4
    %store/vec4 v0x5606ef8a4980_0, 0, 8;
T_0.1 ;
    %jmp T_0;
    .thread T_0, $push;
    .scope S_0x5606ef8a4ac0;
T_1 ;
    %wait E_0x5606ef84e400;
    %load/vec4 v0x5606ef8a4d20_0;
    %load/vec4 v0x5606ef8a4e00_0;
    %cmp/e;
    %jmp/0xz  T_1.0, 4;
    %load/vec4 v0x5606ef8a4d20_0;
    %pad/u 32;
    %cmpi/e 0, 0, 32;
    %jmp/0xz  T_1.2, 4;
    %pushi/vec4 107, 0, 8; draw_string_vec4
    %store/vec4 v0x5606ef8a4ec0_0, 0, 8;
    %jmp T_1.3;
T_1.2 ;
    %pushi/vec4 103, 0, 8; draw_string_vec4
    %store/vec4 v0x5606ef8a4ec0_0, 0, 8;
T_1.3 ;
    %jmp T_1.1;
T_1.0 ;
    %pushi/vec4 112, 0, 8; draw_string_vec4
    %store/vec4 v0x5606ef8a4ec0_0, 0, 8;
T_1.1 ;
    %jmp T_1;
    .thread T_1, $push;
    .scope S_0x5606ef8a5000;
T_2 ;
    %wait E_0x5606ef84e770;
    %load/vec4 v0x5606ef8a5240_0;
    %load/vec4 v0x5606ef8a5320_0;
    %cmp/e;
    %jmp/0xz  T_2.0, 4;
    %load/vec4 v0x5606ef8a5240_0;
    %pad/u 32;
    %cmpi/e 0, 0, 32;
    %jmp/0xz  T_2.2, 4;
    %pushi/vec4 107, 0, 8; draw_string_vec4
    %store/vec4 v0x5606ef8a53e0_0, 0, 8;
    %jmp T_2.3;
T_2.2 ;
    %pushi/vec4 103, 0, 8; draw_string_vec4
    %store/vec4 v0x5606ef8a53e0_0, 0, 8;
T_2.3 ;
    %jmp T_2.1;
T_2.0 ;
    %pushi/vec4 112, 0, 8; draw_string_vec4
    %store/vec4 v0x5606ef8a53e0_0, 0, 8;
T_2.1 ;
    %jmp T_2;
    .thread T_2, $push;
    .scope S_0x5606ef8a5520;
T_3 ;
    %wait E_0x5606ef84e140;
    %load/vec4 v0x5606ef8a5780_0;
    %load/vec4 v0x5606ef8a5860_0;
    %cmp/e;
    %jmp/0xz  T_3.0, 4;
    %load/vec4 v0x5606ef8a5780_0;
    %pad/u 32;
    %cmpi/e 0, 0, 32;
    %jmp/0xz  T_3.2, 4;
    %pushi/vec4 107, 0, 8; draw_string_vec4
    %store/vec4 v0x5606ef8a5920_0, 0, 8;
    %jmp T_3.3;
T_3.2 ;
    %pushi/vec4 103, 0, 8; draw_string_vec4
    %store/vec4 v0x5606ef8a5920_0, 0, 8;
T_3.3 ;
    %jmp T_3.1;
T_3.0 ;
    %pushi/vec4 112, 0, 8; draw_string_vec4
    %store/vec4 v0x5606ef8a5920_0, 0, 8;
T_3.1 ;
    %jmp T_3;
    .thread T_3, $push;
    .scope S_0x5606ef8a5a60;
T_4 ;
    %wait E_0x5606ef88fec0;
    %load/vec4 v0x5606ef8a5d10_0;
    %load/vec4 v0x5606ef8a5df0_0;
    %cmp/e;
    %jmp/0xz  T_4.0, 4;
    %load/vec4 v0x5606ef8a5d10_0;
    %pad/u 32;
    %cmpi/e 0, 0, 32;
    %jmp/0xz  T_4.2, 4;
    %pushi/vec4 107, 0, 8; draw_string_vec4
    %store/vec4 v0x5606ef8a5eb0_0, 0, 8;
    %jmp T_4.3;
T_4.2 ;
    %pushi/vec4 103, 0, 8; draw_string_vec4
    %store/vec4 v0x5606ef8a5eb0_0, 0, 8;
T_4.3 ;
    %jmp T_4.1;
T_4.0 ;
    %pushi/vec4 112, 0, 8; draw_string_vec4
    %store/vec4 v0x5606ef8a5eb0_0, 0, 8;
T_4.1 ;
    %jmp T_4;
    .thread T_4, $push;
    .scope S_0x5606ef8a5ff0;
T_5 ;
    %wait E_0x5606ef8a6210;
    %load/vec4 v0x5606ef8a6290_0;
    %load/vec4 v0x5606ef8a6370_0;
    %cmp/e;
    %jmp/0xz  T_5.0, 4;
    %load/vec4 v0x5606ef8a6290_0;
    %pad/u 32;
    %cmpi/e 0, 0, 32;
    %jmp/0xz  T_5.2, 4;
    %pushi/vec4 107, 0, 8; draw_string_vec4
    %store/vec4 v0x5606ef8a6430_0, 0, 8;
    %jmp T_5.3;
T_5.2 ;
    %pushi/vec4 103, 0, 8; draw_string_vec4
    %store/vec4 v0x5606ef8a6430_0, 0, 8;
T_5.3 ;
    %jmp T_5.1;
T_5.0 ;
    %pushi/vec4 112, 0, 8; draw_string_vec4
    %store/vec4 v0x5606ef8a6430_0, 0, 8;
T_5.1 ;
    %jmp T_5;
    .thread T_5, $push;
    .scope S_0x5606ef8a6570;
T_6 ;
    %wait E_0x5606ef8a6790;
    %load/vec4 v0x5606ef8a6810_0;
    %load/vec4 v0x5606ef8a68f0_0;
    %cmp/e;
    %jmp/0xz  T_6.0, 4;
    %load/vec4 v0x5606ef8a6810_0;
    %pad/u 32;
    %cmpi/e 0, 0, 32;
    %jmp/0xz  T_6.2, 4;
    %pushi/vec4 107, 0, 8; draw_string_vec4
    %store/vec4 v0x5606ef8a69b0_0, 0, 8;
    %jmp T_6.3;
T_6.2 ;
    %pushi/vec4 103, 0, 8; draw_string_vec4
    %store/vec4 v0x5606ef8a69b0_0, 0, 8;
T_6.3 ;
    %jmp T_6.1;
T_6.0 ;
    %pushi/vec4 112, 0, 8; draw_string_vec4
    %store/vec4 v0x5606ef8a69b0_0, 0, 8;
T_6.1 ;
    %jmp T_6;
    .thread T_6, $push;
    .scope S_0x5606ef8a6af0;
T_7 ;
    %wait E_0x5606ef8a6d10;
    %load/vec4 v0x5606ef8a6d90_0;
    %load/vec4 v0x5606ef8a6e70_0;
    %cmp/e;
    %jmp/0xz  T_7.0, 4;
    %load/vec4 v0x5606ef8a6d90_0;
    %pad/u 32;
    %cmpi/e 0, 0, 32;
    %jmp/0xz  T_7.2, 4;
    %pushi/vec4 107, 0, 8; draw_string_vec4
    %store/vec4 v0x5606ef8a6f30_0, 0, 8;
    %jmp T_7.3;
T_7.2 ;
    %pushi/vec4 103, 0, 8; draw_string_vec4
    %store/vec4 v0x5606ef8a6f30_0, 0, 8;
T_7.3 ;
    %jmp T_7.1;
T_7.0 ;
    %pushi/vec4 112, 0, 8; draw_string_vec4
    %store/vec4 v0x5606ef8a6f30_0, 0, 8;
T_7.1 ;
    %jmp T_7;
    .thread T_7, $push;
    .scope S_0x5606ef8a7600;
T_8 ;
    %wait E_0x5606ef8a7860;
    %load/vec4 v0x5606ef8a78e0_0;
    %load/vec4 v0x5606ef8a79c0_0;
    %cmp/e;
    %jmp/0xz  T_8.0, 4;
    %load/vec4 v0x5606ef8a78e0_0;
    %pad/u 32;
    %cmpi/e 0, 0, 32;
    %jmp/0xz  T_8.2, 4;
    %pushi/vec4 107, 0, 8; draw_string_vec4
    %store/vec4 v0x5606ef8a7a80_0, 0, 8;
    %jmp T_8.3;
T_8.2 ;
    %pushi/vec4 103, 0, 8; draw_string_vec4
    %store/vec4 v0x5606ef8a7a80_0, 0, 8;
T_8.3 ;
    %jmp T_8.1;
T_8.0 ;
    %pushi/vec4 112, 0, 8; draw_string_vec4
    %store/vec4 v0x5606ef8a7a80_0, 0, 8;
T_8.1 ;
    %jmp T_8;
    .thread T_8, $push;
    .scope S_0x5606ef8a7bf0;
T_9 ;
    %wait E_0x5606ef8a7e10;
    %load/vec4 v0x5606ef8a7e90_0;
    %load/vec4 v0x5606ef8a7f70_0;
    %cmp/e;
    %jmp/0xz  T_9.0, 4;
    %load/vec4 v0x5606ef8a7e90_0;
    %pad/u 32;
    %cmpi/e 0, 0, 32;
    %jmp/0xz  T_9.2, 4;
    %pushi/vec4 107, 0, 8; draw_string_vec4
    %store/vec4 v0x5606ef8a8030_0, 0, 8;
    %jmp T_9.3;
T_9.2 ;
    %pushi/vec4 103, 0, 8; draw_string_vec4
    %store/vec4 v0x5606ef8a8030_0, 0, 8;
T_9.3 ;
    %jmp T_9.1;
T_9.0 ;
    %pushi/vec4 112, 0, 8; draw_string_vec4
    %store/vec4 v0x5606ef8a8030_0, 0, 8;
T_9.1 ;
    %jmp T_9;
    .thread T_9, $push;
    .scope S_0x5606ef8a81a0;
T_10 ;
    %wait E_0x5606ef8a83f0;
    %load/vec4 v0x5606ef8a8450_0;
    %load/vec4 v0x5606ef8a8530_0;
    %cmp/e;
    %jmp/0xz  T_10.0, 4;
    %load/vec4 v0x5606ef8a8450_0;
    %pad/u 32;
    %cmpi/e 0, 0, 32;
    %jmp/0xz  T_10.2, 4;
    %pushi/vec4 107, 0, 8; draw_string_vec4
    %store/vec4 v0x5606ef8a85f0_0, 0, 8;
    %jmp T_10.3;
T_10.2 ;
    %pushi/vec4 103, 0, 8; draw_string_vec4
    %store/vec4 v0x5606ef8a85f0_0, 0, 8;
T_10.3 ;
    %jmp T_10.1;
T_10.0 ;
    %pushi/vec4 112, 0, 8; draw_string_vec4
    %store/vec4 v0x5606ef8a85f0_0, 0, 8;
T_10.1 ;
    %jmp T_10;
    .thread T_10, $push;
    .scope S_0x5606ef8a8760;
T_11 ;
    %wait E_0x5606ef8a8980;
    %load/vec4 v0x5606ef8a8a00_0;
    %load/vec4 v0x5606ef8a8ae0_0;
    %cmp/e;
    %jmp/0xz  T_11.0, 4;
    %load/vec4 v0x5606ef8a8a00_0;
    %pad/u 32;
    %cmpi/e 0, 0, 32;
    %jmp/0xz  T_11.2, 4;
    %pushi/vec4 107, 0, 8; draw_string_vec4
    %store/vec4 v0x5606ef8a8ba0_0, 0, 8;
    %jmp T_11.3;
T_11.2 ;
    %pushi/vec4 103, 0, 8; draw_string_vec4
    %store/vec4 v0x5606ef8a8ba0_0, 0, 8;
T_11.3 ;
    %jmp T_11.1;
T_11.0 ;
    %pushi/vec4 112, 0, 8; draw_string_vec4
    %store/vec4 v0x5606ef8a8ba0_0, 0, 8;
T_11.1 ;
    %jmp T_11;
    .thread T_11, $push;
    .scope S_0x5606ef8a8d10;
T_12 ;
    %wait E_0x5606ef8a8f80;
    %load/vec4 v0x5606ef8a9000_0;
    %load/vec4 v0x5606ef8a90e0_0;
    %cmp/e;
    %jmp/0xz  T_12.0, 4;
    %load/vec4 v0x5606ef8a9000_0;
    %pad/u 32;
    %cmpi/e 0, 0, 32;
    %jmp/0xz  T_12.2, 4;
    %pushi/vec4 107, 0, 8; draw_string_vec4
    %store/vec4 v0x5606ef8a91a0_0, 0, 8;
    %jmp T_12.3;
T_12.2 ;
    %pushi/vec4 103, 0, 8; draw_string_vec4
    %store/vec4 v0x5606ef8a91a0_0, 0, 8;
T_12.3 ;
    %jmp T_12.1;
T_12.0 ;
    %pushi/vec4 112, 0, 8; draw_string_vec4
    %store/vec4 v0x5606ef8a91a0_0, 0, 8;
T_12.1 ;
    %jmp T_12;
    .thread T_12, $push;
    .scope S_0x5606ef8a92e0;
T_13 ;
    %wait E_0x5606ef8a9500;
    %load/vec4 v0x5606ef8a9580_0;
    %load/vec4 v0x5606ef8a9660_0;
    %cmp/e;
    %jmp/0xz  T_13.0, 4;
    %load/vec4 v0x5606ef8a9580_0;
    %pad/u 32;
    %cmpi/e 0, 0, 32;
    %jmp/0xz  T_13.2, 4;
    %pushi/vec4 107, 0, 8; draw_string_vec4
    %store/vec4 v0x5606ef8a9720_0, 0, 8;
    %jmp T_13.3;
T_13.2 ;
    %pushi/vec4 103, 0, 8; draw_string_vec4
    %store/vec4 v0x5606ef8a9720_0, 0, 8;
T_13.3 ;
    %jmp T_13.1;
T_13.0 ;
    %pushi/vec4 112, 0, 8; draw_string_vec4
    %store/vec4 v0x5606ef8a9720_0, 0, 8;
T_13.1 ;
    %jmp T_13;
    .thread T_13, $push;
    .scope S_0x5606ef8a9890;
T_14 ;
    %wait E_0x5606ef8a9ab0;
    %load/vec4 v0x5606ef8a9b30_0;
    %load/vec4 v0x5606ef8a9c10_0;
    %cmp/e;
    %jmp/0xz  T_14.0, 4;
    %load/vec4 v0x5606ef8a9b30_0;
    %pad/u 32;
    %cmpi/e 0, 0, 32;
    %jmp/0xz  T_14.2, 4;
    %pushi/vec4 107, 0, 8; draw_string_vec4
    %store/vec4 v0x5606ef8a9cd0_0, 0, 8;
    %jmp T_14.3;
T_14.2 ;
    %pushi/vec4 103, 0, 8; draw_string_vec4
    %store/vec4 v0x5606ef8a9cd0_0, 0, 8;
T_14.3 ;
    %jmp T_14.1;
T_14.0 ;
    %pushi/vec4 112, 0, 8; draw_string_vec4
    %store/vec4 v0x5606ef8a9cd0_0, 0, 8;
T_14.1 ;
    %jmp T_14;
    .thread T_14, $push;
    .scope S_0x5606ef8a9e40;
T_15 ;
    %wait E_0x5606ef8aa060;
    %load/vec4 v0x5606ef8aa0e0_0;
    %load/vec4 v0x5606ef8aa1c0_0;
    %cmp/e;
    %jmp/0xz  T_15.0, 4;
    %load/vec4 v0x5606ef8aa0e0_0;
    %pad/u 32;
    %cmpi/e 0, 0, 32;
    %jmp/0xz  T_15.2, 4;
    %pushi/vec4 107, 0, 8; draw_string_vec4
    %store/vec4 v0x5606ef8aa280_0, 0, 8;
    %jmp T_15.3;
T_15.2 ;
    %pushi/vec4 103, 0, 8; draw_string_vec4
    %store/vec4 v0x5606ef8aa280_0, 0, 8;
T_15.3 ;
    %jmp T_15.1;
T_15.0 ;
    %pushi/vec4 112, 0, 8; draw_string_vec4
    %store/vec4 v0x5606ef8aa280_0, 0, 8;
T_15.1 ;
    %jmp T_15;
    .thread T_15, $push;
    .scope S_0x5606ef8aa980;
T_16 ;
    %wait E_0x5606ef8aabc0;
    %load/vec4 v0x5606ef8aac40_0;
    %load/vec4 v0x5606ef8aad20_0;
    %cmp/e;
    %jmp/0xz  T_16.0, 4;
    %load/vec4 v0x5606ef8aac40_0;
    %pad/u 32;
    %cmpi/e 0, 0, 32;
    %jmp/0xz  T_16.2, 4;
    %pushi/vec4 107, 0, 8; draw_string_vec4
    %store/vec4 v0x5606ef8aade0_0, 0, 8;
    %jmp T_16.3;
T_16.2 ;
    %pushi/vec4 103, 0, 8; draw_string_vec4
    %store/vec4 v0x5606ef8aade0_0, 0, 8;
T_16.3 ;
    %jmp T_16.1;
T_16.0 ;
    %pushi/vec4 112, 0, 8; draw_string_vec4
    %store/vec4 v0x5606ef8aade0_0, 0, 8;
T_16.1 ;
    %jmp T_16;
    .thread T_16, $push;
    .scope S_0x5606ef8aaf50;
T_17 ;
    %wait E_0x5606ef8ab170;
    %load/vec4 v0x5606ef8ab1f0_0;
    %load/vec4 v0x5606ef8ab2d0_0;
    %cmp/e;
    %jmp/0xz  T_17.0, 4;
    %load/vec4 v0x5606ef8ab1f0_0;
    %pad/u 32;
    %cmpi/e 0, 0, 32;
    %jmp/0xz  T_17.2, 4;
    %pushi/vec4 107, 0, 8; draw_string_vec4
    %store/vec4 v0x5606ef8ab390_0, 0, 8;
    %jmp T_17.3;
T_17.2 ;
    %pushi/vec4 103, 0, 8; draw_string_vec4
    %store/vec4 v0x5606ef8ab390_0, 0, 8;
T_17.3 ;
    %jmp T_17.1;
T_17.0 ;
    %pushi/vec4 112, 0, 8; draw_string_vec4
    %store/vec4 v0x5606ef8ab390_0, 0, 8;
T_17.1 ;
    %jmp T_17;
    .thread T_17, $push;
    .scope S_0x5606ef8ab500;
T_18 ;
    %wait E_0x5606ef8ab750;
    %load/vec4 v0x5606ef8ab7b0_0;
    %load/vec4 v0x5606ef8ab890_0;
    %cmp/e;
    %jmp/0xz  T_18.0, 4;
    %load/vec4 v0x5606ef8ab7b0_0;
    %pad/u 32;
    %cmpi/e 0, 0, 32;
    %jmp/0xz  T_18.2, 4;
    %pushi/vec4 107, 0, 8; draw_string_vec4
    %store/vec4 v0x5606ef8ab950_0, 0, 8;
    %jmp T_18.3;
T_18.2 ;
    %pushi/vec4 103, 0, 8; draw_string_vec4
    %store/vec4 v0x5606ef8ab950_0, 0, 8;
T_18.3 ;
    %jmp T_18.1;
T_18.0 ;
    %pushi/vec4 112, 0, 8; draw_string_vec4
    %store/vec4 v0x5606ef8ab950_0, 0, 8;
T_18.1 ;
    %jmp T_18;
    .thread T_18, $push;
    .scope S_0x5606ef8abac0;
T_19 ;
    %wait E_0x5606ef8abce0;
    %load/vec4 v0x5606ef8abd60_0;
    %load/vec4 v0x5606ef8abe40_0;
    %cmp/e;
    %jmp/0xz  T_19.0, 4;
    %load/vec4 v0x5606ef8abd60_0;
    %pad/u 32;
    %cmpi/e 0, 0, 32;
    %jmp/0xz  T_19.2, 4;
    %pushi/vec4 107, 0, 8; draw_string_vec4
    %store/vec4 v0x5606ef8abf00_0, 0, 8;
    %jmp T_19.3;
T_19.2 ;
    %pushi/vec4 103, 0, 8; draw_string_vec4
    %store/vec4 v0x5606ef8abf00_0, 0, 8;
T_19.3 ;
    %jmp T_19.1;
T_19.0 ;
    %pushi/vec4 112, 0, 8; draw_string_vec4
    %store/vec4 v0x5606ef8abf00_0, 0, 8;
T_19.1 ;
    %jmp T_19;
    .thread T_19, $push;
    .scope S_0x5606ef8ac070;
T_20 ;
    %wait E_0x5606ef8ac2e0;
    %load/vec4 v0x5606ef8ac360_0;
    %load/vec4 v0x5606ef8ac440_0;
    %cmp/e;
    %jmp/0xz  T_20.0, 4;
    %load/vec4 v0x5606ef8ac360_0;
    %pad/u 32;
    %cmpi/e 0, 0, 32;
    %jmp/0xz  T_20.2, 4;
    %pushi/vec4 107, 0, 8; draw_string_vec4
    %store/vec4 v0x5606ef8ac500_0, 0, 8;
    %jmp T_20.3;
T_20.2 ;
    %pushi/vec4 103, 0, 8; draw_string_vec4
    %store/vec4 v0x5606ef8ac500_0, 0, 8;
T_20.3 ;
    %jmp T_20.1;
T_20.0 ;
    %pushi/vec4 112, 0, 8; draw_string_vec4
    %store/vec4 v0x5606ef8ac500_0, 0, 8;
T_20.1 ;
    %jmp T_20;
    .thread T_20, $push;
    .scope S_0x5606ef8ac640;
T_21 ;
    %wait E_0x5606ef8ac860;
    %load/vec4 v0x5606ef8ac8e0_0;
    %load/vec4 v0x5606ef8ac9c0_0;
    %cmp/e;
    %jmp/0xz  T_21.0, 4;
    %load/vec4 v0x5606ef8ac8e0_0;
    %pad/u 32;
    %cmpi/e 0, 0, 32;
    %jmp/0xz  T_21.2, 4;
    %pushi/vec4 107, 0, 8; draw_string_vec4
    %store/vec4 v0x5606ef8aca80_0, 0, 8;
    %jmp T_21.3;
T_21.2 ;
    %pushi/vec4 103, 0, 8; draw_string_vec4
    %store/vec4 v0x5606ef8aca80_0, 0, 8;
T_21.3 ;
    %jmp T_21.1;
T_21.0 ;
    %pushi/vec4 112, 0, 8; draw_string_vec4
    %store/vec4 v0x5606ef8aca80_0, 0, 8;
T_21.1 ;
    %jmp T_21;
    .thread T_21, $push;
    .scope S_0x5606ef8acbf0;
T_22 ;
    %wait E_0x5606ef8ace10;
    %load/vec4 v0x5606ef8ace90_0;
    %load/vec4 v0x5606ef8acf70_0;
    %cmp/e;
    %jmp/0xz  T_22.0, 4;
    %load/vec4 v0x5606ef8ace90_0;
    %pad/u 32;
    %cmpi/e 0, 0, 32;
    %jmp/0xz  T_22.2, 4;
    %pushi/vec4 107, 0, 8; draw_string_vec4
    %store/vec4 v0x5606ef8ad030_0, 0, 8;
    %jmp T_22.3;
T_22.2 ;
    %pushi/vec4 103, 0, 8; draw_string_vec4
    %store/vec4 v0x5606ef8ad030_0, 0, 8;
T_22.3 ;
    %jmp T_22.1;
T_22.0 ;
    %pushi/vec4 112, 0, 8; draw_string_vec4
    %store/vec4 v0x5606ef8ad030_0, 0, 8;
T_22.1 ;
    %jmp T_22;
    .thread T_22, $push;
    .scope S_0x5606ef8ad1a0;
T_23 ;
    %wait E_0x5606ef8ad3c0;
    %load/vec4 v0x5606ef8ad440_0;
    %load/vec4 v0x5606ef8ad520_0;
    %cmp/e;
    %jmp/0xz  T_23.0, 4;
    %load/vec4 v0x5606ef8ad440_0;
    %pad/u 32;
    %cmpi/e 0, 0, 32;
    %jmp/0xz  T_23.2, 4;
    %pushi/vec4 107, 0, 8; draw_string_vec4
    %store/vec4 v0x5606ef8ad5e0_0, 0, 8;
    %jmp T_23.3;
T_23.2 ;
    %pushi/vec4 103, 0, 8; draw_string_vec4
    %store/vec4 v0x5606ef8ad5e0_0, 0, 8;
T_23.3 ;
    %jmp T_23.1;
T_23.0 ;
    %pushi/vec4 112, 0, 8; draw_string_vec4
    %store/vec4 v0x5606ef8ad5e0_0, 0, 8;
T_23.1 ;
    %jmp T_23;
    .thread T_23, $push;
    .scope S_0x5606ef8adcb0;
T_24 ;
    %wait E_0x5606ef8adf10;
    %load/vec4 v0x5606ef8adf90_0;
    %load/vec4 v0x5606ef8ae070_0;
    %cmp/e;
    %jmp/0xz  T_24.0, 4;
    %load/vec4 v0x5606ef8adf90_0;
    %pad/u 32;
    %cmpi/e 0, 0, 32;
    %jmp/0xz  T_24.2, 4;
    %pushi/vec4 107, 0, 8; draw_string_vec4
    %store/vec4 v0x5606ef8ae130_0, 0, 8;
    %jmp T_24.3;
T_24.2 ;
    %pushi/vec4 103, 0, 8; draw_string_vec4
    %store/vec4 v0x5606ef8ae130_0, 0, 8;
T_24.3 ;
    %jmp T_24.1;
T_24.0 ;
    %pushi/vec4 112, 0, 8; draw_string_vec4
    %store/vec4 v0x5606ef8ae130_0, 0, 8;
T_24.1 ;
    %jmp T_24;
    .thread T_24, $push;
    .scope S_0x5606ef8ae2a0;
T_25 ;
    %wait E_0x5606ef8ae4c0;
    %load/vec4 v0x5606ef8ae540_0;
    %load/vec4 v0x5606ef8ae620_0;
    %cmp/e;
    %jmp/0xz  T_25.0, 4;
    %load/vec4 v0x5606ef8ae540_0;
    %pad/u 32;
    %cmpi/e 0, 0, 32;
    %jmp/0xz  T_25.2, 4;
    %pushi/vec4 107, 0, 8; draw_string_vec4
    %store/vec4 v0x5606ef8ae6e0_0, 0, 8;
    %jmp T_25.3;
T_25.2 ;
    %pushi/vec4 103, 0, 8; draw_string_vec4
    %store/vec4 v0x5606ef8ae6e0_0, 0, 8;
T_25.3 ;
    %jmp T_25.1;
T_25.0 ;
    %pushi/vec4 112, 0, 8; draw_string_vec4
    %store/vec4 v0x5606ef8ae6e0_0, 0, 8;
T_25.1 ;
    %jmp T_25;
    .thread T_25, $push;
    .scope S_0x5606ef8ae850;
T_26 ;
    %wait E_0x5606ef8aeaa0;
    %load/vec4 v0x5606ef8aeb00_0;
    %load/vec4 v0x5606ef8aebe0_0;
    %cmp/e;
    %jmp/0xz  T_26.0, 4;
    %load/vec4 v0x5606ef8aeb00_0;
    %pad/u 32;
    %cmpi/e 0, 0, 32;
    %jmp/0xz  T_26.2, 4;
    %pushi/vec4 107, 0, 8; draw_string_vec4
    %store/vec4 v0x5606ef8aeca0_0, 0, 8;
    %jmp T_26.3;
T_26.2 ;
    %pushi/vec4 103, 0, 8; draw_string_vec4
    %store/vec4 v0x5606ef8aeca0_0, 0, 8;
T_26.3 ;
    %jmp T_26.1;
T_26.0 ;
    %pushi/vec4 112, 0, 8; draw_string_vec4
    %store/vec4 v0x5606ef8aeca0_0, 0, 8;
T_26.1 ;
    %jmp T_26;
    .thread T_26, $push;
    .scope S_0x5606ef8aee10;
T_27 ;
    %wait E_0x5606ef8af030;
    %load/vec4 v0x5606ef8af0b0_0;
    %load/vec4 v0x5606ef8af190_0;
    %cmp/e;
    %jmp/0xz  T_27.0, 4;
    %load/vec4 v0x5606ef8af0b0_0;
    %pad/u 32;
    %cmpi/e 0, 0, 32;
    %jmp/0xz  T_27.2, 4;
    %pushi/vec4 107, 0, 8; draw_string_vec4
    %store/vec4 v0x5606ef8af250_0, 0, 8;
    %jmp T_27.3;
T_27.2 ;
    %pushi/vec4 103, 0, 8; draw_string_vec4
    %store/vec4 v0x5606ef8af250_0, 0, 8;
T_27.3 ;
    %jmp T_27.1;
T_27.0 ;
    %pushi/vec4 112, 0, 8; draw_string_vec4
    %store/vec4 v0x5606ef8af250_0, 0, 8;
T_27.1 ;
    %jmp T_27;
    .thread T_27, $push;
    .scope S_0x5606ef8af3c0;
T_28 ;
    %wait E_0x5606ef8af630;
    %load/vec4 v0x5606ef8af6b0_0;
    %load/vec4 v0x5606ef8af790_0;
    %cmp/e;
    %jmp/0xz  T_28.0, 4;
    %load/vec4 v0x5606ef8af6b0_0;
    %pad/u 32;
    %cmpi/e 0, 0, 32;
    %jmp/0xz  T_28.2, 4;
    %pushi/vec4 107, 0, 8; draw_string_vec4
    %store/vec4 v0x5606ef8af850_0, 0, 8;
    %jmp T_28.3;
T_28.2 ;
    %pushi/vec4 103, 0, 8; draw_string_vec4
    %store/vec4 v0x5606ef8af850_0, 0, 8;
T_28.3 ;
    %jmp T_28.1;
T_28.0 ;
    %pushi/vec4 112, 0, 8; draw_string_vec4
    %store/vec4 v0x5606ef8af850_0, 0, 8;
T_28.1 ;
    %jmp T_28;
    .thread T_28, $push;
    .scope S_0x5606ef8af990;
T_29 ;
    %wait E_0x5606ef8afbb0;
    %load/vec4 v0x5606ef8afc30_0;
    %load/vec4 v0x5606ef8afd10_0;
    %cmp/e;
    %jmp/0xz  T_29.0, 4;
    %load/vec4 v0x5606ef8afc30_0;
    %pad/u 32;
    %cmpi/e 0, 0, 32;
    %jmp/0xz  T_29.2, 4;
    %pushi/vec4 107, 0, 8; draw_string_vec4
    %store/vec4 v0x5606ef8afdd0_0, 0, 8;
    %jmp T_29.3;
T_29.2 ;
    %pushi/vec4 103, 0, 8; draw_string_vec4
    %store/vec4 v0x5606ef8afdd0_0, 0, 8;
T_29.3 ;
    %jmp T_29.1;
T_29.0 ;
    %pushi/vec4 112, 0, 8; draw_string_vec4
    %store/vec4 v0x5606ef8afdd0_0, 0, 8;
T_29.1 ;
    %jmp T_29;
    .thread T_29, $push;
    .scope S_0x5606ef8aff40;
T_30 ;
    %wait E_0x5606ef8b0160;
    %load/vec4 v0x5606ef8b01e0_0;
    %load/vec4 v0x5606ef8b02c0_0;
    %cmp/e;
    %jmp/0xz  T_30.0, 4;
    %load/vec4 v0x5606ef8b01e0_0;
    %pad/u 32;
    %cmpi/e 0, 0, 32;
    %jmp/0xz  T_30.2, 4;
    %pushi/vec4 107, 0, 8; draw_string_vec4
    %store/vec4 v0x5606ef8b0380_0, 0, 8;
    %jmp T_30.3;
T_30.2 ;
    %pushi/vec4 103, 0, 8; draw_string_vec4
    %store/vec4 v0x5606ef8b0380_0, 0, 8;
T_30.3 ;
    %jmp T_30.1;
T_30.0 ;
    %pushi/vec4 112, 0, 8; draw_string_vec4
    %store/vec4 v0x5606ef8b0380_0, 0, 8;
T_30.1 ;
    %jmp T_30;
    .thread T_30, $push;
    .scope S_0x5606ef8b04f0;
T_31 ;
    %wait E_0x5606ef8b0710;
    %load/vec4 v0x5606ef8b0790_0;
    %load/vec4 v0x5606ef8b0870_0;
    %cmp/e;
    %jmp/0xz  T_31.0, 4;
    %load/vec4 v0x5606ef8b0790_0;
    %pad/u 32;
    %cmpi/e 0, 0, 32;
    %jmp/0xz  T_31.2, 4;
    %pushi/vec4 107, 0, 8; draw_string_vec4
    %store/vec4 v0x5606ef8b0930_0, 0, 8;
    %jmp T_31.3;
T_31.2 ;
    %pushi/vec4 103, 0, 8; draw_string_vec4
    %store/vec4 v0x5606ef8b0930_0, 0, 8;
T_31.3 ;
    %jmp T_31.1;
T_31.0 ;
    %pushi/vec4 112, 0, 8; draw_string_vec4
    %store/vec4 v0x5606ef8b0930_0, 0, 8;
T_31.1 ;
    %jmp T_31;
    .thread T_31, $push;
    .scope S_0x5606ef8b0de0;
T_32 ;
    %pushi/vec4 0, 0, 32;
    %store/vec4 v0x5606ef8b11d0_0, 0, 32;
    %pushi/vec4 32, 0, 32;
    %store/vec4 v0x5606ef8b12b0_0, 0, 32;
    %end;
    .thread T_32;
    .scope S_0x5606ef8b0de0;
T_33 ;
    %wait E_0x5606ef8b1040;
    %pushi/vec4 0, 0, 32;
    %store/vec4 v0x5606ef8b10d0_0, 0, 32;
T_33.0 ;
    %load/vec4 v0x5606ef8b10d0_0;
    %load/vec4 v0x5606ef8b12b0_0;
    %cmp/s;
    %jmp/0xz T_33.1, 5;
    %load/vec4 v0x5606ef8b1370_0;
    %load/vec4 v0x5606ef8b10d0_0;
    %pad/s 35;
    %muli 8, 0, 35;
    %part/s 8;
    %load/vec4 v0x5606ef8b10d0_0;
    %pad/s 35;
    %muli 8, 0, 35;
    %ix/vec4/s 4;
    %store/vec4 v0x5606ef8b1460_0, 4, 8;
    %load/vec4 v0x5606ef8b10d0_0;
    %pushi/vec4 1, 0, 32;
    %add;
    %store/vec4 v0x5606ef8b10d0_0, 0, 32;
    %jmp T_33.0;
T_33.1 ;
    %pushi/vec4 0, 0, 32;
    %store/vec4 v0x5606ef8b11d0_0, 0, 32;
T_33.2 ;
    %load/vec4 v0x5606ef8b11d0_0;
    %cmpi/s 5, 0, 32;
    %jmp/0xz T_33.3, 5;
    %pushi/vec4 31, 0, 32;
    %store/vec4 v0x5606ef8b10d0_0, 0, 32;
T_33.4 ;
    %pushi/vec4 0, 0, 32;
    %load/vec4 v0x5606ef8b10d0_0;
    %pushi/vec4 2, 0, 32;
    %load/vec4 v0x5606ef8b11d0_0;
    %pow/s;
    %sub;
    %cmp/s;
    %flag_or 5, 4;
    %jmp/0xz T_33.5, 5;
    %load/vec4 v0x5606ef8b1460_0;
    %load/vec4 v0x5606ef8b10d0_0;
    %pad/s 35;
    %muli 8, 0, 35;
    %part/s 8;
    %pushi/vec4 107, 0, 8; draw_string_vec4
    %cmp/e;
    %jmp/0xz  T_33.6, 4;
    %pushi/vec4 107, 0, 8; draw_string_vec4
    %load/vec4 v0x5606ef8b10d0_0;
    %pad/s 35;
    %muli 8, 0, 35;
    %ix/vec4/s 4;
    %store/vec4 v0x5606ef8b1460_0, 4, 8;
    %jmp T_33.7;
T_33.6 ;
    %load/vec4 v0x5606ef8b1460_0;
    %load/vec4 v0x5606ef8b10d0_0;
    %pad/s 35;
    %muli 8, 0, 35;
    %part/s 8;
    %pushi/vec4 112, 0, 8; draw_string_vec4
    %cmp/e;
    %jmp/0xz  T_33.8, 4;
    %load/vec4 v0x5606ef8b1460_0;
    %load/vec4 v0x5606ef8b10d0_0;
    %pushi/vec4 2, 0, 32;
    %load/vec4 v0x5606ef8b11d0_0;
    %pow/s;
    %sub;
    %pad/s 35;
    %muli 8, 0, 35;
    %part/s 8;
    %pushi/vec4 107, 0, 8; draw_string_vec4
    %cmp/e;
    %jmp/0xz  T_33.10, 4;
    %pushi/vec4 107, 0, 8; draw_string_vec4
    %load/vec4 v0x5606ef8b10d0_0;
    %pad/s 35;
    %muli 8, 0, 35;
    %ix/vec4/s 4;
    %store/vec4 v0x5606ef8b1460_0, 4, 8;
    %jmp T_33.11;
T_33.10 ;
    %load/vec4 v0x5606ef8b1460_0;
    %load/vec4 v0x5606ef8b10d0_0;
    %pushi/vec4 2, 0, 32;
    %load/vec4 v0x5606ef8b11d0_0;
    %pow/s;
    %sub;
    %pad/s 35;
    %muli 8, 0, 35;
    %part/s 8;
    %pushi/vec4 112, 0, 8; draw_string_vec4
    %cmp/e;
    %jmp/0xz  T_33.12, 4;
    %pushi/vec4 112, 0, 8; draw_string_vec4
    %load/vec4 v0x5606ef8b10d0_0;
    %pad/s 35;
    %muli 8, 0, 35;
    %ix/vec4/s 4;
    %store/vec4 v0x5606ef8b1460_0, 4, 8;
    %jmp T_33.13;
T_33.12 ;
    %pushi/vec4 103, 0, 8; draw_string_vec4
    %load/vec4 v0x5606ef8b10d0_0;
    %pad/s 35;
    %muli 8, 0, 35;
    %ix/vec4/s 4;
    %store/vec4 v0x5606ef8b1460_0, 4, 8;
T_33.13 ;
T_33.11 ;
    %jmp T_33.9;
T_33.8 ;
    %pushi/vec4 103, 0, 8; draw_string_vec4
    %load/vec4 v0x5606ef8b10d0_0;
    %pad/s 35;
    %muli 8, 0, 35;
    %ix/vec4/s 4;
    %store/vec4 v0x5606ef8b1460_0, 4, 8;
T_33.9 ;
T_33.7 ;
    %load/vec4 v0x5606ef8b10d0_0;
    %subi 1, 0, 32;
    %store/vec4 v0x5606ef8b10d0_0, 0, 32;
    %jmp T_33.4;
T_33.5 ;
    %load/vec4 v0x5606ef8b11d0_0;
    %pushi/vec4 1, 0, 32;
    %add;
    %store/vec4 v0x5606ef8b11d0_0, 0, 32;
    %jmp T_33.2;
T_33.3 ;
    %jmp T_33;
    .thread T_33, $push;
    .scope S_0x5606ef87d840;
T_34 ;
    %pushi/vec4 0, 0, 32;
    %store/vec4 v0x5606ef8b1880_0, 0, 32;
    %end;
    .thread T_34;
    .scope S_0x5606ef87d840;
T_35 ;
    %wait E_0x5606ef84d7e0;
    %load/vec4 v0x5606ef8b1a90_0;
    %parti/s 8, 256, 10;
    %pushi/vec4 112, 0, 8; draw_string_vec4
    %cmp/e;
    %jmp/0xz  T_35.0, 4;
    %load/vec4 v0x5606ef8b1d10_0;
    %parti/s 8, 248, 9;
    %pushi/vec4 103, 0, 8; draw_string_vec4
    %cmp/e;
    %jmp/0xz  T_35.2, 4;
    %pushi/vec4 103, 0, 8; draw_string_vec4
    %store/vec4 v0x5606ef8b1e10_0, 0, 8;
    %jmp T_35.3;
T_35.2 ;
    %pushi/vec4 107, 0, 8; draw_string_vec4
    %store/vec4 v0x5606ef8b1e10_0, 0, 8;
T_35.3 ;
    %jmp T_35.1;
T_35.0 ;
    %load/vec4 v0x5606ef8b1a90_0;
    %parti/s 8, 256, 10;
    %store/vec4 v0x5606ef8b1e10_0, 0, 8;
T_35.1 ;
    %pushi/vec4 0, 0, 32;
    %store/vec4 v0x5606ef8b1880_0, 0, 32;
T_35.4 ;
    %load/vec4 v0x5606ef8b1880_0;
    %cmpi/s 32, 0, 32;
    %jmp/0xz T_35.5, 5;
    %load/vec4 v0x5606ef8b1d10_0;
    %load/vec4 v0x5606ef8b1880_0;
    %pad/s 35;
    %muli 8, 0, 35;
    %part/s 8;
    %pushi/vec4 107, 0, 8; draw_string_vec4
    %cmp/e;
    %jmp/0xz  T_35.6, 4;
    %load/vec4 v0x5606ef8b16b0_0;
    %load/vec4 v0x5606ef8b1880_0;
    %part/s 1;
    %load/vec4 v0x5606ef8b1790_0;
    %load/vec4 v0x5606ef8b1880_0;
    %part/s 1;
    %xor;
    %pushi/vec4 0, 0, 1;
    %xor;
    %ix/getv/s 4, v0x5606ef8b1880_0;
    %store/vec4 v0x5606ef8b1960_0, 4, 1;
    %jmp T_35.7;
T_35.6 ;
    %load/vec4 v0x5606ef8b16b0_0;
    %load/vec4 v0x5606ef8b1880_0;
    %part/s 1;
    %pad/u 2;
    %load/vec4 v0x5606ef8b1790_0;
    %load/vec4 v0x5606ef8b1880_0;
    %part/s 1;
    %pad/u 2;
    %xor;
    %pushi/vec4 1, 0, 2;
    %xor;
    %pad/u 1;
    %ix/getv/s 4, v0x5606ef8b1880_0;
    %store/vec4 v0x5606ef8b1960_0, 4, 1;
T_35.7 ;
    %load/vec4 v0x5606ef8b1880_0;
    %addi 1, 0, 32;
    %store/vec4 v0x5606ef8b1880_0, 0, 32;
    %jmp T_35.4;
T_35.5 ;
    %jmp T_35;
    .thread T_35, $push;
    .scope S_0x5606ef87ea80;
T_36 ;
    %pushi/vec4 107, 0, 8; draw_string_vec4
    %store/vec4 v0x5606ef8b2250_0, 0, 8;
    %pushi/vec4 36865, 0, 32;
    %store/vec4 v0x5606ef8b1fa0_0, 0, 32;
    %pushi/vec4 33023, 0, 32;
    %store/vec4 v0x5606ef8b2080_0, 0, 32;
    %delay 5, 0;
    %pushi/vec4 107, 0, 8; draw_string_vec4
    %store/vec4 v0x5606ef8b2250_0, 0, 8;
    %pushi/vec4 36865, 0, 32;
    %store/vec4 v0x5606ef8b1fa0_0, 0, 32;
    %pushi/vec4 4294930432, 0, 32;
    %store/vec4 v0x5606ef8b2080_0, 0, 32;
    %delay 5, 0;
    %pushi/vec4 107, 0, 8; draw_string_vec4
    %store/vec4 v0x5606ef8b2250_0, 0, 8;
    %pushi/vec4 1, 0, 32;
    %store/vec4 v0x5606ef8b1fa0_0, 0, 32;
    %pushi/vec4 4294967294, 0, 32;
    %store/vec4 v0x5606ef8b2080_0, 0, 32;
    %end;
    .thread T_36;
    .scope S_0x5606ef87ea80;
T_37 ;
    %vpi_call 2 19 "$monitor", $time, "\011a = %b (%0d)  b = %b (%0d)  s = %b (%0d)  xout = %s\011", v0x5606ef8b1fa0_0, v0x5606ef8b1fa0_0, v0x5606ef8b2080_0, v0x5606ef8b2080_0, v0x5606ef8b2150_0, v0x5606ef8b2150_0, v0x5606ef8b2320_0 {0 0 0};
    %vpi_call 2 20 "$dumpfile", "32_RDA.vcd" {0 0 0};
    %vpi_call 2 21 "$dumpvars" {0 0 0};
    %end;
    .thread T_37;
# The file index is used to find the file name in the following table.
:file_names 7;
    "N/A";
    "<interactive>";
    "32bit_RDA_tb.v";
    "./32bit_RDA.v";
    "./kpg_gen.v";
    "./kpg.v";
    "./ppc.v";
