Release 14.7 - xst P.20131013 (lin64)
Copyright (c) 1995-2013 Xilinx, Inc.  All rights reserved.
--> 
Parameter TMPDIR set to xst/projnav.tmp


Total REAL time to Xst completion: 1.00 secs
Total CPU time to Xst completion: 0.10 secs
 
--> 
Parameter xsthdpdir set to xst


Total REAL time to Xst completion: 1.00 secs
Total CPU time to Xst completion: 0.11 secs
 
--> 
Reading design: multiplier.prj

TABLE OF CONTENTS
  1) Synthesis Options Summary
  2) HDL Parsing
  3) HDL Elaboration
  4) HDL Synthesis
       4.1) HDL Synthesis Report
  5) Advanced HDL Synthesis
       5.1) Advanced HDL Synthesis Report
  6) Low Level Synthesis
  7) Partition Report
  8) Design Summary
       8.1) Primitive and Black Box Usage
       8.2) Device utilization summary
       8.3) Partition Resource Summary
       8.4) Timing Report
            8.4.1) Clock Information
            8.4.2) Asynchronous Control Signals Information
            8.4.3) Timing Summary
            8.4.4) Timing Details
            8.4.5) Cross Clock Domains Report


=========================================================================
*                      Synthesis Options Summary                        *
=========================================================================
---- Source Parameters
Input File Name                    : "multiplier.prj"
Ignore Synthesis Constraint File   : NO

---- Target Parameters
Output File Name                   : "multiplier"
Output Format                      : NGC
Target Device                      : xc7vx330t-3-ffg1157

---- Source Options
Top Module Name                    : multiplier
Automatic FSM Extraction           : YES
FSM Encoding Algorithm             : Auto
Safe Implementation                : No
FSM Style                          : LUT
RAM Extraction                     : Yes
RAM Style                          : Auto
ROM Extraction                     : Yes
Shift Register Extraction          : YES
ROM Style                          : Auto
Resource Sharing                   : YES
Asynchronous To Synchronous        : NO
Shift Register Minimum Size        : 2
Use DSP Block                      : Auto
Automatic Register Balancing       : No

---- Target Options
LUT Combining                      : Auto
Reduce Control Sets                : Auto
Add IO Buffers                     : YES
Global Maximum Fanout              : 100000
Add Generic Clock Buffer(BUFG)     : 32
Register Duplication               : YES
Optimize Instantiated Primitives   : NO
Use Clock Enable                   : Auto
Use Synchronous Set                : Auto
Use Synchronous Reset              : Auto
Pack IO Registers into IOBs        : Auto
Equivalent register Removal        : YES

---- General Options
Optimization Goal                  : Speed
Optimization Effort                : 1
Power Reduction                    : NO
Keep Hierarchy                     : No
Netlist Hierarchy                  : As_Optimized
RTL Output                         : Yes
Global Optimization                : AllClockNets
Read Cores                         : YES
Write Timing Constraints           : NO
Cross Clock Analysis               : NO
Hierarchy Separator                : /
Bus Delimiter                      : <>
Case Specifier                     : Maintain
Slice Utilization Ratio            : 100
BRAM Utilization Ratio             : 100
DSP48 Utilization Ratio            : 100
Auto BRAM Packing                  : NO
Slice Utilization Ratio Delta      : 5

=========================================================================


=========================================================================
*                          HDL Parsing                                  *
=========================================================================
Analyzing Verilog file "/home/pav/CS/VLSI/iVerilog/16 Bit Array Multiplier/16ar_mul.v" into library work
Parsing verilog file "/home/pav/CS/VLSI/iVerilog/16 Bit Array Multiplier/adders.v" included at line 1.
Parsing verilog file "/home/pav/CS/VLSI/iVerilog/16 Bit Array Multiplier/famodule.v" included at line 1.
Parsing verilog file "/home/pav/CS/VLSI/iVerilog/16 Bit Array Multiplier/fullAdder.v" included at line 1.
Parsing module <fullAdder>.
Parsing module <famodule>.
Parsing module <adderset>.
Parsing module <multiplier>.

=========================================================================
*                            HDL Elaboration                            *
=========================================================================

Elaborating module <multiplier>.

Elaborating module <adderset>.

Elaborating module <famodule>.

Elaborating module <fullAdder>.

=========================================================================
*                           HDL Synthesis                               *
=========================================================================

Synthesizing Unit <multiplier>.
    Related source file is "/home/pav/CS/VLSI/iVerilog/16 Bit Array Multiplier/16ar_mul.v".
    Summary:
	no macro.
Unit <multiplier> synthesized.

Synthesizing Unit <adderset>.
    Related source file is "/home/pav/CS/VLSI/iVerilog/16 Bit Array Multiplier/adders.v".
WARNING:Xst:647 - Input <sum_in<0:0>> is never used. This port will be preserved and left unconnected if it belongs to a top-level block or it belongs to a sub-block and the hierarchy of this sub-block is preserved.
    Summary:
	no macro.
Unit <adderset> synthesized.

Synthesizing Unit <famodule>.
    Related source file is "/home/pav/CS/VLSI/iVerilog/16 Bit Array Multiplier/famodule.v".
    Summary:
	no macro.
Unit <famodule> synthesized.

Synthesizing Unit <fullAdder>.
    Related source file is "/home/pav/CS/VLSI/iVerilog/16 Bit Array Multiplier/fullAdder.v".
    Summary:
Unit <fullAdder> synthesized.

=========================================================================
HDL Synthesis Report

Macro Statistics
# Xors                                                 : 512
 1-bit xor2                                            : 512

=========================================================================

=========================================================================
*                       Advanced HDL Synthesis                          *
=========================================================================


=========================================================================
Advanced HDL Synthesis Report

Macro Statistics
# Xors                                                 : 512
 1-bit xor2                                            : 512

=========================================================================

=========================================================================
*                         Low Level Synthesis                           *
=========================================================================

Optimizing unit <multiplier> ...

Optimizing unit <adderset> ...

Mapping all equations...
Building and optimizing final netlist ...
Found area constraint ratio of 100 (+ 5) on block multiplier, actual ratio is 0.

Final Macro Processing ...

=========================================================================
Final Register Report

Found no macro
=========================================================================

=========================================================================
*                           Partition Report                            *
=========================================================================

Partition Implementation Status
-------------------------------

  No Partitions were found in this design.

-------------------------------

=========================================================================
*                            Design Summary                             *
=========================================================================

Top Level Output File Name         : multiplier.ngc

Primitive and Black Box Usage:
------------------------------
# BELS                             : 376
#      GND                         : 1
#      LUT2                        : 15
#      LUT4                        : 99
#      LUT5                        : 38
#      LUT6                        : 223
# IO Buffers                       : 65
#      IBUF                        : 32
#      OBUF                        : 33

Device utilization summary:
---------------------------

Selected Device : 7vx330tffg1157-3 


Slice Logic Utilization: 
 Number of Slice LUTs:                  375  out of  204000     0%  
    Number used as Logic:               375  out of  204000     0%  

Slice Logic Distribution: 
 Number of LUT Flip Flop pairs used:    375
   Number with an unused Flip Flop:     375  out of    375   100%  
   Number with an unused LUT:             0  out of    375     0%  
   Number of fully used LUT-FF pairs:     0  out of    375     0%  
   Number of unique control sets:         0

IO Utilization: 
 Number of IOs:                          65
 Number of bonded IOBs:                  65  out of    600    10%  

Specific Feature Utilization:

---------------------------
Partition Resource Summary:
---------------------------

  No Partitions were found in this design.

---------------------------


=========================================================================
Timing Report

NOTE: THESE TIMING NUMBERS ARE ONLY A SYNTHESIS ESTIMATE.
      FOR ACCURATE TIMING INFORMATION PLEASE REFER TO THE TRACE REPORT
      GENERATED AFTER PLACE-and-ROUTE.

Clock Information:
------------------
No clock signals found in this design

Asynchronous Control Signals Information:
----------------------------------------
No asynchronous control signals found in this design

Timing Summary:
---------------
Speed Grade: -3

   Minimum period: No path found
   Minimum input arrival time before clock: No path found
   Maximum output required time after clock: No path found
   Maximum combinational path delay: 19.070ns

Timing Details:
---------------
All values displayed in nanoseconds (ns)

=========================================================================
Timing constraint: Default path analysis
  Total number of paths / destination ports: 1866346314840 / 32
-------------------------------------------------------------------------
Delay:               19.070ns (Levels of Logic = 38)
  Source:            b<0> (PAD)
  Destination:       c<31> (PAD)

  Data Path: b<0> to c<31>
                                Gate     Net
    Cell:in->out      fanout   Delay   Delay  Logical Name (Net Name)
    ----------------------------------------  ------------
     IBUF:I->O            27   0.000   0.648  b_0_IBUF (b_0_IBUF)
     LUT5:I0->O            2   0.043   0.555  a1/f1/fa_0/ca1 (a1/ca_in<1>)
     LUT6:I0->O            3   0.043   0.560  a1/f3/fa_0/ca1 (a1/ca_in<3>)
     LUT6:I0->O            3   0.043   0.560  a1/f5/fa_0/ca1 (a1/ca_in<5>)
     LUT6:I0->O            3   0.043   0.560  a1/f7/fa_0/ca1 (a1/ca_in<7>)
     LUT6:I0->O            3   0.043   0.560  a1/f9/fa_0/ca1 (a1/ca_in<9>)
     LUT6:I0->O            3   0.043   0.560  a1/f11/fa_0/ca1 (a1/ca_in<11>)
     LUT6:I0->O            3   0.043   0.438  a1/f13/fa_0/ca1 (a1/ca_in<13>)
     LUT5:I2->O            2   0.043   0.547  a1/f14/fa_0/Mxor_sum_xo<0>1 (sum2<14>)
     LUT6:I1->O            3   0.043   0.353  a2/f13/fa_0/ca1 (a2/ca_in<13>)
     LUT4:I2->O            2   0.043   0.547  a2/f14/fa_0/Mxor_sum_xo<0>1 (sum3<14>)
     LUT6:I1->O            3   0.043   0.353  a3/f13/fa_0/ca1 (a3/ca_in<13>)
     LUT4:I2->O            2   0.043   0.547  a3/f14/fa_0/Mxor_sum_xo<0>1 (sum4<14>)
     LUT6:I1->O            3   0.043   0.353  a4/f13/fa_0/ca1 (a4/ca_in<13>)
     LUT4:I2->O            2   0.043   0.547  a4/f14/fa_0/Mxor_sum_xo<0>1 (sum5<14>)
     LUT6:I1->O            3   0.043   0.353  a5/f13/fa_0/ca1 (a5/ca_in<13>)
     LUT4:I2->O            2   0.043   0.547  a5/f14/fa_0/Mxor_sum_xo<0>1 (sum6<14>)
     LUT6:I1->O            3   0.043   0.353  a6/f13/fa_0/ca1 (a6/ca_in<13>)
     LUT4:I2->O            2   0.043   0.547  a6/f14/fa_0/Mxor_sum_xo<0>1 (sum7<14>)
     LUT6:I1->O            3   0.043   0.353  a7/f13/fa_0/ca1 (a7/ca_in<13>)
     LUT4:I2->O            2   0.043   0.547  a7/f14/fa_0/Mxor_sum_xo<0>1 (sum8<14>)
     LUT6:I1->O            3   0.043   0.353  a8/f13/fa_0/ca1 (a8/ca_in<13>)
     LUT4:I2->O            2   0.043   0.547  a8/f14/fa_0/Mxor_sum_xo<0>1 (sum9<14>)
     LUT6:I1->O            3   0.043   0.353  a9/f13/fa_0/ca1 (a9/ca_in<13>)
     LUT4:I2->O            2   0.043   0.547  a9/f14/fa_0/Mxor_sum_xo<0>1 (sum10<14>)
     LUT6:I1->O            3   0.043   0.353  a10/f13/fa_0/ca1 (a10/ca_in<13>)
     LUT4:I2->O            2   0.043   0.547  a10/f14/fa_0/Mxor_sum_xo<0>1 (sum11<14>)
     LUT6:I1->O            3   0.043   0.353  a11/f13/fa_0/ca1 (a11/ca_in<13>)
     LUT4:I2->O            2   0.043   0.546  a11/f14/fa_0/Mxor_sum_xo<0>1 (sum12<14>)
     LUT6:I1->O            3   0.043   0.353  a12/f13/fa_0/ca1 (a12/ca_in<13>)
     LUT4:I2->O            2   0.043   0.546  a12/f14/fa_0/Mxor_sum_xo<0>1 (sum13<14>)
     LUT6:I1->O            3   0.043   0.353  a13/f13/fa_0/ca1 (a13/ca_in<13>)
     LUT4:I2->O            2   0.043   0.546  a13/f14/fa_0/Mxor_sum_xo<0>1 (sum14<14>)
     LUT6:I1->O            3   0.043   0.353  a14/f13/fa_0/ca1 (a14/ca_in<13>)
     LUT4:I2->O            2   0.043   0.546  a14/f14/fa_0/Mxor_sum_xo<0>1 (sum15<14>)
     LUT6:I1->O            3   0.043   0.560  a15/f13/fa_0/ca1 (a15/ca_in<13>)
     LUT6:I0->O            1   0.043   0.279  a15/f15/fa_0/ca1 (c_31_OBUF)
     OBUF:I->O                 0.000          c_31_OBUF (c<31>)
    ----------------------------------------
    Total                     19.070ns (1.548ns logic, 17.522ns route)
                                       (8.1% logic, 91.9% route)

=========================================================================

Cross Clock Domains Report:
--------------------------

=========================================================================


Total REAL time to Xst completion: 9.00 secs
Total CPU time to Xst completion: 6.93 secs
 
--> 


Total memory usage is 494856 kilobytes

Number of errors   :    0 (   0 filtered)
Number of warnings :    1 (   0 filtered)
Number of infos    :    0 (   0 filtered)

