#! /usr/bin/vvp
:ivl_version "10.3 (stable)";
:ivl_delay_selection "TYPICAL";
:vpi_time_precision + 0;
:vpi_module "system";
:vpi_module "vhdl_sys";
:vpi_module "v2005_math";
:vpi_module "va_math";
S_0x55728285b2b0 .scope module, "top" "top" 2 3;
 .timescale 0 0;
v0x55728286d5d0_0 .var "a", 7 0;
v0x55728286d6b0_0 .net "ep", 0 0, v0x55728286d330_0;  1 drivers
v0x55728286d750_0 .net "op", 0 0, v0x55728286d3f0_0;  1 drivers
v0x55728286d820_0 .net "parity", 0 0, L_0x55728286d8f0;  1 drivers
S_0x55728285b430 .scope module, "pgen_0" "pgen" 2 9, 3 1 0, S_0x55728285b2b0;
 .timescale 0 0;
    .port_info 0 /INPUT 8 "a"
    .port_info 1 /OUTPUT 1 "parity"
    .port_info 2 /OUTPUT 1 "ep"
    .port_info 3 /OUTPUT 1 "op"
v0x557282824070_0 .net "a", 7 0, v0x55728286d5d0_0;  1 drivers
v0x55728286d330_0 .var "ep", 0 0;
v0x55728286d3f0_0 .var "op", 0 0;
v0x55728286d490_0 .net "parity", 0 0, L_0x55728286d8f0;  alias, 1 drivers
E_0x557282859970 .event edge, v0x55728286d490_0;
L_0x55728286d8f0 .reduce/xor v0x55728286d5d0_0;
    .scope S_0x55728285b430;
T_0 ;
    %wait E_0x557282859970;
    %load/vec4 v0x55728286d490_0;
    %pad/u 32;
    %cmpi/e 0, 0, 32;
    %jmp/0xz  T_0.0, 4;
    %pushi/vec4 0, 0, 1;
    %store/vec4 v0x55728286d330_0, 0, 1;
    %pushi/vec4 1, 0, 1;
    %store/vec4 v0x55728286d3f0_0, 0, 1;
    %jmp T_0.1;
T_0.0 ;
    %pushi/vec4 1, 0, 1;
    %store/vec4 v0x55728286d330_0, 0, 1;
    %pushi/vec4 0, 0, 1;
    %store/vec4 v0x55728286d3f0_0, 0, 1;
T_0.1 ;
    %jmp T_0;
    .thread T_0, $push;
    .scope S_0x55728285b2b0;
T_1 ;
    %delay 5, 0;
    %pushi/vec4 5, 0, 8;
    %store/vec4 v0x55728286d5d0_0, 0, 8;
    %delay 5, 0;
    %pushi/vec4 120, 0, 8;
    %store/vec4 v0x55728286d5d0_0, 0, 8;
    %delay 5, 0;
    %pushi/vec4 121, 0, 8;
    %store/vec4 v0x55728286d5d0_0, 0, 8;
    %end;
    .thread T_1;
    .scope S_0x55728285b2b0;
T_2 ;
    %vpi_call 2 20 "$monitor", $time, "\011SelectInputs = %4b ---- Parity = %b ---- ep = %b ---- op = %b ", v0x55728286d5d0_0, v0x55728286d820_0, v0x55728286d6b0_0, v0x55728286d750_0 {0 0 0};
    %vpi_call 2 21 "$dumpfile", "pgen.vcd" {0 0 0};
    %vpi_call 2 22 "$dumpvars" {0 0 0};
    %end;
    .thread T_2;
# The file index is used to find the file name in the following table.
:file_names 4;
    "N/A";
    "<interactive>";
    "pgen_tb.v";
    "./pgen.v";
